 ******************************************************************************
 ******************************************************************************
 ***                                                                        ***
 ***                              PROGRAM deMon2k                           ***
 ***                                                                        ***
 ***                        (VERSION 6.0.2, Jul. 2018)                      ***
 ***                                                                        ***
 ***     COPYRIGHT (C) BY THE INTERNATIONAL DEMON DEVELOPERS COMMUNITY      ***
 ***                                                                        ***
 ***  AUTHORS: A.M. Koster, G. Geudtner, A. Alvarez-Ibarra, P. Calaminici,  ***
 ***           M.E. Casida, J. Carmona-Espindola, V. Dominguez, R. Flores-  ***
 ***           Moreno, G.U. Gamboa, A. Goursot, T. Heine, A. Ipatov, A. de  ***
 ***           la Lande, F. Janetzko, J.M. del Campo, L.G.M. Pettersson,    ***
 ***           D. Mejia-Rodriguez, J. Reveles, J. Vasquez-Perez, A. Vela,   ***
 ***           B. Zuniga-Gutierrez and D.R. Salahub                         ***
 ***                                                                        ***
 ******************************************************************************
 ******************************************************************************
                                                                                

 FIRST TIMING           DATE: WED DEC 08 20:10:20 2021  TOTAL TIME:       0.272
                                                                                

 INITIALIZATION                   STEP TIME:     0.029  TOTAL TIME:       0.301

 ******************************************************************************

 HFCC ON 6PU0 MD FRAME

 ******************************************************************************

 
 *** MOLECULAR SIMULATION DATA ***
 
 MOLECULAR CHARGE: -1
 NUMBER OF ATOMS: 39
 MOLECULAR SIMULATION TYPE: QM ONLY
 
 *** MOLECULAR QM DATA ***
 
 MULTIPLICITY: 2
 NUMBER OF QM ATOMS: 39
 NUMBER OF ELECTRONS: 167
 
 *** SCF OPTIONS ***
 
 SCF THEORY: UNRESTRICTED KOHN-SHAM (UKS)
 DIAGONALIZER: RS
 START GUESS: HUECKEL DENSITY
 SCF TOLERANCE: 0.100E-04
 POTENTIAL DENSITY: FITTED DENSITY
 NUMBER OF SCF ITERATIONS: 100
 DIIS ACCELERATION: ON
 LEVEL-SHIFT: ON (SHIFT VALUE = -0.100 HARTREE)
 XC-POTENTIAL: B3LYP - B3LYP
 GRID TECHNIQUE: ADAPTIVE
 GRID PRUNING: ON
 GRID METHOD: DIRECT
 GRID GENERATING FUNCTION: SCF
 GRID TOLERANCE: 0.100E-05
 ATOMIC WEIGHT FUNCTION: BECKE SCREENED
 RADIAL QUADRATURE TYPE: GAUSS-CHEBYSHEV
 SCF METHODE: MIXED & DOUBLE ASYMPTOTIC EXPANSION
 FREEZE AUXILIARY FUNCTIONS: OFF
 NUMERICAL FIT SOLVER: DIAGONAL SVD
 SVD THRESHOLD: 0.100E-05
 SCF SCREENING: 0.599E-12
 SYMMETRY USE: OFF
 ROTATION OF THE ANGULAR GRIDS: ON
 SCF PRINTING UNTIL CYCLE 0
 CARTESIAN ORBITALS WILL BE USED
 
 *** MAGNETIC PROPERTY OPTIONS ***
 
 CALCULATE EPR HYPERFINE COUPLING
 
 *** PRINT OPTIONS ***
 
 PRINT NMR DEBUG OUTPUT
 
 *** ACTIVATED INTERFACE PORTS ***
 
 FILE deMon.mol WILL BE WRITTEN
 
 
 *** GEOMETRY ***


 INPUT ORIENTATION IN ANGSTROM

  NO.  ATOM        X            Y            Z      Z-ATOM   MASS   TYPE OPTXYZ

    1  C        -2.806285     1.449136    -0.999426     6    12.011  QM       
    2  O        -2.857820     2.603477    -0.063089     8    15.999  QM       
    3  C        -2.585777     0.107378    -0.286975     6    12.011  QM       
    4  O        -2.450609    -0.986316    -1.243247     8    15.999  QM       
    5  C        -1.387400     0.059548     0.686868     6    12.011  QM       
    6  N         0.082603     2.277561    -0.035421     7    14.007  QM       
    7  C         0.667132     3.552602    -0.113880     6    12.011  QM       
    8  O         0.034165     4.574593    -0.202439     8    15.999  QM       
    9  N         2.045331     3.567608    -0.123781     7    14.007  QM       
   10  C         2.861969     2.500408    -0.191563     6    12.011  QM       
   11  C         2.216412     1.223003    -0.158712     6    12.011  QM       
   12  O         4.089514     2.630460    -0.300772     8    15.999  QM       
   13  C         2.152037    -1.146082    -0.020529     6    12.011  QM       
   14  N01       2.853006     0.012581    -0.008666     7    14.007  QM       
   15  C         2.887817    -2.302162     0.002590     6    12.011  QM       
   16  C         2.279208    -3.548493    -0.047165     6    12.011  QM       
   17  C         3.137867    -4.791062    -0.052346     6    12.011  QM       
   18  C         0.824252    -3.575122    -0.012398     6    12.011  QM       
   19  C         0.019187    -4.896170     0.275134     6    12.011  QM       
   20  C         0.098603    -2.393096    -0.152464     6    12.011  QM       
   21  C         0.755637    -1.154473    -0.098637     6    12.011  QM       
   22  C         0.760733     1.138289    -0.091972     6    12.011  QM       
   23  N02       0.000000     0.000000     0.000000     7    14.007  QM       
   24  H        -2.741892    -0.550206    -2.063104     1     1.008  QM       
   25  H        -1.926149     2.870194     0.029235     1     1.008  QM       
   26  H         2.400466     4.494530    -0.322171     1     1.008  QM       
   27  H08       3.965335    -2.180520     0.059348     1     1.008  QM       
   28  H        -0.953525    -2.530204     0.079472     1     1.008  QM       
   29  H        -3.774564     1.499056    -1.497464     1     1.008  QM       
   30  H04      -1.567618    -0.858295     1.260904     1     1.008  QM       
   31  H        -3.524827     0.000210     0.269406     1     1.008  QM       
   32  H        -1.971556     1.507237    -1.707387     1     1.008  QM       
   33  H071      3.342972    -5.076336     0.986984     1     1.008  QM       
   34  H072      4.076884    -4.593466    -0.583998     1     1.008  QM       
   35  H073      2.653841    -5.585334    -0.634105     1     1.008  QM       
   36  H061     -1.046728    -4.644385     0.223054     1     1.008  QM       
   37  H062      0.171633    -5.356352     1.259071     1     1.008  QM       
   38  H063      0.289236    -5.676885    -0.447141     1     1.008  QM       
   39  H03      -1.416239     0.925340     1.359663     1     1.008  QM       


 
 
 *** WARNING IN INPCHK ***
 
 *** START GUESS IS CALCULATED WITH VXCTYPE PBE AUXIS ***
 
 
 
 *** ERI STATISTIC ***
 
 Est. Integrated ERIs: 108963239
 Est. Asymptotic ERIS: 102186
                                                                                

 INPUT                            STEP TIME:     0.284  TOTAL TIME:       0.586
 
 *** THE INPUT ORIENTATION IS USED ***
 
 POINT GROUP: C1
 
 GROUP ORDER: 1


 STANDARD ORIENTATION IN ANGSTROM

  NO.  ATOM        X              Y              Z        Z-ATOM   MASS   TYPE

    1  C         2.043587      -3.099696       0.625562       6    12.011  QM
    2  O         3.154062      -2.864621      -0.335412       8    15.999  QM
    3  C         0.663363      -3.123980      -0.045941       6    12.011  QM
    4  O        -0.404246      -3.265861       0.938424       8    15.999  QM
    5  C         0.340969      -1.912953      -0.949402       6    12.011  QM
    6  N         2.233228      -0.056754      -0.190409       7    14.007  QM
    7  C         3.363674       0.772913      -0.104952       6    12.011  QM
    8  O         4.495746       0.360178      -0.073018       8    15.999  QM
    9  N         3.096930       2.122345      -0.017562       7    14.007  QM
   10  C         1.887996       2.697280       0.117850       6    12.011  QM
   11  C         0.769147       1.805156       0.074521       6    12.011  QM
   12  O         1.767730       3.918091       0.293530       8    15.999  QM
   13  C        -1.539897       1.261673      -0.018994       6    12.011  QM
   14  N01      -0.549956       2.185793      -0.014762       7    14.007  QM
   15  C        -2.822118       1.743940       0.022919       6    12.011  QM
   16  C        -3.915521       0.890099       0.063503       6    12.011  QM
   17  C        -5.306590       1.473201       0.142357       6    12.011  QM
   18  C        -3.645238      -0.535466      -0.052806       6    12.011  QM
   19  C        -4.782187      -1.579441      -0.358477       6    12.011  QM
   20  C        -2.336027      -1.008466       0.022064       6    12.011  QM
   21  C        -1.260192      -0.108680      -0.019695       6    12.011  QM
   22  C         0.981742       0.368563      -0.072565       6    12.011  QM
   23  N02       0.020687      -0.604462      -0.184233       7    14.007  QM
   24  H         0.107758      -3.502640       1.731513       1     1.008  QM
   25  H         3.221652      -1.894527      -0.380379       1     1.008  QM
   26  H         3.937449       2.650056       0.181720       1     1.008  QM
   27  H08      -2.925162       2.824885       0.024630       1     1.008  QM
   28  H        -2.262382      -2.053033      -0.266075       1     1.008  QM
   29  H         2.306027      -4.061120       1.067023       1     1.008  QM
   30  H04      -0.538236      -2.248665      -1.513962       1     1.008  QM
   31  H         0.732982      -4.035302      -0.652163       1     1.008  QM
   32  H         1.952053      -2.308166       1.378197       1     1.008  QM
   33  H071     -5.660303       1.668023      -0.877735       1     1.008  QM
   34  H072     -5.288508       2.404367       0.722058       1     1.008  QM
   35  H073     -5.966448       0.806976       0.711851       1     1.008  QM
   36  H061     -4.316310      -2.571945      -0.371777       1     1.008  QM
   37  H062     -5.294521      -1.474912      -1.322701       1     1.008  QM
   38  H063     -5.578515      -1.513132       0.393579       1     1.008  QM
   39  H03       1.172781      -1.728555      -1.640174       1     1.008  QM
                                                                                

 SYMMETRY ANALYSIS                STEP TIME:     0.000  TOTAL TIME:       0.588
 
 NUMBER OF TB ORBITALS: 131
                                                                                

 START GUESS                      STEP TIME:     3.572  TOTAL TIME:       4.163
 
 
 GENERAL BASIS SET: (DZVP-GGA)
 N01 BASIS SET: (EPR-III)
 N02 BASIS SET: (EPR-III)
 H08 BASIS SET: (EPR-III)
 H04 BASIS SET: (EPR-III)
 H071 BASIS SET: (EPR-III)
 H072 BASIS SET: (EPR-III)
 H073 BASIS SET: (EPR-III)
 H061 BASIS SET: (EPR-III)
 H062 BASIS SET: (EPR-III)
 H063 BASIS SET: (EPR-III)
 H03 BASIS SET: (EPR-III)
 
 NUMBER OF SHELLS: 227
 NUMBER OF ORBITALS: 502
 NUMBER OF PRIMITIVE GAUSSIAN EXPONENTS: 469
 
 
 GENERAL AUXIS SET: (GEN-A2)
 N01 AUXIS SET: (GEN-A2*)
 N02 AUXIS SET: (GEN-A2*)
 H08 AUXIS SET: (GEN-A2*)
 H04 AUXIS SET: (GEN-A2*)
 H071 AUXIS SET: (GEN-A2*)
 H072 AUXIS SET: (GEN-A2*)
 H073 AUXIS SET: (GEN-A2*)
 H061 AUXIS SET: (GEN-A2*)
 H062 AUXIS SET: (GEN-A2*)
 H063 AUXIS SET: (GEN-A2*)
 H03 AUXIS SET: (GEN-A2*)
 
 NUMBER OF AUXILIARY FUNCTION SETS: 238
 NUMBER OF AUXILIARY FUNCTION SHELLS: 436
 NUMBER OF AUXILIARY FUNCTION: 1225
 
 
 
 *** WARNING IN INVCDERI ***
 
 *** 11 COULOMB EIGENVALUES ARE QUENCHED ***
                                                                                

 MPI AUXILIARY FUNCTION FIT       STEP TIME:     0.435  TOTAL TIME:       4.771
                                                                                

 CORE INTEGRALS                   STEP TIME:     0.683  TOTAL TIME:       4.847
                                                                                

 NULLSPACE                        STEP TIME:     0.082  TOTAL TIME:       5.354
                                                                                

 NULLSPACE                        STEP TIME:     0.077  TOTAL TIME:       5.525
                                                                                

 ADAPTIVE GRID GENERATION         STEP TIME:     1.283  TOTAL TIME:       9.147

 CYCLE:    1    EUPPER =    -2911.925400718572    CDMIX =        0.300000000000
 CYCLE:    1    ELOWER =    -5388.667054816672    SHIFT =        0.000000000000
 CYCLE:    1    EXC    =     -148.353164551191    ERCDC =       50.491675495925
 CYCLE:    1    ETOTAL =    -3060.278565269763    ERROR =     2476.741654098100

 CYCLE:    2    EUPPER =    -2910.827205030706    CDMIX =        0.300000000000
 CYCLE:    2    ELOWER =    -2915.498549661831    SHIFT =        0.100000000000
 CYCLE:    2    EXC    =     -149.253342347283    ERCDC =        1.292286776254
 CYCLE:    2    ETOTAL =    -3060.080547377989    ERROR =        4.671344631125

 CYCLE:    3    EUPPER =    -2911.911286467018    CDMIX =        0.300000000000
 CYCLE:    3    ELOWER =    -2912.952978407060    SHIFT =        0.100000000000
 CYCLE:    3    EXC    =     -149.791909464560    ERCDC =        0.498300165802
 CYCLE:    3    ETOTAL =    -3061.703195931578    ERROR =        1.041691940041

 CYCLE:    4    EUPPER =    -2912.452598950121    CDMIX =        0.300000000000
 CYCLE:    4    ELOWER =    -2912.651422502287    SHIFT =        0.100000000000
 CYCLE:    4    EXC    =     -150.113751732900    ERCDC =        0.181722440991
 CYCLE:    4    ETOTAL =    -3062.566350683021    ERROR =        0.198823552166

 CYCLE:    5    EUPPER =    -2912.716924682602    CDMIX =        0.300000000000
 CYCLE:    5    ELOWER =    -2912.794270071011    SHIFT =        0.085070511820
 CYCLE:    5    EXC    =     -150.254557897869    ERCDC =        0.127607508018
 CYCLE:    5    ETOTAL =    -3062.971482580471    ERROR =        0.077345388409

 CYCLE:    6    EUPPER =    -2912.897664102225    CDMIX =        0.300000000000
 CYCLE:    6    ELOWER =    -2912.924281978313    SHIFT =        0.076344484552
 CYCLE:    6    EXC    =     -150.308566615304    ERCDC =        0.047174897543
 CYCLE:    6    ETOTAL =    -3063.206230717529    ERROR =        0.026617876088

 CYCLE:    7    EUPPER =    -2912.976577215789    CDMIX =        0.300000000000
 CYCLE:    7    ELOWER =    -2912.986966392541    SHIFT =        0.066485706451
 CYCLE:    7    EXC    =     -150.335978618385    ERCDC =        0.025828248781
 CYCLE:    7    ETOTAL =    -3063.312555834174    ERROR =        0.010389176752

 CYCLE:    8    EUPPER =    -2913.001410132585    CDMIX =        0.300000000000
 CYCLE:    8    ELOWER =    -2913.005954070099    SHIFT =        0.057790348456
 CYCLE:    8    EXC    =     -150.355330806577    ERCDC =        0.015967858537
 CYCLE:    8    ETOTAL =    -3063.356740939161    ERROR =        0.004543937514

 CYCLE:    9    EUPPER =    -2913.009129551805    CDMIX =        0.300000000000
 CYCLE:    9    ELOWER =    -2913.011165476360    SHIFT =        0.050147209978
 CYCLE:    9    EXC    =     -150.369108747356    ERCDC =        0.013713813199
 CYCLE:    9    ETOTAL =    -3063.378238299161    ERROR =        0.002035924555

 CYCLE:   10    EUPPER =    -2913.013086923930    CDMIX =        0.300000000000
 CYCLE:   10    ELOWER =    -2913.014024981858    SHIFT =        0.042727058967
 CYCLE:   10    EXC    =     -150.395383435549    EDIIS =        0.011788582685
 CYCLE:   10    ETOTAL =    -3063.408470359479    ERROR =        0.000938057928

 CYCLE:   11    EUPPER =    -2913.018865763621    CDMIX =        0.300000000000
 CYCLE:   11    ELOWER =    -2913.018925677224    SHIFT =        0.035565233681
 CYCLE:   11    EXC    =     -150.394514954849    EDIIS =        0.005862149081
 CYCLE:   11    ETOTAL =    -3063.413380718470    ERROR =        0.000059913602

 CYCLE:   12    EUPPER =    -2913.017507583806    CDMIX =        0.300000000000
 CYCLE:   12    ELOWER =    -2913.017510361819    SHIFT =        0.010140423048
 CYCLE:   12    EXC    =     -150.396014265775    EDIIS =        0.003484421001
 CYCLE:   12    ETOTAL =    -3063.413521849582    ERROR =        0.000002778013

 CYCLE:   13    EUPPER =    -2913.018480309544    CDMIX =        0.300000000000
 CYCLE:   13    ELOWER =    -2913.018481368060    SHIFT =        0.000000000000
 CYCLE:   13    EXC    =     -150.395945924377    EDIIS =        0.002347793543
 CYCLE:   13    ETOTAL =    -3063.414426233920    ERROR =        0.000001058516

 CYCLE:   14    EUPPER =    -2913.017805089445    CDMIX =        0.300000000000
 CYCLE:   14    ELOWER =    -2913.017805421640    SHIFT =        0.000000000000
 CYCLE:   14    EXC    =     -150.396196147152    EDIIS =        0.001392719652
 CYCLE:   14    ETOTAL =    -3063.414001236596    ERROR =        0.000000332196

 CYCLE:   15    EUPPER =    -2913.017807562047    CDMIX =        0.300000000000
 CYCLE:   15    ELOWER =    -2913.017807633862    SHIFT =        0.000000000000
 CYCLE:   15    EXC    =     -150.396343771627    EDIIS =        0.000905559576
 CYCLE:   15    ETOTAL =    -3063.414151333674    ERROR =        0.000000071815

 CYCLE:   16    EUPPER =    -2913.017619954312    CDMIX =        0.200000000000
 CYCLE:   16    ELOWER =    -2913.017620050242    SHIFT =        0.000000000000
 CYCLE:   16    EXC    =     -150.396471199447    EDIIS =        0.000419495174
 CYCLE:   16    ETOTAL =    -3063.414091153759    ERROR =        0.000000095930

 CYCLE:   17    EUPPER =    -2913.017760936194    CDMIX =        0.200000000000
 CYCLE:   17    ELOWER =    -2913.017760959703    SHIFT =        0.000000000000
 CYCLE:   17    EXC    =     -150.396445228417    ERCDC =        0.000470801108
 CYCLE:   17    ETOTAL =    -3063.414206164612    ERROR =        0.000000023509
 
 *** SCF CONVERGED ***
 
 
 RANDOMIZED SCF GRID GENERATED IN 4 CYCLES
 

 REFERENCE VALUE OF S**2 FOR PURE SPIN STATE S(S+1):    0.7500

 S**2 BEFORE SPIN PROJECTION:    0.7639
 S**2 AFTER SPIN PROJECTION:     0.7501


 ELECTRONIC CORE ENERGY      =      -5421.155342669
 ELECTRONIC COULOMB ENERGY   =       2508.138839759
 ELECTRONIC HARTREE ENERGY   =      -2913.016502910

 EXCHANGE ENERGY             =       -143.025325378
 CORRELATION ENERGY          =         -7.379865168
 EXCHANGE-CORRELATION ENERGY =       -150.405190546

 ELECTRONIC SCF ENERGY       =      -3063.421693455
 NUCLEAR-REPULSION ENERGY    =       1962.066011205
 TOTAL ENERGY                =      -1101.355682250
                                                                                

 SCF ITERATION                    STEP TIME:    56.512  TOTAL TIME:      64.169
 
 
 
 ***********************************************
 *** MOLECULAR MAGNETIC PROPERTY CALCULATION ***
 ***********************************************


 MOLECULE ORIENTATION FOR MAGNETIC PROPERTIES IN ANGSTROM

  NO.  ATOM        X              Y              Z        Z-ATOM   MASS   TYPE

    1  C        -2.806285       1.449136      -0.999426       6    12.011  QM
    2  O        -2.857820       2.603477      -0.063089       8    15.999  QM
    3  C        -2.585777       0.107378      -0.286975       6    12.011  QM
    4  O        -2.450609      -0.986316      -1.243247       8    15.999  QM
    5  C        -1.387400       0.059548       0.686868       6    12.011  QM
    6  N         0.082603       2.277561      -0.035421       7    14.007  QM
    7  C         0.667132       3.552602      -0.113880       6    12.011  QM
    8  O         0.034165       4.574593      -0.202439       8    15.999  QM
    9  N         2.045331       3.567608      -0.123781       7    14.007  QM
   10  C         2.861969       2.500408      -0.191563       6    12.011  QM
   11  C         2.216412       1.223003      -0.158712       6    12.011  QM
   12  O         4.089514       2.630460      -0.300772       8    15.999  QM
   13  C         2.152037      -1.146082      -0.020529       6    12.011  QM
   14  N01       2.853006       0.012581      -0.008666       7    14.007  QM
   15  C         2.887817      -2.302162       0.002590       6    12.011  QM
   16  C         2.279208      -3.548493      -0.047165       6    12.011  QM
   17  C         3.137867      -4.791062      -0.052346       6    12.011  QM
   18  C         0.824252      -3.575122      -0.012398       6    12.011  QM
   19  C         0.019187      -4.896170       0.275134       6    12.011  QM
   20  C         0.098603      -2.393096      -0.152464       6    12.011  QM
   21  C         0.755637      -1.154473      -0.098637       6    12.011  QM
   22  C         0.760733       1.138289      -0.091972       6    12.011  QM
   23  N02       0.000000       0.000000       0.000000       7    14.007  QM
   24  H        -2.741892      -0.550206      -2.063104       1     1.008  QM
   25  H        -1.926149       2.870194       0.029235       1     1.008  QM
   26  H         2.400466       4.494530      -0.322171       1     1.008  QM
   27  H08       3.965335      -2.180520       0.059348       1     1.008  QM
   28  H        -0.953525      -2.530204       0.079472       1     1.008  QM
   29  H        -3.774564       1.499056      -1.497464       1     1.008  QM
   30  H04      -1.567618      -0.858295       1.260904       1     1.008  QM
   31  H        -3.524827       0.000210       0.269406       1     1.008  QM
   32  H        -1.971556       1.507237      -1.707387       1     1.008  QM
   33  H071      3.342972      -5.076336       0.986984       1     1.008  QM
   34  H072      4.076884      -4.593466      -0.583998       1     1.008  QM
   35  H073      2.653841      -5.585334      -0.634105       1     1.008  QM
   36  H061     -1.046728      -4.644385       0.223054       1     1.008  QM
   37  H062      0.171633      -5.356352       1.259071       1     1.008  QM
   38  H063      0.289236      -5.676885      -0.447141       1     1.008  QM
   39  H03      -1.416239       0.925340       1.359663       1     1.008  QM


 *** ATOM 14 ( N01 ) ***

 RAW TENSOR (FC+SD+SOC-PSO and SD) [MHz]

           X            Y            Z                     X            Y            Z
 X      -1.0411      -0.6096      -7.3633        X     -18.6860      -0.6171      -7.3578
 Y      -0.6044      -1.2243       5.3582        Y      -0.6171     -18.9364       5.3612
 Z      -7.3661       5.3606      55.3244        Z      -7.3578       5.3612      37.6225
 

 HFC TENSOR (FC and SD) MHz]

           X            Y            Z                     X            Y            Z
 X      17.7053       0.0000       0.0000        X     -19.6549       0.0000       0.0000
 Y       0.0000      17.7053       0.0000        Y       0.0000     -19.4151       0.0000
 Z       0.0000       0.0000      17.7053        Z       0.0000       0.0000      39.0700
 
 HYPERFINE COUPLING CONSTANT FOR ATOM 14 ( N01 ) [MHz]
                        X           Y           Z
 FERMI-CONACT:        17.7053     17.7053     17.7053
 SPIN-DIPOLE :       -19.6549    -19.4151     39.0700
 SOC-PSO     :        -0.0604      0.0068     -0.0034     -0.0190
 A_ISOTROPIC:         17.6863


 *** ATOM 23 ( N02 ) ***

 RAW TENSOR (FC+SD+SOC-PSO and SD) [MHz]

           X            Y            Z                     X            Y            Z
 X       4.1317      -0.1037       4.7363        X      -3.0472      -0.1060       4.7326
 Y      -0.1073       2.2382      -0.4193        Y      -0.1060      -4.9334      -0.4193
 Z       4.7358      -0.4205      15.1673        Z       4.7326      -0.4193       7.9806
 

 HFC TENSOR (FC and SD) MHz]

           X            Y            Z                     X            Y            Z
 X       7.1886       0.0000       0.0000        X      -4.9594       0.0000       0.0000
 Y       0.0000       7.1886       0.0000        Y       0.0000      -4.7863       0.0000
 Z       0.0000       0.0000       7.1886        Z       0.0000       0.0000       9.7457
 
 HYPERFINE COUPLING CONSTANT FOR ATOM 23 ( N02 ) [MHz]
                        X           Y           Z
 FERMI-CONACT:         7.1886      7.1886      7.1886
 SPIN-DIPOLE :        -4.9594     -4.7863      9.7457
 SOC-PSO     :        -0.0097     -0.0170     -0.0020     -0.0096
 A_ISOTROPIC:          7.1791


 *** ATOM 27 ( H08 ) ***

 RAW TENSOR (FC+SD+SOC-PSO and SD) [MHz]

           X            Y            Z                     X            Y            Z
 X      -5.1711      -1.1888       0.7144        X       3.8004      -1.1873       0.7148
 Y      -1.1882     -10.7959      -0.5639        Y      -1.1873      -1.8290      -0.5641
 Z       0.7147      -0.5640     -10.9431        Z       0.7148      -0.5641      -1.9715
 

 HFC TENSOR (FC and SD) MHz]

           X            Y            Z                     X            Y            Z
 X      -8.9721       0.0000       0.0000        X      -2.4820       0.0000       0.0000
 Y       0.0000      -8.9721       0.0000        Y       0.0000      -1.6669       0.0000
 Z       0.0000       0.0000      -8.9721        Z       0.0000       0.0000       4.1489
 
 HYPERFINE COUPLING CONSTANT FOR ATOM 27 ( H08 ) [MHz]
                        X           Y           Z
 FERMI-CONACT:        -8.9721     -8.9721     -8.9721
 SPIN-DIPOLE :        -2.4820     -1.6669      4.1489
 SOC-PSO     :         0.0006      0.0052      0.0006      0.0021
 A_ISOTROPIC:         -8.9700


 *** ATOM 30 ( H04 ) ***

 RAW TENSOR (FC+SD+SOC-PSO and SD) [MHz]

           X            Y            Z                     X            Y            Z
 X       3.1458       0.6649      -1.5270        X       1.2679       0.6633      -1.5273
 Y       0.6632       1.2054      -0.5181        Y       0.6633      -0.6727      -0.5183
 Z      -1.5282      -0.5190       1.2822        Z      -1.5273      -0.5183      -0.5952
 

 HFC TENSOR (FC and SD) MHz]

           X            Y            Z                     X            Y            Z
 X       1.8771       0.0000       0.0000        X      -1.4790       0.0000       0.0000
 Y       0.0000       1.8771       0.0000        Y       0.0000      -0.8754       0.0000
 Z       0.0000       0.0000       1.8771        Z       0.0000       0.0000       2.3544
 
 HYPERFINE COUPLING CONSTANT FOR ATOM 30 ( H04 ) [MHz]
                        X           Y           Z
 FERMI-CONACT:         1.8771      1.8771      1.8771
 SPIN-DIPOLE :        -1.4790     -0.8754      2.3544
 SOC-PSO     :         0.0008      0.0010      0.0003      0.0007
 A_ISOTROPIC:          1.8778


 *** ATOM 33 ( H071 ) ***

 RAW TENSOR (FC+SD+SOC-PSO and SD) [MHz]

           X            Y            Z                     X            Y            Z
 X      -7.1733      -0.3187       0.1651        X      -0.0135      -0.3187       0.1651
 Y      -0.3186      -6.5114      -0.2998        Y      -0.3187       0.6475      -0.2998
 Z       0.1651      -0.3000      -7.7936        Z       0.1651      -0.2998      -0.6340
 

 HFC TENSOR (FC and SD) MHz]

           X            Y            Z                     X            Y            Z
 X      -7.1597       0.0000       0.0000        X      -0.7144       0.0000       0.0000
 Y       0.0000      -7.1597       0.0000        Y       0.0000      -0.1394       0.0000
 Z       0.0000       0.0000      -7.1597        Z       0.0000       0.0000       0.8538
 
 HYPERFINE COUPLING CONSTANT FOR ATOM 33 ( H071 ) [MHz]
                        X           Y           Z
 FERMI-CONACT:        -7.1597     -7.1597     -7.1597
 SPIN-DIPOLE :        -0.7144     -0.1394      0.8538
 SOC-PSO     :        -0.0000      0.0008      0.0001      0.0003
 A_ISOTROPIC:         -7.1595


 *** ATOM 34 ( H072 ) ***

 RAW TENSOR (FC+SD+SOC-PSO and SD) [MHz]

           X            Y            Z                     X            Y            Z
 X      -2.4817      -0.6166      -0.1060        X      -0.2823      -0.6160      -0.1061
 Y      -0.6160      -1.2925       0.1747        Y      -0.6160       0.9057       0.1747
 Z      -0.1060       0.1751      -2.8223        Z      -0.1061       0.1747      -0.6234
 

 HFC TENSOR (FC and SD) MHz]

           X            Y            Z                     X            Y            Z
 X      -2.1990       0.0000       0.0000        X      -0.6537       0.0000       0.0000
 Y       0.0000      -2.1990       0.0000        Y       0.0000      -0.5362       0.0000
 Z       0.0000       0.0000      -2.1990        Z       0.0000       0.0000       1.1900
 
 HYPERFINE COUPLING CONSTANT FOR ATOM 34 ( H072 ) [MHz]
                        X           Y           Z
 FERMI-CONACT:        -2.1990     -2.1990     -2.1990
 SPIN-DIPOLE :        -0.6537     -0.5362      1.1900
 SOC-PSO     :        -0.0004      0.0009      0.0001      0.0002
 A_ISOTROPIC:         -2.1988


 *** ATOM 35 ( H073 ) ***

 RAW TENSOR (FC+SD+SOC-PSO and SD) [MHz]

           X            Y            Z                     X            Y            Z
 X      -2.3010      -0.6121      -0.1056        X      -0.0144      -0.6121      -0.1057
 Y      -0.6123      -1.6886       0.1809        Y      -0.6121       0.5974       0.1810
 Z      -0.1059       0.1811      -2.8695        Z      -0.1057       0.1810      -0.5831
 

 HFC TENSOR (FC and SD) MHz]

           X            Y            Z                     X            Y            Z
 X      -2.2865       0.0000       0.0000        X      -0.6109       0.0000       0.0000
 Y       0.0000      -2.2865       0.0000        Y       0.0000      -0.3926       0.0000
 Z       0.0000       0.0000      -2.2865        Z       0.0000       0.0000       1.0035
 
 HYPERFINE COUPLING CONSTANT FOR ATOM 35 ( H073 ) [MHz]
                        X           Y           Z
 FERMI-CONACT:        -2.2865     -2.2865     -2.2865
 SPIN-DIPOLE :        -0.6109     -0.3926      1.0035
 SOC-PSO     :        -0.0001      0.0005      0.0001      0.0002
 A_ISOTROPIC:         -2.2863


 *** ATOM 36 ( H061 ) ***

 RAW TENSOR (FC+SD+SOC-PSO and SD) [MHz]

           X            Y            Z                     X            Y            Z
 X       1.7341       1.2121      -0.2757        X       0.7515       1.2121      -0.2758
 Y       1.2125       1.0063      -0.0947        Y       1.2121       0.0243      -0.0947
 Z      -0.2759      -0.0947       0.2059        Z      -0.2758      -0.0947      -0.7758
 

 HFC TENSOR (FC and SD) MHz]

           X            Y            Z                     X            Y            Z
 X       0.9818       0.0000       0.0000        X      -0.9373       0.0000       0.0000
 Y       0.0000       0.9818       0.0000        Y       0.0000      -0.7475       0.0000
 Z       0.0000       0.0000       0.9818        Z       0.0000       0.0000       1.6848
 
 HYPERFINE COUPLING CONSTANT FOR ATOM 36 ( H061 ) [MHz]
                        X           Y           Z
 FERMI-CONACT:         0.9818      0.9818      0.9818
 SPIN-DIPOLE :        -0.9373     -0.7475      1.6848
 SOC-PSO     :         0.0008      0.0002     -0.0001      0.0003
 A_ISOTROPIC:          0.9821


 *** ATOM 37 ( H062 ) ***

 RAW TENSOR (FC+SD+SOC-PSO and SD) [MHz]

           X            Y            Z                     X            Y            Z
 X      16.7729       0.6970      -0.2853        X      -0.5682       0.6967      -0.2854
 Y       0.6968      18.3196      -0.8525        Y       0.6967       0.9782      -0.8525
 Z      -0.2852      -0.8528      16.9312        Z      -0.2854      -0.8525      -0.4100
 

 HFC TENSOR (FC and SD) MHz]

           X            Y            Z                     X            Y            Z
 X      17.3411       0.0000       0.0000        X      -0.8592       0.0000       0.0000
 Y       0.0000      17.3411       0.0000        Y       0.0000      -0.7803       0.0000
 Z       0.0000       0.0000      17.3411        Z       0.0000       0.0000       1.6395
 
 HYPERFINE COUPLING CONSTANT FOR ATOM 37 ( H062 ) [MHz]
                        X           Y           Z
 FERMI-CONACT:        17.3411     17.3411     17.3411
 SPIN-DIPOLE :        -0.8592     -0.7803      1.6395
 SOC-PSO     :        -0.0000      0.0003      0.0001      0.0001
 A_ISOTROPIC:         17.3412


 *** ATOM 38 ( H063 ) ***

 RAW TENSOR (FC+SD+SOC-PSO and SD) [MHz]

           X            Y            Z                     X            Y            Z
 X      12.2370       0.7587       0.0058        X      -0.7239       0.7585       0.0058
 Y       0.7585      14.6079       0.1904        Y       0.7585       1.6464       0.1905
 Z       0.0056       0.1906      12.0386        Z       0.0058       0.1905      -0.9225
 

 HFC TENSOR (FC and SD) MHz]

           X            Y            Z                     X            Y            Z
 X      12.9611       0.0000       0.0000        X      -0.9884       0.0000       0.0000
 Y       0.0000      12.9611       0.0000        Y       0.0000      -0.8922       0.0000
 Z       0.0000       0.0000      12.9611        Z       0.0000       0.0000       1.8805
 
 HYPERFINE COUPLING CONSTANT FOR ATOM 38 ( H063 ) [MHz]
                        X           Y           Z
 FERMI-CONACT:        12.9611     12.9611     12.9611
 SPIN-DIPOLE :        -0.9884     -0.8922      1.8805
 SOC-PSO     :        -0.0001      0.0004      0.0000      0.0001
 A_ISOTROPIC:         12.9612


 *** ATOM 39 ( H03 ) ***

 RAW TENSOR (FC+SD+SOC-PSO and SD) [MHz]

           X            Y            Z                     X            Y            Z
 X       5.4289      -0.5518      -1.4585        X       1.1298      -0.5512      -1.4585
 Y      -0.5516       3.7195       0.6031        Y      -0.5512      -0.5785       0.6031
 Z      -1.4592       0.6031       3.7468        Z      -1.4585       0.6031      -0.5514
 

 HFC TENSOR (FC and SD) MHz]

           X            Y            Z                     X            Y            Z
 X       4.2981       0.0000       0.0000        X      -1.4780       0.0000       0.0000
 Y       0.0000       4.2981       0.0000        Y       0.0000      -0.7149       0.0000
 Z       0.0000       0.0000       4.2981        Z       0.0000       0.0000       2.1929
 
 HYPERFINE COUPLING CONSTANT FOR ATOM 39 ( H03 ) [MHz]
                        X           Y           Z
 FERMI-CONACT:         4.2981      4.2981      4.2981
 SPIN-DIPOLE :        -1.4780     -0.7149      2.1929
 SOC-PSO     :         0.0009     -0.0001      0.0001      0.0003
 A_ISOTROPIC:          4.2984


 
 TIMING STATISTICS (SECONDS)
 

 TIMER ENTRY                    NUMBER OF CALLS   CUMUL. CPU TIME   CONTRIBUT.

 INITIALIZATION                              1             0.029         0.0 %
 INPUT                                       1             0.284         0.4 %
 DIAGONALIZATION                            96             0.012         0.0 %
 SYMMETRY ANALYSIS                           3             0.001         0.0 %
 START GUESS                                 1             3.572         4.8 %
 MATRIX MULTIPLICATION                    5776             0.152         0.2 %
 MPI DIAGONALIZATION                        51             2.850         3.8 %
                         ON NODE             1             2.853
                         ON NODE             2             2.853
                         ON NODE             3             2.853
                         ON NODE             4             2.851
                         ON NODE             5             2.853
                         ON NODE             6             2.853
                         ON NODE             7             2.853
                         ON NODE             8             2.853
                         ON NODE             9             2.853
                         ON NODE            10             2.853
                         ON NODE            11             2.853
                         ON NODE            12             2.850
                         ON NODE            13             2.853
                         ON NODE            14             2.851
                         ON NODE            15             2.853
                         ON NODE            16             2.851
                         ON NODE            17             2.852
                         ON NODE            18             2.851
                         ON NODE            19             2.852
                         ON NODE            20             2.853
                         ON NODE            21             2.853
                         ON NODE            22             2.853
                         ON NODE            23             2.853
                         ON NODE            24             2.853
                         ON NODE            25             2.853
                         ON NODE            26             2.853
                         ON NODE            27             2.853
                         ON NODE            28             2.853
                         ON NODE            29             2.853
                         ON NODE            30             2.853
                         ON NODE            31             2.853
                         ON NODE            32             2.853
                         ON NODE            33             2.853
                         ON NODE            34             2.853
                         ON NODE            35             2.853
                         ON NODE            36             2.853
                         ON NODE            37             2.853
                         ON NODE            38             2.853
                         ON NODE            39             2.853
           AVERAGE PER PROCESSOR                           2.853
 MPI MATRIX MULTIPLICATION                 138             0.785         1.1 %
                         ON NODE             1             0.787
                         ON NODE             2             0.787
                         ON NODE             3             0.787
                         ON NODE             4             0.786
                         ON NODE             5             0.787
                         ON NODE             6             0.787
                         ON NODE             7             0.786
                         ON NODE             8             0.787
                         ON NODE             9             0.787
                         ON NODE            10             0.787
                         ON NODE            11             0.787
                         ON NODE            12             0.787
                         ON NODE            13             0.785
                         ON NODE            14             0.786
                         ON NODE            15             0.786
                         ON NODE            16             0.786
                         ON NODE            17             0.786
                         ON NODE            18             0.786
                         ON NODE            19             0.786
                         ON NODE            20             0.787
                         ON NODE            21             0.786
                         ON NODE            22             0.787
                         ON NODE            23             0.786
                         ON NODE            24             0.786
                         ON NODE            25             0.786
                         ON NODE            26             0.786
                         ON NODE            27             0.786
                         ON NODE            28             0.786
                         ON NODE            29             0.786
                         ON NODE            30             0.786
                         ON NODE            31             0.786
                         ON NODE            32             0.786
                         ON NODE            33             0.786
                         ON NODE            34             0.786
                         ON NODE            35             0.786
                         ON NODE            36             0.786
                         ON NODE            37             0.786
                         ON NODE            38             0.786
                         ON NODE            39             0.786
           AVERAGE PER PROCESSOR                           0.786
 CORE INTEGRALS                              1             0.683         0.9 %
 ORTHOGONALIZATION MATRIX                    1             0.154         0.2 %
 MPI AUXILIARY FUNCTION FIT                 43             0.743         1.0 %
                         ON NODE             1             0.772
                         ON NODE             2             0.762
                         ON NODE             3             0.769
                         ON NODE             4             0.782
                         ON NODE             5             0.755
                         ON NODE             6             0.748
                         ON NODE             7             0.763
                         ON NODE             8             0.755
                         ON NODE             9             0.760
                         ON NODE            10             0.769
                         ON NODE            11             0.773
                         ON NODE            12             0.772
                         ON NODE            13             0.787
                         ON NODE            14             0.768
                         ON NODE            15             0.772
                         ON NODE            16             0.752
                         ON NODE            17             0.754
                         ON NODE            18             0.759
                         ON NODE            19             0.779
                         ON NODE            20             0.755
                         ON NODE            21             0.779
                         ON NODE            22             0.747
                         ON NODE            23             0.776
                         ON NODE            24             0.760
                         ON NODE            25             0.754
                         ON NODE            26             0.783
                         ON NODE            27             0.764
                         ON NODE            28             0.758
                         ON NODE            29             0.760
                         ON NODE            30             0.777
                         ON NODE            31             0.783
                         ON NODE            32             0.761
                         ON NODE            33             0.763
                         ON NODE            34             0.760
                         ON NODE            35             0.760
                         ON NODE            36             0.800
                         ON NODE            37             0.758
                         ON NODE            38             0.770
                         ON NODE            39             0.769
           AVERAGE PER PROCESSOR                           0.766
 MPI CORE HAMILTONIAN                        1             0.076         0.1 %
                         ON NODE             1             0.061
                         ON NODE             2             0.061
                         ON NODE             3             0.061
                         ON NODE             4             0.061
                         ON NODE             5             0.061
                         ON NODE             6             0.061
                         ON NODE             7             0.061
                         ON NODE             8             0.062
                         ON NODE             9             0.062
                         ON NODE            10             0.062
                         ON NODE            11             0.062
                         ON NODE            12             0.062
                         ON NODE            13             0.062
                         ON NODE            14             0.062
                         ON NODE            15             0.060
                         ON NODE            16             0.061
                         ON NODE            17             0.062
                         ON NODE            18             0.061
                         ON NODE            19             0.062
                         ON NODE            20             0.061
                         ON NODE            21             0.062
                         ON NODE            22             0.061
                         ON NODE            23             0.061
                         ON NODE            24             0.061
                         ON NODE            25             0.062
                         ON NODE            26             0.061
                         ON NODE            27             0.061
                         ON NODE            28             0.062
                         ON NODE            29             0.062
                         ON NODE            30             0.062
                         ON NODE            31             0.061
                         ON NODE            32             0.062
                         ON NODE            33             0.062
                         ON NODE            34             0.061
                         ON NODE            35             0.062
                         ON NODE            36             0.061
                         ON NODE            37             0.061
                         ON NODE            38             0.061
                         ON NODE            39             0.061
           AVERAGE PER PROCESSOR                           0.062
 MPI NEAR ERI CALCULATION                    1             0.262         0.4 %
                         ON NODE             1             0.262
                         ON NODE             2             0.262
                         ON NODE             3             0.262
                         ON NODE             4             0.262
                         ON NODE             5             0.262
                         ON NODE             6             0.262
                         ON NODE             7             0.262
                         ON NODE             8             0.262
                         ON NODE             9             0.262
                         ON NODE            10             0.262
                         ON NODE            11             0.262
                         ON NODE            12             0.262
                         ON NODE            13             0.262
                         ON NODE            14             0.262
                         ON NODE            15             0.262
                         ON NODE            16             0.262
                         ON NODE            17             0.262
                         ON NODE            18             0.262
                         ON NODE            19             0.262
                         ON NODE            20             0.262
                         ON NODE            21             0.262
                         ON NODE            22             0.262
                         ON NODE            23             0.262
                         ON NODE            24             0.262
                         ON NODE            25             0.262
                         ON NODE            26             0.262
                         ON NODE            27             0.262
                         ON NODE            28             0.262
                         ON NODE            29             0.262
                         ON NODE            30             0.262
                         ON NODE            31             0.262
                         ON NODE            32             0.262
                         ON NODE            33             0.262
                         ON NODE            34             0.262
                         ON NODE            35             0.262
                         ON NODE            36             0.262
                         ON NODE            37             0.262
                         ON NODE            38             0.262
                         ON NODE            39             0.262
           AVERAGE PER PROCESSOR                           0.262
 SCF ITERATION                               1            56.512        76.2 %
 NULLSPACE                                   2             0.159         0.2 %
 MPI FAR J CALCULATION                      21             0.300         0.4 %
                         ON NODE             1             0.300
                         ON NODE             2             0.300
                         ON NODE             3             0.300
                         ON NODE             4             0.300
                         ON NODE             5             0.300
                         ON NODE             6             0.300
                         ON NODE             7             0.300
                         ON NODE             8             0.300
                         ON NODE             9             0.300
                         ON NODE            10             0.300
                         ON NODE            11             0.300
                         ON NODE            12             0.300
                         ON NODE            13             0.300
                         ON NODE            14             0.300
                         ON NODE            15             0.300
                         ON NODE            16             0.300
                         ON NODE            17             0.300
                         ON NODE            18             0.300
                         ON NODE            19             0.300
                         ON NODE            20             0.300
                         ON NODE            21             0.300
                         ON NODE            22             0.300
                         ON NODE            23             0.300
                         ON NODE            24             0.300
                         ON NODE            25             0.300
                         ON NODE            26             0.300
                         ON NODE            27             0.300
                         ON NODE            28             0.300
                         ON NODE            29             0.300
                         ON NODE            30             0.300
                         ON NODE            31             0.300
                         ON NODE            32             0.300
                         ON NODE            33             0.300
                         ON NODE            34             0.300
                         ON NODE            35             0.300
                         ON NODE            36             0.300
                         ON NODE            37             0.300
                         ON NODE            38             0.300
                         ON NODE            39             0.300
           AVERAGE PER PROCESSOR                           0.300
 MPI EXX POTENTIAL                          21            43.755        59.0 %
                         ON NODE             1            43.785
                         ON NODE             2            43.787
                         ON NODE             3            43.790
                         ON NODE             4            43.730
                         ON NODE             5            43.784
                         ON NODE             6            43.786
                         ON NODE             7            43.775
                         ON NODE             8            43.783
                         ON NODE             9            43.781
                         ON NODE            10            43.783
                         ON NODE            11            43.783
                         ON NODE            12            43.775
                         ON NODE            13            43.770
                         ON NODE            14            43.775
                         ON NODE            15            43.780
                         ON NODE            16            43.755
                         ON NODE            17            43.777
                         ON NODE            18            43.777
                         ON NODE            19            43.781
                         ON NODE            20            43.787
                         ON NODE            21            43.777
                         ON NODE            22            43.787
                         ON NODE            23            43.785
                         ON NODE            24            43.784
                         ON NODE            25            43.783
                         ON NODE            26            43.782
                         ON NODE            27            43.782
                         ON NODE            28            43.782
                         ON NODE            29            43.780
                         ON NODE            30            43.785
                         ON NODE            31            43.783
                         ON NODE            32            43.783
                         ON NODE            33            43.782
                         ON NODE            34            43.781
                         ON NODE            35            43.783
                         ON NODE            36            43.783
                         ON NODE            37            43.786
                         ON NODE            38            43.782
                         ON NODE            39            43.783
           AVERAGE PER PROCESSOR                          43.779
 CHOLESKY MO LOCALIZATION                   44             0.045         0.1 %
 MPI FOSTER-BOYS MO LOCALIZATION            44             1.770         2.4 %
                         ON NODE             1             0.852
                         ON NODE             2             0.852
                         ON NODE             3             0.852
                         ON NODE             4             0.852
                         ON NODE             5             0.852
                         ON NODE             6             0.852
                         ON NODE             7             0.852
                         ON NODE             8             0.852
                         ON NODE             9             0.852
                         ON NODE            10             0.852
                         ON NODE            11             0.852
                         ON NODE            12             0.852
                         ON NODE            13             0.852
                         ON NODE            14             0.852
                         ON NODE            15             0.852
                         ON NODE            16             0.852
                         ON NODE            17             0.852
                         ON NODE            18             0.852
                         ON NODE            19             0.852
                         ON NODE            20             0.852
                         ON NODE            21             0.852
                         ON NODE            22             0.852
                         ON NODE            23             0.852
                         ON NODE            24             0.852
                         ON NODE            25             0.852
                         ON NODE            26             0.852
                         ON NODE            27             0.852
                         ON NODE            28             0.852
                         ON NODE            29             0.852
                         ON NODE            30             0.852
                         ON NODE            31             0.852
                         ON NODE            32             0.852
                         ON NODE            33             0.852
                         ON NODE            34             0.852
                         ON NODE            35             0.852
                         ON NODE            36             0.852
                         ON NODE            37             0.852
                         ON NODE            38             0.852
                         ON NODE            39             0.852
           AVERAGE PER PROCESSOR                           0.875
 MPI OCTREE MO SORTING                      42             0.710         1.0 %
                         ON NODE             1             0.708
                         ON NODE             2             0.708
                         ON NODE             3             0.708
                         ON NODE             4             0.707
                         ON NODE             5             0.708
                         ON NODE             6             0.708
                         ON NODE             7             0.708
                         ON NODE             8             0.708
                         ON NODE             9             0.708
                         ON NODE            10             0.708
                         ON NODE            11             0.708
                         ON NODE            12             0.708
                         ON NODE            13             0.708
                         ON NODE            14             0.708
                         ON NODE            15             0.708
                         ON NODE            16             0.708
                         ON NODE            17             0.708
                         ON NODE            18             0.708
                         ON NODE            19             0.708
                         ON NODE            20             0.708
                         ON NODE            21             0.708
                         ON NODE            22             0.708
                         ON NODE            23             0.708
                         ON NODE            24             0.708
                         ON NODE            25             0.708
                         ON NODE            26             0.708
                         ON NODE            27             0.708
                         ON NODE            28             0.708
                         ON NODE            29             0.708
                         ON NODE            30             0.708
                         ON NODE            31             0.708
                         ON NODE            32             0.708
                         ON NODE            33             0.708
                         ON NODE            34             0.708
                         ON NODE            35             0.708
                         ON NODE            36             0.708
                         ON NODE            37             0.708
                         ON NODE            38             0.708
                         ON NODE            39             0.708
           AVERAGE PER PROCESSOR                           0.708
 GRID INITIALIZATION                         2             0.004         0.0 %
 ADAPTIVE GRID GENERATION                    2             2.849         3.8 %
 MPI XC POTENTIAL                           21             2.318         3.1 %
                         ON NODE             1             2.307
                         ON NODE             2             2.308
                         ON NODE             3             2.307
                         ON NODE             4             2.304
                         ON NODE             5             2.307
                         ON NODE             6             2.307
                         ON NODE             7             2.306
                         ON NODE             8             2.306
                         ON NODE             9             2.305
                         ON NODE            10             2.305
                         ON NODE            11             2.305
                         ON NODE            12             2.300
                         ON NODE            13             2.303
                         ON NODE            14             2.305
                         ON NODE            15             2.303
                         ON NODE            16             2.300
                         ON NODE            17             2.303
                         ON NODE            18             2.302
                         ON NODE            19             2.301
                         ON NODE            20             2.300
                         ON NODE            21             2.300
                         ON NODE            22             2.300
                         ON NODE            23             2.300
                         ON NODE            24             2.300
                         ON NODE            25             2.299
                         ON NODE            26             2.299
                         ON NODE            27             2.299
                         ON NODE            28             2.299
                         ON NODE            29             2.298
                         ON NODE            30             2.298
                         ON NODE            31             2.298
                         ON NODE            32             2.298
                         ON NODE            33             2.298
                         ON NODE            34             2.298
                         ON NODE            35             2.297
                         ON NODE            36             2.297
                         ON NODE            37             2.297
                         ON NODE            38             2.297
                         ON NODE            39             2.297
           AVERAGE PER PROCESSOR                           2.302
 MPI FAR ERI CALCULATION                    21             0.250         0.3 %
                         ON NODE             1             0.250
                         ON NODE             2             0.250
                         ON NODE             3             0.250
                         ON NODE             4             0.250
                         ON NODE             5             0.250
                         ON NODE             6             0.250
                         ON NODE             7             0.250
                         ON NODE             8             0.250
                         ON NODE             9             0.250
                         ON NODE            10             0.250
                         ON NODE            11             0.250
                         ON NODE            12             0.250
                         ON NODE            13             0.249
                         ON NODE            14             0.250
                         ON NODE            15             0.250
                         ON NODE            16             0.249
                         ON NODE            17             0.249
                         ON NODE            18             0.250
                         ON NODE            19             0.250
                         ON NODE            20             0.250
                         ON NODE            21             0.250
                         ON NODE            22             0.250
                         ON NODE            23             0.250
                         ON NODE            24             0.250
                         ON NODE            25             0.250
                         ON NODE            26             0.250
                         ON NODE            27             0.250
                         ON NODE            28             0.250
                         ON NODE            29             0.250
                         ON NODE            30             0.250
                         ON NODE            31             0.250
                         ON NODE            32             0.250
                         ON NODE            33             0.250
                         ON NODE            34             0.250
                         ON NODE            35             0.250
                         ON NODE            36             0.250
                         ON NODE            37             0.250
                         ON NODE            38             0.250
                         ON NODE            39             0.250
           AVERAGE PER PROCESSOR                           0.250
 MPI EXX ENERGY                              1             1.616         2.2 %
                         ON NODE             1             1.625
                         ON NODE             2             1.624
                         ON NODE             3             1.625
                         ON NODE             4             1.621
                         ON NODE             5             1.624
                         ON NODE             6             1.624
                         ON NODE             7             1.624
                         ON NODE             8             1.624
                         ON NODE             9             1.624
                         ON NODE            10             1.624
                         ON NODE            11             1.624
                         ON NODE            12             1.624
                         ON NODE            13             1.624
                         ON NODE            14             1.624
                         ON NODE            15             1.624
                         ON NODE            16             1.622
                         ON NODE            17             1.624
                         ON NODE            18             1.624
                         ON NODE            19             1.625
                         ON NODE            20             1.624
                         ON NODE            21             1.624
                         ON NODE            22             1.624
                         ON NODE            23             1.624
                         ON NODE            24             1.624
                         ON NODE            25             1.624
                         ON NODE            26             1.624
                         ON NODE            27             1.624
                         ON NODE            28             1.624
                         ON NODE            29             1.624
                         ON NODE            30             1.624
                         ON NODE            31             1.624
                         ON NODE            32             1.624
                         ON NODE            33             1.624
                         ON NODE            34             1.624
                         ON NODE            35             1.624
                         ON NODE            36             1.624
                         ON NODE            37             1.624
                         ON NODE            38             1.624
                         ON NODE            39             1.624
           AVERAGE PER PROCESSOR                           1.624
 MPI EPR A-TENSOR                            1             9.957        13.4 %
                         ON NODE             1             9.978
                         ON NODE             2             9.978
                         ON NODE             3             9.978
                         ON NODE             4             9.966
                         ON NODE             5             9.978
                         ON NODE             6             9.978
                         ON NODE             7             9.977
                         ON NODE             8             9.977
                         ON NODE             9             9.977
                         ON NODE            10             9.978
                         ON NODE            11             9.980
                         ON NODE            12             9.980
                         ON NODE            13             9.979
                         ON NODE            14             9.980
                         ON NODE            15             9.979
                         ON NODE            16             9.976
                         ON NODE            17             9.979
                         ON NODE            18             9.979
                         ON NODE            19             9.979
                         ON NODE            20             9.978
                         ON NODE            21             9.977
                         ON NODE            22             9.978
                         ON NODE            23             9.979
                         ON NODE            24             9.978
                         ON NODE            25             9.979
                         ON NODE            26             9.978
                         ON NODE            27             9.978
                         ON NODE            28             9.978
                         ON NODE            29             9.978
                         ON NODE            30             9.978
                         ON NODE            31             9.978
                         ON NODE            32             9.979
                         ON NODE            33             9.978
                         ON NODE            34             9.978
                         ON NODE            35             9.978
                         ON NODE            36             9.979
                         ON NODE            37             9.978
                         ON NODE            38             9.978
                         ON NODE            39             9.978
           AVERAGE PER PROCESSOR                           9.977
 MPI PSO-SOC                                 1             8.097        10.9 %
                         ON NODE             1             8.109
                         ON NODE             2             8.109
                         ON NODE             3             8.109
                         ON NODE             4             8.100
                         ON NODE             5             8.108
                         ON NODE             6             8.108
                         ON NODE             7             8.108
                         ON NODE             8             8.108
                         ON NODE             9             8.108
                         ON NODE            10             8.108
                         ON NODE            11             8.110
                         ON NODE            12             8.110
                         ON NODE            13             8.110
                         ON NODE            14             8.110
                         ON NODE            15             8.109
                         ON NODE            16             8.108
                         ON NODE            17             8.110
                         ON NODE            18             8.110
                         ON NODE            19             8.110
                         ON NODE            20             8.109
                         ON NODE            21             8.108
                         ON NODE            22             8.109
                         ON NODE            23             8.109
                         ON NODE            24             8.109
                         ON NODE            25             8.109
                         ON NODE            26             8.109
                         ON NODE            27             8.108
                         ON NODE            28             8.109
                         ON NODE            29             8.109
                         ON NODE            30             8.109
                         ON NODE            31             8.108
                         ON NODE            32             8.109
                         ON NODE            33             8.109
                         ON NODE            34             8.109
                         ON NODE            35             8.109
                         ON NODE            36             8.109
                         ON NODE            37             8.109
                         ON NODE            38             8.109
                         ON NODE            39             8.109
           AVERAGE PER PROCESSOR                           8.108

 FINAL TIMING           DATE: WED DEC 08 20:11:37 2021  TOTAL TIME:      74.137
