 ******************************************************************************
 ******************************************************************************
 ***                                                                        ***
 ***                              PROGRAM deMon2k                           ***
 ***                                                                        ***
 ***                        (VERSION 6.0.2, Jul. 2018)                      ***
 ***                                                                        ***
 ***     COPYRIGHT (C) BY THE INTERNATIONAL DEMON DEVELOPERS COMMUNITY      ***
 ***                                                                        ***
 ***  AUTHORS: A.M. Koster, G. Geudtner, A. Alvarez-Ibarra, P. Calaminici,  ***
 ***           M.E. Casida, J. Carmona-Espindola, V. Dominguez, R. Flores-  ***
 ***           Moreno, G.U. Gamboa, A. Goursot, T. Heine, A. Ipatov, A. de  ***
 ***           la Lande, F. Janetzko, J.M. del Campo, L.G.M. Pettersson,    ***
 ***           D. Mejia-Rodriguez, J. Reveles, J. Vasquez-Perez, A. Vela,   ***
 ***           B. Zuniga-Gutierrez and D.R. Salahub                         ***
 ***                                                                        ***
 ******************************************************************************
 ******************************************************************************
                                                                                

 FIRST TIMING           DATE: WED DEC 08 20:10:20 2021  TOTAL TIME:       0.237
                                                                                

 INITIALIZATION                   STEP TIME:     0.028  TOTAL TIME:       0.266

 ******************************************************************************

 HFCC ON 6PU0 MD FRAME

 ******************************************************************************

 
 *** MOLECULAR SIMULATION DATA ***
 
 MOLECULAR CHARGE: -1
 NUMBER OF ATOMS: 39
 MOLECULAR SIMULATION TYPE: QM ONLY
 
 *** MOLECULAR QM DATA ***
 
 MULTIPLICITY: 2
 NUMBER OF QM ATOMS: 39
 NUMBER OF ELECTRONS: 167
 
 *** SCF OPTIONS ***
 
 SCF THEORY: UNRESTRICTED KOHN-SHAM (UKS)
 DIAGONALIZER: RS
 START GUESS: HUECKEL DENSITY
 SCF TOLERANCE: 0.100E-04
 POTENTIAL DENSITY: FITTED DENSITY
 NUMBER OF SCF ITERATIONS: 100
 DIIS ACCELERATION: ON
 LEVEL-SHIFT: ON (SHIFT VALUE = -0.100 HARTREE)
 XC-POTENTIAL: B3LYP - B3LYP
 GRID TECHNIQUE: ADAPTIVE
 GRID PRUNING: ON
 GRID METHOD: DIRECT
 GRID GENERATING FUNCTION: SCF
 GRID TOLERANCE: 0.100E-05
 ATOMIC WEIGHT FUNCTION: BECKE SCREENED
 RADIAL QUADRATURE TYPE: GAUSS-CHEBYSHEV
 SCF METHODE: MIXED & DOUBLE ASYMPTOTIC EXPANSION
 FREEZE AUXILIARY FUNCTIONS: OFF
 NUMERICAL FIT SOLVER: DIAGONAL SVD
 SVD THRESHOLD: 0.100E-05
 SCF SCREENING: 0.599E-12
 SYMMETRY USE: OFF
 ROTATION OF THE ANGULAR GRIDS: ON
 SCF PRINTING UNTIL CYCLE 0
 CARTESIAN ORBITALS WILL BE USED
 
 *** MAGNETIC PROPERTY OPTIONS ***
 
 CALCULATE EPR HYPERFINE COUPLING
 
 *** PRINT OPTIONS ***
 
 PRINT NMR DEBUG OUTPUT
 
 *** ACTIVATED INTERFACE PORTS ***
 
 FILE deMon.mol WILL BE WRITTEN
 
 
 *** GEOMETRY ***


 INPUT ORIENTATION IN ANGSTROM

  NO.  ATOM        X            Y            Z      Z-ATOM   MASS   TYPE OPTXYZ

    1  C        -2.565601     1.490156    -1.151140     6    12.011  QM       
    2  O        -2.555175     2.433219    -0.078495     8    15.999  QM       
    3  C        -2.565386     0.067944    -0.614132     6    12.011  QM       
    4  O        -2.399505    -0.794481    -1.743352     8    15.999  QM       
    5  C        -1.427510    -0.147494     0.446574     6    12.011  QM       
    6  N         0.223785     2.271054    -0.026947     7    14.007  QM       
    7  C         0.836381     3.544710    -0.075153     6    12.011  QM       
    8  O         0.149117     4.542263    -0.066170     8    15.999  QM       
    9  N         2.159591     3.537816    -0.115989     7    14.007  QM       
   10  C         2.924489     2.404362    -0.075462     6    12.011  QM       
   11  C         2.239042     1.175079    -0.128081     6    12.011  QM       
   12  O         4.120714     2.494754     0.066167     8    15.999  QM       
   13  C         2.212624    -1.183133     0.013970     6    12.011  QM       
   14  N01       2.894965    -0.016083    -0.007212     7    14.007  QM       
   15  C         2.993908    -2.412820     0.151794     6    12.011  QM       
   16  C         2.324961    -3.656985     0.200341     6    12.011  QM       
   17  C         3.177509    -4.903461     0.348777     6    12.011  QM       
   18  C         0.930688    -3.645225     0.028794     6    12.011  QM       
   19  C         0.155649    -4.962641    -0.173095     6    12.011  QM       
   20  C         0.206269    -2.464719    -0.053852     6    12.011  QM       
   21  C         0.809994    -1.195177    -0.018259     6    12.011  QM       
   22  C         0.785919     1.120164    -0.015083     6    12.011  QM       
   23  N02       0.000000     0.000000     0.000000     7    14.007  QM       
   24  H        -3.011052    -0.451003    -2.418931     1     1.008  QM       
   25  H        -1.608751     2.466207     0.144419     1     1.008  QM       
   26  H         2.646066     4.413180    -0.269729     1     1.008  QM       
   27  H08       4.078729    -2.468037     0.116551     1     1.008  QM       
   28  H        -0.845777    -2.628143    -0.270513     1     1.008  QM       
   29  H        -3.492327     1.662018    -1.698624     1     1.008  QM       
   30  H04      -1.613080    -1.088991     0.978059     1     1.008  QM       
   31  H        -3.552831    -0.125698    -0.175328     1     1.008  QM       
   32  H        -1.763205     1.641784    -1.883560     1     1.008  QM       
   33  H071      2.800240    -5.791115    -0.174506     1     1.008  QM       
   34  H072      3.211053    -5.190944     1.406756     1     1.008  QM       
   35  H073      4.206115    -4.724155     0.010352     1     1.008  QM       
   36  H061      0.621982    -5.482348    -1.019604     1     1.008  QM       
   37  H062     -0.921583    -4.836192    -0.335675     1     1.008  QM       
   38  H063      0.330667    -5.619025     0.687706     1     1.008  QM       
   39  H03      -1.641310     0.548355     1.267150     1     1.008  QM       


 
 
 *** WARNING IN INPCHK ***
 
 *** START GUESS IS CALCULATED WITH VXCTYPE PBE AUXIS ***
 
 
 
 *** ERI STATISTIC ***
 
 Est. Integrated ERIs: 108742662
 Est. Asymptotic ERIS: 96138
                                                                                

 INPUT                            STEP TIME:     0.285  TOTAL TIME:       0.551
 
 *** THE INPUT ORIENTATION IS USED ***
 
 POINT GROUP: C1
 
 GROUP ORDER: 1


 STANDARD ORIENTATION IN ANGSTROM

  NO.  ATOM        X              Y              Z        Z-ATOM   MASS   TYPE

    1  C         2.099548      -3.003931       0.514364       6    12.011  QM
    2  O         2.981905      -2.655492      -0.553381       8    15.999  QM
    3  C         0.687225      -3.217831      -0.005881       6    12.011  QM
    4  O        -0.149242      -3.386774       1.142254       8    15.999  QM
    5  C         0.210847      -2.012380      -0.892573       6    12.011  QM
    6  N         2.267398       0.013253      -0.208626       7    14.007  QM
    7  C         3.394311       0.858441      -0.084046       6    12.011  QM
    8  O         4.507818       0.395246      -0.198410       8    15.999  QM
    9  N         3.125341       2.134422       0.144269       7    14.007  QM
   10  C         1.861477       2.652183       0.221723       6    12.011  QM
   11  C         0.796208       1.731485       0.186251       6    12.011  QM
   12  O         1.706436       3.849810       0.250629       8    15.999  QM
   13  C        -1.513011       1.247998       0.060591       6    12.011  QM
   14  N01      -0.505377       2.142943       0.169168       7    14.007  QM
   15  C        -2.877922       1.775538       0.044827       6    12.011  QM
   16  C        -3.964739       0.881729      -0.088324       6    12.011  QM
   17  C        -5.360680       1.476426      -0.104343       6    12.011  QM
   18  C        -3.669105      -0.491359      -0.116540       6    12.011  QM
   19  C        -4.797387      -1.537282      -0.016279       6    12.011  QM
   20  C        -2.365697      -0.966135      -0.146931       6    12.011  QM
   21  C        -1.244097      -0.118865      -0.106525       6    12.011  QM
   22  C         1.027913       0.326945      -0.131445       6    12.011  QM
   23  N02       0.087056      -0.659777      -0.249060       7    14.007  QM
   24  H         0.333599      -4.003045       1.721433       1     1.008  QM
   25  H         2.817473      -1.700522      -0.639940       1     1.008  QM
   26  H         3.891202       2.762188       0.358564       1     1.008  QM
   27  H08      -3.146908       2.811362       0.234148       1     1.008  QM
   28  H        -2.308175      -2.049062      -0.080520       1     1.008  QM
   29  H         2.472479      -3.942938       0.923368       1     1.008  QM
   30  H04      -0.693503      -2.309862      -1.437536       1     1.008  QM
   31  H         0.678406      -4.154156      -0.578866       1     1.008  QM
   32  H         2.114799      -2.295888       1.352047       1     1.008  QM
   33  H071     -6.135678       0.859012       0.367106       1     1.008  QM
   34  H072     -5.687424       1.596154      -1.144533       1     1.008  QM
   35  H073     -5.377759       2.463554       0.375240       1     1.008  QM
   36  H061     -5.368419      -1.306672       0.891951       1     1.008  QM
   37  H062     -4.452954      -2.578515      -0.009274       1     1.008  QM
   38  H063     -5.506395      -1.382159      -0.838285       1     1.008  QM
   39  H03       0.904985      -1.966040      -1.740681       1     1.008  QM
                                                                                

 SYMMETRY ANALYSIS                STEP TIME:     0.000  TOTAL TIME:       0.553
 
 NUMBER OF TB ORBITALS: 131
                                                                                

 START GUESS                      STEP TIME:     3.670  TOTAL TIME:       4.228
 
 
 GENERAL BASIS SET: (DZVP-GGA)
 N01 BASIS SET: (EPR-III)
 N02 BASIS SET: (EPR-III)
 H08 BASIS SET: (EPR-III)
 H04 BASIS SET: (EPR-III)
 H071 BASIS SET: (EPR-III)
 H072 BASIS SET: (EPR-III)
 H073 BASIS SET: (EPR-III)
 H061 BASIS SET: (EPR-III)
 H062 BASIS SET: (EPR-III)
 H063 BASIS SET: (EPR-III)
 H03 BASIS SET: (EPR-III)
 
 NUMBER OF SHELLS: 227
 NUMBER OF ORBITALS: 502
 NUMBER OF PRIMITIVE GAUSSIAN EXPONENTS: 469
 
 
 GENERAL AUXIS SET: (GEN-A2)
 N01 AUXIS SET: (GEN-A2*)
 N02 AUXIS SET: (GEN-A2*)
 H08 AUXIS SET: (GEN-A2*)
 H04 AUXIS SET: (GEN-A2*)
 H071 AUXIS SET: (GEN-A2*)
 H072 AUXIS SET: (GEN-A2*)
 H073 AUXIS SET: (GEN-A2*)
 H061 AUXIS SET: (GEN-A2*)
 H062 AUXIS SET: (GEN-A2*)
 H063 AUXIS SET: (GEN-A2*)
 H03 AUXIS SET: (GEN-A2*)
 
 NUMBER OF AUXILIARY FUNCTION SETS: 238
 NUMBER OF AUXILIARY FUNCTION SHELLS: 436
 NUMBER OF AUXILIARY FUNCTION: 1225
 
 
 
 *** WARNING IN INVCDERI ***
 
 *** SVD THRESHOLD CHANGED TO: 0.783E-06 ***
 
 
 
 *** WARNING IN INVCDERI ***
 
 *** 10 COULOMB EIGENVALUES ARE QUENCHED ***
                                                                                

 MPI AUXILIARY FUNCTION FIT       STEP TIME:     0.431  TOTAL TIME:       4.832
                                                                                

 CORE INTEGRALS                   STEP TIME:     0.679  TOTAL TIME:       4.908
                                                                                

 NULLSPACE                        STEP TIME:     0.083  TOTAL TIME:       5.407
                                                                                

 NULLSPACE                        STEP TIME:     0.077  TOTAL TIME:       5.579
                                                                                

 ADAPTIVE GRID GENERATION         STEP TIME:     1.293  TOTAL TIME:       9.184

 CYCLE:    1    EUPPER =    -2913.885014074701    CDMIX =        0.300000000000
 CYCLE:    1    ELOWER =    -5392.803044592580    SHIFT =        0.000000000000
 CYCLE:    1    EXC    =     -148.419832652443    ERCDC =       50.515193811380
 CYCLE:    1    ETOTAL =    -3062.304846727144    ERROR =     2478.918030517879

 CYCLE:    2    EUPPER =    -2912.819732560811    CDMIX =        0.300000000000
 CYCLE:    2    ELOWER =    -2917.340247800449    SHIFT =        0.100000000000
 CYCLE:    2    EXC    =     -149.348622442208    ERCDC =        1.215763055641
 CYCLE:    2    ETOTAL =    -3062.168355003018    ERROR =        4.520515239638

 CYCLE:    3    EUPPER =    -2913.847206106438    CDMIX =        0.300000000000
 CYCLE:    3    ELOWER =    -2914.884285586300    SHIFT =        0.100000000000
 CYCLE:    3    EXC    =     -149.887341553971    ERCDC =        0.480951723496
 CYCLE:    3    ETOTAL =    -3063.734547660410    ERROR =        1.037079479862

 CYCLE:    4    EUPPER =    -2914.400245081233    CDMIX =        0.300000000000
 CYCLE:    4    ELOWER =    -2914.597419873141    SHIFT =        0.100000000000
 CYCLE:    4    EXC    =     -150.202639480294    ERCDC =        0.179229110736
 CYCLE:    4    ETOTAL =    -3064.602884561526    ERROR =        0.197174791908

 CYCLE:    5    EUPPER =    -2914.666858781711    CDMIX =        0.300000000000
 CYCLE:    5    ELOWER =    -2914.742507640096    SHIFT =        0.084993549476
 CYCLE:    5    EXC    =     -150.341186363467    ERCDC =        0.113619014026
 CYCLE:    5    ETOTAL =    -3065.008045145178    ERROR =        0.075648858385

 CYCLE:    6    EUPPER =    -2914.843382533196    CDMIX =        0.300000000000
 CYCLE:    6    ELOWER =    -2914.869767478656    SHIFT =        0.076139502476
 CYCLE:    6    EXC    =     -150.395287346276    ERCDC =        0.044628579925
 CYCLE:    6    ETOTAL =    -3065.238669879472    ERROR =        0.026384945460

 CYCLE:    7    EUPPER =    -2914.921043091224    CDMIX =        0.300000000000
 CYCLE:    7    ELOWER =    -2914.931315030085    SHIFT =        0.066404471666
 CYCLE:    7    EXC    =     -150.422874482399    ERCDC =        0.025630436403
 CYCLE:    7    ETOTAL =    -3065.343917573622    ERROR =        0.010271938861

 CYCLE:    8    EUPPER =    -2914.945930669096    CDMIX =        0.300000000000
 CYCLE:    8    ELOWER =    -2914.950416229613    SHIFT =        0.057685459317
 CYCLE:    8    EXC    =     -150.442196158697    ERCDC =        0.015546653797
 CYCLE:    8    ETOTAL =    -3065.388126827793    ERROR =        0.004485560517

 CYCLE:    9    EUPPER =    -2914.953900586691    CDMIX =        0.300000000000
 CYCLE:    9    ELOWER =    -2914.955915282069    SHIFT =        0.050027702293
 CYCLE:    9    EXC    =     -150.455847104294    ERCDC =        0.012320241112
 CYCLE:    9    ETOTAL =    -3065.409747690986    ERROR =        0.002014695378

 CYCLE:   10    EUPPER =    -2914.957556658857    CDMIX =        0.300000000000
 CYCLE:   10    ELOWER =    -2914.958488360013    SHIFT =        0.042630180499
 CYCLE:   10    EXC    =     -150.482629051161    EDIIS =        0.010577804879
 CYCLE:   10    ETOTAL =    -3065.440185710018    ERROR =        0.000931701155

 CYCLE:   11    EUPPER =    -2914.961286082579    CDMIX =        0.300000000000
 CYCLE:   11    ELOWER =    -2914.961339349321    SHIFT =        0.035502389606
 CYCLE:   11    EXC    =     -150.482677885803    EDIIS =        0.004873965489
 CYCLE:   11    ETOTAL =    -3065.443963968382    ERROR =        0.000053266743

 CYCLE:   12    EUPPER =    -2914.960416064520    CDMIX =        0.300000000000
 CYCLE:   12    ELOWER =    -2914.960419316880    SHIFT =        0.009053604180
 CYCLE:   12    EXC    =     -150.484216880868    EDIIS =        0.003377354959
 CYCLE:   12    ETOTAL =    -3065.444632945388    ERROR =        0.000003252360

 CYCLE:   13    EUPPER =    -2914.961665114254    CDMIX =        0.300000000000
 CYCLE:   13    ELOWER =    -2914.961665957722    SHIFT =        0.000000000000
 CYCLE:   13    EXC    =     -150.484045878690    EDIIS =        0.002382213164
 CYCLE:   13    ETOTAL =    -3065.445710992944    ERROR =        0.000000843468

 CYCLE:   14    EUPPER =    -2914.960645606051    CDMIX =        0.300000000000
 CYCLE:   14    ELOWER =    -2914.960645952940    SHIFT =        0.000000000000
 CYCLE:   14    EXC    =     -150.484522522445    EDIIS =        0.001386606914
 CYCLE:   14    ETOTAL =    -3065.445168128495    ERROR =        0.000000346889

 CYCLE:   15    EUPPER =    -2914.960743416701    CDMIX =        0.300000000000
 CYCLE:   15    ELOWER =    -2914.960743497997    SHIFT =        0.000000000000
 CYCLE:   15    EXC    =     -150.484780011701    EDIIS =        0.000878477756
 CYCLE:   15    ETOTAL =    -3065.445523428401    ERROR =        0.000000081296

 CYCLE:   16    EUPPER =    -2914.960717373879    CDMIX =        0.200000000000
 CYCLE:   16    ELOWER =    -2914.960717505967    SHIFT =        0.000000000000
 CYCLE:   16    EXC    =     -150.484767638953    EDIIS =        0.000404079203
 CYCLE:   16    ETOTAL =    -3065.445485012832    ERROR =        0.000000132088

 CYCLE:   17    EUPPER =    -2914.960671300298    CDMIX =        0.200000000000
 CYCLE:   17    ELOWER =    -2914.960671322396    SHIFT =        0.000000000000
 CYCLE:   17    EXC    =     -150.484875758548    ERCDC =        0.000438809863
 CYCLE:   17    ETOTAL =    -3065.445547058845    ERROR =        0.000000022098
 
 *** SCF CONVERGED ***
 
 
 RANDOMIZED SCF GRID GENERATED IN 3 CYCLES
 

 REFERENCE VALUE OF S**2 FOR PURE SPIN STATE S(S+1):    0.7500

 S**2 BEFORE SPIN PROJECTION:    0.7645
 S**2 AFTER SPIN PROJECTION:     0.7502


 ELECTRONIC CORE ENERGY      =      -5425.327851797
 ELECTRONIC COULOMB ENERGY   =       2510.366507280
 ELECTRONIC HARTREE ENERGY   =      -2914.961344517

 EXCHANGE ENERGY             =       -143.105558945
 CORRELATION ENERGY          =         -7.386060142
 EXCHANGE-CORRELATION ENERGY =       -150.491619087

 ELECTRONIC SCF ENERGY       =      -3065.452963603
 NUCLEAR-REPULSION ENERGY    =       1964.106823876
 TOTAL ENERGY                =      -1101.346139727
                                                                                

 SCF ITERATION                    STEP TIME:    52.743  TOTAL TIME:      60.424
 
 
 
 ***********************************************
 *** MOLECULAR MAGNETIC PROPERTY CALCULATION ***
 ***********************************************


 MOLECULE ORIENTATION FOR MAGNETIC PROPERTIES IN ANGSTROM

  NO.  ATOM        X              Y              Z        Z-ATOM   MASS   TYPE

    1  C        -2.565601       1.490156      -1.151140       6    12.011  QM
    2  O        -2.555175       2.433219      -0.078495       8    15.999  QM
    3  C        -2.565386       0.067944      -0.614132       6    12.011  QM
    4  O        -2.399505      -0.794481      -1.743352       8    15.999  QM
    5  C        -1.427510      -0.147494       0.446574       6    12.011  QM
    6  N         0.223785       2.271054      -0.026947       7    14.007  QM
    7  C         0.836381       3.544710      -0.075153       6    12.011  QM
    8  O         0.149117       4.542263      -0.066170       8    15.999  QM
    9  N         2.159591       3.537816      -0.115989       7    14.007  QM
   10  C         2.924489       2.404362      -0.075462       6    12.011  QM
   11  C         2.239042       1.175079      -0.128081       6    12.011  QM
   12  O         4.120714       2.494754       0.066167       8    15.999  QM
   13  C         2.212624      -1.183133       0.013970       6    12.011  QM
   14  N01       2.894965      -0.016083      -0.007212       7    14.007  QM
   15  C         2.993908      -2.412820       0.151794       6    12.011  QM
   16  C         2.324961      -3.656985       0.200341       6    12.011  QM
   17  C         3.177509      -4.903461       0.348777       6    12.011  QM
   18  C         0.930688      -3.645225       0.028794       6    12.011  QM
   19  C         0.155649      -4.962641      -0.173095       6    12.011  QM
   20  C         0.206269      -2.464719      -0.053852       6    12.011  QM
   21  C         0.809994      -1.195177      -0.018259       6    12.011  QM
   22  C         0.785919       1.120164      -0.015083       6    12.011  QM
   23  N02       0.000000       0.000000       0.000000       7    14.007  QM
   24  H        -3.011052      -0.451003      -2.418931       1     1.008  QM
   25  H        -1.608751       2.466207       0.144419       1     1.008  QM
   26  H         2.646066       4.413180      -0.269729       1     1.008  QM
   27  H08       4.078729      -2.468037       0.116551       1     1.008  QM
   28  H        -0.845777      -2.628143      -0.270513       1     1.008  QM
   29  H        -3.492327       1.662018      -1.698624       1     1.008  QM
   30  H04      -1.613080      -1.088991       0.978059       1     1.008  QM
   31  H        -3.552831      -0.125698      -0.175328       1     1.008  QM
   32  H        -1.763205       1.641784      -1.883560       1     1.008  QM
   33  H071      2.800240      -5.791115      -0.174506       1     1.008  QM
   34  H072      3.211053      -5.190944       1.406756       1     1.008  QM
   35  H073      4.206115      -4.724155       0.010352       1     1.008  QM
   36  H061      0.621982      -5.482348      -1.019604       1     1.008  QM
   37  H062     -0.921583      -4.836192      -0.335675       1     1.008  QM
   38  H063      0.330667      -5.619025       0.687706       1     1.008  QM
   39  H03      -1.641310       0.548355       1.267150       1     1.008  QM


 *** ATOM 14 ( N01 ) ***

 RAW TENSOR (FC+SD+SOC-PSO and SD) [MHz]

           X            Y            Z                     X            Y            Z
 X      -2.2002      -0.1107      -2.8900        X     -18.2310      -0.1180      -2.8879
 Y      -0.1087      -1.8491       2.8140        Y      -0.1180     -17.9452       2.8162
 Z      -2.8912       2.8159      52.2609        Z      -2.8879       2.8162      36.1762
 

 HFC TENSOR (FC and SD) MHz]

           X            Y            Z                     X            Y            Z
 X      16.0875       0.0000       0.0000        X     -18.3871       0.0000       0.0000
 Y       0.0000      16.0875       0.0000        Y       0.0000     -18.0879       0.0000
 Z       0.0000       0.0000      16.0875        Z       0.0000       0.0000      36.4750
 
 HYPERFINE COUPLING CONSTANT FOR ATOM 14 ( N01 ) [MHz]
                        X           Y           Z
 FERMI-CONACT:        16.0875     16.0875     16.0875
 SPIN-DIPOLE :       -18.3871    -18.0879     36.4750
 SOC-PSO     :        -0.0567      0.0085     -0.0027     -0.0170
 A_ISOTROPIC:         16.0705


 *** ATOM 23 ( N02 ) ***

 RAW TENSOR (FC+SD+SOC-PSO and SD) [MHz]

           X            Y            Z                     X            Y            Z
 X       1.5634       0.0300       2.2661        X      -3.5515       0.0266       2.2643
 Y       0.0262       0.8792      -0.0520        Y       0.0266      -4.2318      -0.0514
 Z       2.2660      -0.0519      12.9069        Z       2.2643      -0.0514       7.7833
 

 HFC TENSOR (FC and SD) MHz]

           X            Y            Z                     X            Y            Z
 X       5.1246       0.0000       0.0000        X      -4.2371       0.0000       0.0000
 Y       0.0000       5.1246       0.0000        Y       0.0000      -3.9820       0.0000
 Z       0.0000       0.0000       5.1246        Z       0.0000       0.0000       8.2191
 
 HYPERFINE COUPLING CONSTANT FOR ATOM 23 ( N02 ) [MHz]
                        X           Y           Z
 FERMI-CONACT:         5.1246      5.1246      5.1246
 SPIN-DIPOLE :        -4.2371     -3.9820      8.2191
 SOC-PSO     :        -0.0097     -0.0135     -0.0009     -0.0080
 A_ISOTROPIC:          5.1165


 *** ATOM 27 ( H08 ) ***

 RAW TENSOR (FC+SD+SOC-PSO and SD) [MHz]

           X            Y            Z                     X            Y            Z
 X      -5.6418      -2.1436      -0.1210        X       5.4134      -2.1425      -0.1209
 Y      -2.1428     -15.1603       0.3879        Y      -2.1425      -4.1112       0.3884
 Z      -0.1210       0.3877     -12.3566        Z      -0.1209       0.3884      -1.3022
 

 HFC TENSOR (FC and SD) MHz]

           X            Y            Z                     X            Y            Z
 X     -11.0551       0.0000       0.0000        X      -4.6090       0.0000       0.0000
 Y       0.0000     -11.0551       0.0000        Y       0.0000      -1.2697       0.0000
 Z       0.0000       0.0000     -11.0551        Z       0.0000       0.0000       5.8787
 
 HYPERFINE COUPLING CONSTANT FOR ATOM 27 ( H08 ) [MHz]
                        X           Y           Z
 FERMI-CONACT:       -11.0551    -11.0551    -11.0551
 SPIN-DIPOLE :        -4.6090     -1.2697      5.8787
 SOC-PSO     :        -0.0001      0.0060      0.0006      0.0022
 A_ISOTROPIC:        -11.0529


 *** ATOM 30 ( H04 ) ***

 RAW TENSOR (FC+SD+SOC-PSO and SD) [MHz]

           X            Y            Z                     X            Y            Z
 X       1.9232       0.8384      -1.0124        X       1.4560       0.8368      -1.0124
 Y       0.8365      -0.1780      -0.3867        Y       0.8368      -0.6454      -0.3867
 Z      -1.0134      -0.3873      -0.3442        Z      -1.0124      -0.3867      -0.8106
 

 HFC TENSOR (FC and SD) MHz]

           X            Y            Z                     X            Y            Z
 X       0.4663       0.0000       0.0000        X      -1.2107       0.0000       0.0000
 Y       0.0000       0.4663       0.0000        Y       0.0000      -0.9349       0.0000
 Z       0.0000       0.0000       0.4663        Z       0.0000       0.0000       2.1455
 
 HYPERFINE COUPLING CONSTANT FOR ATOM 30 ( H04 ) [MHz]
                        X           Y           Z
 FERMI-CONACT:         0.4663      0.4663      0.4663
 SPIN-DIPOLE :        -1.2107     -0.9349      2.1455
 SOC-PSO     :         0.0009      0.0010      0.0001      0.0007
 A_ISOTROPIC:          0.4670


 *** ATOM 33 ( H071 ) ***

 RAW TENSOR (FC+SD+SOC-PSO and SD) [MHz]

           X            Y            Z                     X            Y            Z
 X      -3.0762      -0.4833      -0.0084        X      -0.1221      -0.4833      -0.0084
 Y      -0.4835      -2.2372       0.0271        Y      -0.4833       0.7163       0.0271
 Z      -0.0085       0.0271      -3.5481        Z      -0.0084       0.0271      -0.5942
 

 HFC TENSOR (FC and SD) MHz]

           X            Y            Z                     X            Y            Z
 X      -2.9540       0.0000       0.0000        X      -0.5948       0.0000       0.0000
 Y       0.0000      -2.9540       0.0000        Y       0.0000      -0.3426       0.0000
 Z       0.0000       0.0000      -2.9540        Z       0.0000       0.0000       0.9374
 
 HYPERFINE COUPLING CONSTANT FOR ATOM 33 ( H071 ) [MHz]
                        X           Y           Z
 FERMI-CONACT:        -2.9540     -2.9540     -2.9540
 SPIN-DIPOLE :        -0.5948     -0.3426      0.9374
 SOC-PSO     :        -0.0001      0.0005      0.0001      0.0002
 A_ISOTROPIC:         -2.9538


 *** ATOM 34 ( H072 ) ***

 RAW TENSOR (FC+SD+SOC-PSO and SD) [MHz]

           X            Y            Z                     X            Y            Z
 X      -7.9273      -0.2300       0.2343        X      -0.1270      -0.2301       0.2344
 Y      -0.2301      -7.1031      -0.4221        Y      -0.2301       0.6965      -0.4221
 Z       0.2344      -0.4225      -8.3697        Z       0.2344      -0.4221      -0.5696
 

 HFC TENSOR (FC and SD) MHz]

           X            Y            Z                     X            Y            Z
 X      -7.8003       0.0000       0.0000        X      -0.7416       0.0000       0.0000
 Y       0.0000      -7.8003       0.0000        Y       0.0000      -0.1643       0.0000
 Z       0.0000       0.0000      -7.8003        Z       0.0000       0.0000       0.9059
 
 HYPERFINE COUPLING CONSTANT FOR ATOM 34 ( H072 ) [MHz]
                        X           Y           Z
 FERMI-CONACT:        -7.8003     -7.8003     -7.8003
 SPIN-DIPOLE :        -0.7416     -0.1643      0.9059
 SOC-PSO     :        -0.0001      0.0006      0.0001      0.0002
 A_ISOTROPIC:         -7.8000


 *** ATOM 35 ( H073 ) ***

 RAW TENSOR (FC+SD+SOC-PSO and SD) [MHz]

           X            Y            Z                     X            Y            Z
 X      -2.0813      -0.7976       0.0238        X      -0.3737      -0.7969       0.0237
 Y      -0.7969      -0.6308       0.0002        Y      -0.7969       1.0754       0.0003
 Z       0.0238       0.0003      -2.4088        Z       0.0237       0.0003      -0.7018
 

 HFC TENSOR (FC and SD) MHz]

           X            Y            Z                     X            Y            Z
 X      -1.7072       0.0000       0.0000        X      -0.7390       0.0000       0.0000
 Y       0.0000      -1.7072       0.0000        Y       0.0000      -0.6890       0.0000
 Z       0.0000       0.0000      -1.7072        Z       0.0000       0.0000       1.4279
 
 HYPERFINE COUPLING CONSTANT FOR ATOM 35 ( H073 ) [MHz]
                        X           Y           Z
 FERMI-CONACT:        -1.7072     -1.7072     -1.7072
 SPIN-DIPOLE :        -0.7390     -0.6890      1.4279
 SOC-PSO     :        -0.0004      0.0010      0.0001      0.0002
 A_ISOTROPIC:         -1.7069


 *** ATOM 36 ( H061 ) ***

 RAW TENSOR (FC+SD+SOC-PSO and SD) [MHz]

           X            Y            Z                     X            Y            Z
 X      15.3236       0.6320       0.0901        X      -0.7425       0.6318       0.0902
 Y       0.6319      17.4491       0.9424        Y       0.6318       1.3824       0.9424
 Z       0.0898       0.9427      15.4263        Z       0.0902       0.9424      -0.6399
 

 HFC TENSOR (FC and SD) MHz]

           X            Y            Z                     X            Y            Z
 X      16.0662       0.0000       0.0000        X      -1.1062       0.0000       0.0000
 Y       0.0000      16.0662       0.0000        Y       0.0000      -0.7937       0.0000
 Z       0.0000       0.0000      16.0662        Z       0.0000       0.0000       1.8998
 
 HYPERFINE COUPLING CONSTANT FOR ATOM 36 ( H061 ) [MHz]
                        X           Y           Z
 FERMI-CONACT:        16.0662     16.0662     16.0662
 SPIN-DIPOLE :        -1.1062     -0.7937      1.8998
 SOC-PSO     :        -0.0001      0.0005     -0.0000      0.0001
 A_ISOTROPIC:         16.0664


 *** ATOM 37 ( H062 ) ***

 RAW TENSOR (FC+SD+SOC-PSO and SD) [MHz]

           X            Y            Z                     X            Y            Z
 X       1.1523       1.0457       0.2474        X       0.6423       1.0457       0.2471
 Y       1.0461       0.5315       0.1662        Y       1.0457       0.0219       0.1661
 Z       0.2473       0.1661      -0.1549        Z       0.2471       0.1661      -0.6642
 

 HFC TENSOR (FC and SD) MHz]

           X            Y            Z                     X            Y            Z
 X       0.5093       0.0000       0.0000        X      -0.7624       0.0000       0.0000
 Y       0.0000       0.5093       0.0000        Y       0.0000      -0.7020       0.0000
 Z       0.0000       0.0000       0.5093        Z       0.0000       0.0000       1.4644
 
 HYPERFINE COUPLING CONSTANT FOR ATOM 37 ( H062 ) [MHz]
                        X           Y           Z
 FERMI-CONACT:         0.5093      0.5093      0.5093
 SPIN-DIPOLE :        -0.7624     -0.7020      1.4644
 SOC-PSO     :         0.0007      0.0003     -0.0000      0.0003
 A_ISOTROPIC:          0.5096


 *** ATOM 38 ( H063 ) ***

 RAW TENSOR (FC+SD+SOC-PSO and SD) [MHz]

           X            Y            Z                     X            Y            Z
 X      14.6985       0.8282      -0.0608        X      -0.6919       0.8279      -0.0609
 Y       0.8280      16.8969      -0.5064        Y       0.8279       1.5060      -0.5063
 Z      -0.0606      -0.5066      14.5765        Z      -0.0609      -0.5063      -0.8141
 

 HFC TENSOR (FC and SD) MHz]

           X            Y            Z                     X            Y            Z
 X      15.3905       0.0000       0.0000        X      -1.0438       0.0000       0.0000
 Y       0.0000      15.3905       0.0000        Y       0.0000      -0.8321       0.0000
 Z       0.0000       0.0000      15.3905        Z       0.0000       0.0000       1.8759
 
 HYPERFINE COUPLING CONSTANT FOR ATOM 38 ( H063 ) [MHz]
                        X           Y           Z
 FERMI-CONACT:        15.3905     15.3905     15.3905
 SPIN-DIPOLE :        -1.0438     -0.8321      1.8759
 SOC-PSO     :        -0.0002      0.0004      0.0001      0.0001
 A_ISOTROPIC:         15.3906


 *** ATOM 39 ( H03 ) ***

 RAW TENSOR (FC+SD+SOC-PSO and SD) [MHz]

           X            Y            Z                     X            Y            Z
 X       7.1809      -0.3433      -1.1809        X       1.3581      -0.3432      -1.1809
 Y      -0.3434       5.0265       0.2237        Y      -0.3432      -0.7951       0.2237
 Z      -1.1816       0.2233       5.2592        Z      -1.1809       0.2237      -0.5629
 

 HFC TENSOR (FC and SD) MHz]

           X            Y            Z                     X            Y            Z
 X       5.8221       0.0000       0.0000        X      -1.1350       0.0000       0.0000
 Y       0.0000       5.8221       0.0000        Y       0.0000      -0.8442       0.0000
 Z       0.0000       0.0000       5.8221        Z       0.0000       0.0000       1.9792
 
 HYPERFINE COUPLING CONSTANT FOR ATOM 39 ( H03 ) [MHz]
                        X           Y           Z
 FERMI-CONACT:         5.8221      5.8221      5.8221
 SPIN-DIPOLE :        -1.1350     -0.8442      1.9792
 SOC-PSO     :         0.0007     -0.0005     -0.0000      0.0001
 A_ISOTROPIC:          5.8222


 
 TIMING STATISTICS (SECONDS)
 

 TIMER ENTRY                    NUMBER OF CALLS   CUMUL. CPU TIME   CONTRIBUT.

 INITIALIZATION                              1             0.028         0.0 %
 INPUT                                       1             0.285         0.4 %
 DIAGONALIZATION                            96             0.012         0.0 %
 SYMMETRY ANALYSIS                           3             0.001         0.0 %
 START GUESS                                 1             3.670         5.2 %
 MATRIX MULTIPLICATION                    5528             0.154         0.2 %
 MPI DIAGONALIZATION                        49             2.768         3.9 %
                         ON NODE             1             2.771
                         ON NODE             2             2.771
                         ON NODE             3             2.771
                         ON NODE             4             2.771
                         ON NODE             5             2.771
                         ON NODE             6             2.771
                         ON NODE             7             2.771
                         ON NODE             8             2.771
                         ON NODE             9             2.771
                         ON NODE            10             2.771
                         ON NODE            11             2.771
                         ON NODE            12             2.771
                         ON NODE            13             2.771
                         ON NODE            14             2.771
                         ON NODE            15             2.771
                         ON NODE            16             2.771
                         ON NODE            17             2.772
                         ON NODE            18             2.771
                         ON NODE            19             2.772
                         ON NODE            20             2.772
                         ON NODE            21             2.772
                         ON NODE            22             2.772
                         ON NODE            23             2.772
                         ON NODE            24             2.771
                         ON NODE            25             2.772
                         ON NODE            26             2.772
                         ON NODE            27             2.772
                         ON NODE            28             2.772
                         ON NODE            29             2.772
                         ON NODE            30             2.772
                         ON NODE            31             2.771
                         ON NODE            32             2.772
                         ON NODE            33             2.772
                         ON NODE            34             2.771
                         ON NODE            35             2.771
                         ON NODE            36             2.771
                         ON NODE            37             2.772
                         ON NODE            38             2.769
                         ON NODE            39             2.771
           AVERAGE PER PROCESSOR                           2.771
 MPI MATRIX MULTIPLICATION                 132             0.744         1.1 %
                         ON NODE             1             0.746
                         ON NODE             2             0.746
                         ON NODE             3             0.746
                         ON NODE             4             0.746
                         ON NODE             5             0.746
                         ON NODE             6             0.746
                         ON NODE             7             0.746
                         ON NODE             8             0.746
                         ON NODE             9             0.746
                         ON NODE            10             0.746
                         ON NODE            11             0.746
                         ON NODE            12             0.746
                         ON NODE            13             0.746
                         ON NODE            14             0.746
                         ON NODE            15             0.746
                         ON NODE            16             0.746
                         ON NODE            17             0.746
                         ON NODE            18             0.746
                         ON NODE            19             0.746
                         ON NODE            20             0.746
                         ON NODE            21             0.746
                         ON NODE            22             0.746
                         ON NODE            23             0.746
                         ON NODE            24             0.745
                         ON NODE            25             0.746
                         ON NODE            26             0.746
                         ON NODE            27             0.746
                         ON NODE            28             0.746
                         ON NODE            29             0.746
                         ON NODE            30             0.745
                         ON NODE            31             0.746
                         ON NODE            32             0.746
                         ON NODE            33             0.745
                         ON NODE            34             0.746
                         ON NODE            35             0.745
                         ON NODE            36             0.745
                         ON NODE            37             0.745
                         ON NODE            38             0.744
                         ON NODE            39             0.745
           AVERAGE PER PROCESSOR                           0.746
 CORE INTEGRALS                              1             0.679         1.0 %
 ORTHOGONALIZATION MATRIX                    1             0.155         0.2 %
 MPI AUXILIARY FUNCTION FIT                 41             0.696         1.0 %
                         ON NODE             1             0.773
                         ON NODE             2             0.763
                         ON NODE             3             0.755
                         ON NODE             4             0.770
                         ON NODE             5             0.768
                         ON NODE             6             0.769
                         ON NODE             7             0.768
                         ON NODE             8             0.770
                         ON NODE             9             0.784
                         ON NODE            10             0.778
                         ON NODE            11             0.766
                         ON NODE            12             0.771
                         ON NODE            13             0.778
                         ON NODE            14             0.770
                         ON NODE            15             0.769
                         ON NODE            16             0.768
                         ON NODE            17             0.768
                         ON NODE            18             0.767
                         ON NODE            19             0.783
                         ON NODE            20             0.757
                         ON NODE            21             0.773
                         ON NODE            22             0.783
                         ON NODE            23             0.764
                         ON NODE            24             0.773
                         ON NODE            25             0.754
                         ON NODE            26             0.755
                         ON NODE            27             0.767
                         ON NODE            28             0.793
                         ON NODE            29             0.767
                         ON NODE            30             0.772
                         ON NODE            31             0.760
                         ON NODE            32             0.765
                         ON NODE            33             0.768
                         ON NODE            34             0.782
                         ON NODE            35             0.785
                         ON NODE            36             0.767
                         ON NODE            37             0.766
                         ON NODE            38             0.783
                         ON NODE            39             0.765
           AVERAGE PER PROCESSOR                           0.768
 MPI CORE HAMILTONIAN                        1             0.075         0.1 %
                         ON NODE             1             0.061
                         ON NODE             2             0.061
                         ON NODE             3             0.061
                         ON NODE             4             0.061
                         ON NODE             5             0.061
                         ON NODE             6             0.061
                         ON NODE             7             0.061
                         ON NODE             8             0.061
                         ON NODE             9             0.061
                         ON NODE            10             0.061
                         ON NODE            11             0.061
                         ON NODE            12             0.061
                         ON NODE            13             0.061
                         ON NODE            14             0.061
                         ON NODE            15             0.061
                         ON NODE            16             0.061
                         ON NODE            17             0.061
                         ON NODE            18             0.061
                         ON NODE            19             0.061
                         ON NODE            20             0.061
                         ON NODE            21             0.061
                         ON NODE            22             0.061
                         ON NODE            23             0.061
                         ON NODE            24             0.061
                         ON NODE            25             0.061
                         ON NODE            26             0.061
                         ON NODE            27             0.061
                         ON NODE            28             0.061
                         ON NODE            29             0.061
                         ON NODE            30             0.061
                         ON NODE            31             0.061
                         ON NODE            32             0.061
                         ON NODE            33             0.061
                         ON NODE            34             0.061
                         ON NODE            35             0.061
                         ON NODE            36             0.061
                         ON NODE            37             0.061
                         ON NODE            38             0.061
                         ON NODE            39             0.061
           AVERAGE PER PROCESSOR                           0.061
 MPI NEAR ERI CALCULATION                    1             0.259         0.4 %
                         ON NODE             1             0.259
                         ON NODE             2             0.259
                         ON NODE             3             0.259
                         ON NODE             4             0.259
                         ON NODE             5             0.259
                         ON NODE             6             0.259
                         ON NODE             7             0.259
                         ON NODE             8             0.259
                         ON NODE             9             0.259
                         ON NODE            10             0.259
                         ON NODE            11             0.259
                         ON NODE            12             0.259
                         ON NODE            13             0.259
                         ON NODE            14             0.259
                         ON NODE            15             0.259
                         ON NODE            16             0.260
                         ON NODE            17             0.259
                         ON NODE            18             0.259
                         ON NODE            19             0.259
                         ON NODE            20             0.259
                         ON NODE            21             0.260
                         ON NODE            22             0.259
                         ON NODE            23             0.259
                         ON NODE            24             0.259
                         ON NODE            25             0.259
                         ON NODE            26             0.260
                         ON NODE            27             0.259
                         ON NODE            28             0.259
                         ON NODE            29             0.259
                         ON NODE            30             0.259
                         ON NODE            31             0.259
                         ON NODE            32             0.260
                         ON NODE            33             0.259
                         ON NODE            34             0.259
                         ON NODE            35             0.259
                         ON NODE            36             0.259
                         ON NODE            37             0.259
                         ON NODE            38             0.259
                         ON NODE            39             0.259
           AVERAGE PER PROCESSOR                           0.259
 SCF ITERATION                               1            52.743        74.9 %
 NULLSPACE                                   2             0.160         0.2 %
 MPI FAR J CALCULATION                      20             0.301         0.4 %
                         ON NODE             1             0.301
                         ON NODE             2             0.301
                         ON NODE             3             0.301
                         ON NODE             4             0.301
                         ON NODE             5             0.301
                         ON NODE             6             0.301
                         ON NODE             7             0.301
                         ON NODE             8             0.301
                         ON NODE             9             0.301
                         ON NODE            10             0.301
                         ON NODE            11             0.301
                         ON NODE            12             0.301
                         ON NODE            13             0.301
                         ON NODE            14             0.301
                         ON NODE            15             0.301
                         ON NODE            16             0.301
                         ON NODE            17             0.301
                         ON NODE            18             0.301
                         ON NODE            19             0.301
                         ON NODE            20             0.301
                         ON NODE            21             0.301
                         ON NODE            22             0.301
                         ON NODE            23             0.301
                         ON NODE            24             0.301
                         ON NODE            25             0.301
                         ON NODE            26             0.301
                         ON NODE            27             0.301
                         ON NODE            28             0.301
                         ON NODE            29             0.301
                         ON NODE            30             0.301
                         ON NODE            31             0.301
                         ON NODE            32             0.301
                         ON NODE            33             0.301
                         ON NODE            34             0.301
                         ON NODE            35             0.301
                         ON NODE            36             0.301
                         ON NODE            37             0.301
                         ON NODE            38             0.300
                         ON NODE            39             0.301
           AVERAGE PER PROCESSOR                           0.301
 MPI EXX POTENTIAL                          20            40.633        57.7 %
                         ON NODE             1            40.693
                         ON NODE             2            40.695
                         ON NODE             3            40.696
                         ON NODE             4            40.695
                         ON NODE             5            40.694
                         ON NODE             6            40.696
                         ON NODE             7            40.694
                         ON NODE             8            40.694
                         ON NODE             9            40.694
                         ON NODE            10            40.691
                         ON NODE            11            40.695
                         ON NODE            12            40.680
                         ON NODE            13            40.695
                         ON NODE            14            40.695
                         ON NODE            15            40.696
                         ON NODE            16            40.699
                         ON NODE            17            40.697
                         ON NODE            18            40.697
                         ON NODE            19            40.696
                         ON NODE            20            40.690
                         ON NODE            21            40.695
                         ON NODE            22            40.697
                         ON NODE            23            40.696
                         ON NODE            24            40.658
                         ON NODE            25            40.691
                         ON NODE            26            40.692
                         ON NODE            27            40.695
                         ON NODE            28            40.695
                         ON NODE            29            40.694
                         ON NODE            30            40.693
                         ON NODE            31            40.692
                         ON NODE            32            40.679
                         ON NODE            33            40.689
                         ON NODE            34            40.682
                         ON NODE            35            40.681
                         ON NODE            36            40.694
                         ON NODE            37            40.684
                         ON NODE            38            40.671
                         ON NODE            39            40.684
           AVERAGE PER PROCESSOR                          40.689
 CHOLESKY MO LOCALIZATION                   42             0.042         0.1 %
 MPI FOSTER-BOYS MO LOCALIZATION            42             1.557         2.2 %
                         ON NODE             1             0.813
                         ON NODE             2             0.813
                         ON NODE             3             0.813
                         ON NODE             4             0.813
                         ON NODE             5             0.813
                         ON NODE             6             0.813
                         ON NODE             7             0.813
                         ON NODE             8             0.813
                         ON NODE             9             0.813
                         ON NODE            10             0.813
                         ON NODE            11             0.813
                         ON NODE            12             0.812
                         ON NODE            13             0.813
                         ON NODE            14             0.812
                         ON NODE            15             0.813
                         ON NODE            16             0.813
                         ON NODE            17             0.813
                         ON NODE            18             0.812
                         ON NODE            19             0.813
                         ON NODE            20             0.812
                         ON NODE            21             0.812
                         ON NODE            22             0.812
                         ON NODE            23             0.812
                         ON NODE            24             0.807
                         ON NODE            25             0.812
                         ON NODE            26             0.812
                         ON NODE            27             0.812
                         ON NODE            28             0.812
                         ON NODE            29             0.812
                         ON NODE            30             0.812
                         ON NODE            31             0.812
                         ON NODE            32             0.812
                         ON NODE            33             0.812
                         ON NODE            34             0.812
                         ON NODE            35             0.812
                         ON NODE            36             0.812
                         ON NODE            37             0.812
                         ON NODE            38             0.811
                         ON NODE            39             0.812
           AVERAGE PER PROCESSOR                           0.831
 MPI OCTREE MO SORTING                      40             0.673         1.0 %
                         ON NODE             1             0.671
                         ON NODE             2             0.671
                         ON NODE             3             0.671
                         ON NODE             4             0.671
                         ON NODE             5             0.671
                         ON NODE             6             0.671
                         ON NODE             7             0.671
                         ON NODE             8             0.671
                         ON NODE             9             0.671
                         ON NODE            10             0.671
                         ON NODE            11             0.671
                         ON NODE            12             0.671
                         ON NODE            13             0.671
                         ON NODE            14             0.671
                         ON NODE            15             0.671
                         ON NODE            16             0.671
                         ON NODE            17             0.671
                         ON NODE            18             0.671
                         ON NODE            19             0.671
                         ON NODE            20             0.671
                         ON NODE            21             0.671
                         ON NODE            22             0.671
                         ON NODE            23             0.671
                         ON NODE            24             0.670
                         ON NODE            25             0.671
                         ON NODE            26             0.671
                         ON NODE            27             0.671
                         ON NODE            28             0.671
                         ON NODE            29             0.671
                         ON NODE            30             0.671
                         ON NODE            31             0.671
                         ON NODE            32             0.671
                         ON NODE            33             0.671
                         ON NODE            34             0.671
                         ON NODE            35             0.670
                         ON NODE            36             0.671
                         ON NODE            37             0.671
                         ON NODE            38             0.670
                         ON NODE            39             0.671
           AVERAGE PER PROCESSOR                           0.671
 GRID INITIALIZATION                         2             0.004         0.0 %
 ADAPTIVE GRID GENERATION                    2             2.837         4.0 %
 MPI XC POTENTIAL                           20             1.997         2.8 %
                         ON NODE             1             1.986
                         ON NODE             2             1.986
                         ON NODE             3             1.986
                         ON NODE             4             1.986
                         ON NODE             5             1.985
                         ON NODE             6             1.985
                         ON NODE             7             1.985
                         ON NODE             8             1.985
                         ON NODE             9             1.985
                         ON NODE            10             1.985
                         ON NODE            11             1.984
                         ON NODE            12             1.984
                         ON NODE            13             1.984
                         ON NODE            14             1.984
                         ON NODE            15             1.984
                         ON NODE            16             1.983
                         ON NODE            17             1.983
                         ON NODE            18             1.983
                         ON NODE            19             1.982
                         ON NODE            20             1.979
                         ON NODE            21             1.979
                         ON NODE            22             1.979
                         ON NODE            23             1.979
                         ON NODE            24             1.976
                         ON NODE            25             1.978
                         ON NODE            26             1.977
                         ON NODE            27             1.977
                         ON NODE            28             1.978
                         ON NODE            29             1.977
                         ON NODE            30             1.977
                         ON NODE            31             1.977
                         ON NODE            32             1.977
                         ON NODE            33             1.977
                         ON NODE            34             1.976
                         ON NODE            35             1.976
                         ON NODE            36             1.976
                         ON NODE            37             1.976
                         ON NODE            38             1.976
                         ON NODE            39             1.976
           AVERAGE PER PROCESSOR                           1.981
 MPI FAR ERI CALCULATION                    20             0.249         0.4 %
                         ON NODE             1             0.249
                         ON NODE             2             0.249
                         ON NODE             3             0.249
                         ON NODE             4             0.249
                         ON NODE             5             0.249
                         ON NODE             6             0.249
                         ON NODE             7             0.249
                         ON NODE             8             0.249
                         ON NODE             9             0.249
                         ON NODE            10             0.249
                         ON NODE            11             0.249
                         ON NODE            12             0.249
                         ON NODE            13             0.249
                         ON NODE            14             0.249
                         ON NODE            15             0.249
                         ON NODE            16             0.249
                         ON NODE            17             0.249
                         ON NODE            18             0.249
                         ON NODE            19             0.249
                         ON NODE            20             0.249
                         ON NODE            21             0.249
                         ON NODE            22             0.249
                         ON NODE            23             0.249
                         ON NODE            24             0.249
                         ON NODE            25             0.249
                         ON NODE            26             0.249
                         ON NODE            27             0.249
                         ON NODE            28             0.249
                         ON NODE            29             0.249
                         ON NODE            30             0.249
                         ON NODE            31             0.249
                         ON NODE            32             0.249
                         ON NODE            33             0.249
                         ON NODE            34             0.249
                         ON NODE            35             0.249
                         ON NODE            36             0.249
                         ON NODE            37             0.249
                         ON NODE            38             0.249
                         ON NODE            39             0.249
           AVERAGE PER PROCESSOR                           0.249
 MPI EXX ENERGY                              1             1.569         2.2 %
                         ON NODE             1             1.579
                         ON NODE             2             1.580
                         ON NODE             3             1.579
                         ON NODE             4             1.579
                         ON NODE             5             1.579
                         ON NODE             6             1.580
                         ON NODE             7             1.579
                         ON NODE             8             1.580
                         ON NODE             9             1.579
                         ON NODE            10             1.580
                         ON NODE            11             1.579
                         ON NODE            12             1.579
                         ON NODE            13             1.580
                         ON NODE            14             1.579
                         ON NODE            15             1.579
                         ON NODE            16             1.580
                         ON NODE            17             1.580
                         ON NODE            18             1.580
                         ON NODE            19             1.580
                         ON NODE            20             1.579
                         ON NODE            21             1.579
                         ON NODE            22             1.580
                         ON NODE            23             1.580
                         ON NODE            24             1.577
                         ON NODE            25             1.579
                         ON NODE            26             1.579
                         ON NODE            27             1.579
                         ON NODE            28             1.579
                         ON NODE            29             1.579
                         ON NODE            30             1.579
                         ON NODE            31             1.579
                         ON NODE            32             1.580
                         ON NODE            33             1.580
                         ON NODE            34             1.580
                         ON NODE            35             1.580
                         ON NODE            36             1.580
                         ON NODE            37             1.580
                         ON NODE            38             1.579
                         ON NODE            39             1.579
           AVERAGE PER PROCESSOR                           1.579
 MPI EPR A-TENSOR                            1             9.988        14.2 %
                         ON NODE             1            10.011
                         ON NODE             2            10.011
                         ON NODE             3            10.011
                         ON NODE             4            10.011
                         ON NODE             5            10.012
                         ON NODE             6            10.012
                         ON NODE             7            10.011
                         ON NODE             8            10.011
                         ON NODE             9            10.012
                         ON NODE            10            10.011
                         ON NODE            11            10.013
                         ON NODE            12            10.012
                         ON NODE            13            10.013
                         ON NODE            14            10.013
                         ON NODE            15            10.013
                         ON NODE            16            10.013
                         ON NODE            17            10.013
                         ON NODE            18            10.013
                         ON NODE            19            10.013
                         ON NODE            20            10.011
                         ON NODE            21            10.013
                         ON NODE            22            10.013
                         ON NODE            23            10.013
                         ON NODE            24            10.006
                         ON NODE            25            10.011
                         ON NODE            26            10.012
                         ON NODE            27            10.011
                         ON NODE            28            10.012
                         ON NODE            29            10.011
                         ON NODE            30            10.006
                         ON NODE            31            10.006
                         ON NODE            32            10.013
                         ON NODE            33            10.014
                         ON NODE            34            10.013
                         ON NODE            35            10.013
                         ON NODE            36            10.014
                         ON NODE            37            10.014
                         ON NODE            38            10.011
                         ON NODE            39            10.014
           AVERAGE PER PROCESSOR                          10.011
 MPI PSO-SOC                                 1             8.110        11.5 %
                         ON NODE             1             8.119
                         ON NODE             2             8.119
                         ON NODE             3             8.119
                         ON NODE             4             8.119
                         ON NODE             5             8.119
                         ON NODE             6             8.120
                         ON NODE             7             8.119
                         ON NODE             8             8.119
                         ON NODE             9             8.120
                         ON NODE            10             8.119
                         ON NODE            11             8.121
                         ON NODE            12             8.120
                         ON NODE            13             8.121
                         ON NODE            14             8.121
                         ON NODE            15             8.121
                         ON NODE            16             8.121
                         ON NODE            17             8.121
                         ON NODE            18             8.121
                         ON NODE            19             8.121
                         ON NODE            20             8.119
                         ON NODE            21             8.121
                         ON NODE            22             8.121
                         ON NODE            23             8.121
                         ON NODE            24             8.117
                         ON NODE            25             8.120
                         ON NODE            26             8.120
                         ON NODE            27             8.120
                         ON NODE            28             8.121
                         ON NODE            29             8.120
                         ON NODE            30             8.120
                         ON NODE            31             8.117
                         ON NODE            32             8.121
                         ON NODE            33             8.121
                         ON NODE            34             8.120
                         ON NODE            35             8.121
                         ON NODE            36             8.122
                         ON NODE            37             8.121
                         ON NODE            38             8.120
                         ON NODE            39             8.121
           AVERAGE PER PROCESSOR                           8.120

 FINAL TIMING           DATE: WED DEC 08 20:11:33 2021  TOTAL TIME:      70.424
