 ******************************************************************************
 ******************************************************************************
 ***                                                                        ***
 ***                              PROGRAM deMon2k                           ***
 ***                                                                        ***
 ***                        (VERSION 6.0.2, Jul. 2018)                      ***
 ***                                                                        ***
 ***     COPYRIGHT (C) BY THE INTERNATIONAL DEMON DEVELOPERS COMMUNITY      ***
 ***                                                                        ***
 ***  AUTHORS: A.M. Koster, G. Geudtner, A. Alvarez-Ibarra, P. Calaminici,  ***
 ***           M.E. Casida, J. Carmona-Espindola, V. Dominguez, R. Flores-  ***
 ***           Moreno, G.U. Gamboa, A. Goursot, T. Heine, A. Ipatov, A. de  ***
 ***           la Lande, F. Janetzko, J.M. del Campo, L.G.M. Pettersson,    ***
 ***           D. Mejia-Rodriguez, J. Reveles, J. Vasquez-Perez, A. Vela,   ***
 ***           B. Zuniga-Gutierrez and D.R. Salahub                         ***
 ***                                                                        ***
 ******************************************************************************
 ******************************************************************************
                                                                                

 FIRST TIMING           DATE: WED DEC 08 20:10:20 2021  TOTAL TIME:       0.275
                                                                                

 INITIALIZATION                   STEP TIME:     0.028  TOTAL TIME:       0.304

 ******************************************************************************

 HFCC ON 6PU0 MD FRAME

 ******************************************************************************

 
 *** MOLECULAR SIMULATION DATA ***
 
 MOLECULAR CHARGE: -1
 NUMBER OF ATOMS: 39
 MOLECULAR SIMULATION TYPE: QM ONLY
 
 *** MOLECULAR QM DATA ***
 
 MULTIPLICITY: 2
 NUMBER OF QM ATOMS: 39
 NUMBER OF ELECTRONS: 167
 
 *** SCF OPTIONS ***
 
 SCF THEORY: UNRESTRICTED KOHN-SHAM (UKS)
 DIAGONALIZER: RS
 START GUESS: HUECKEL DENSITY
 SCF TOLERANCE: 0.100E-04
 POTENTIAL DENSITY: FITTED DENSITY
 NUMBER OF SCF ITERATIONS: 100
 DIIS ACCELERATION: ON
 LEVEL-SHIFT: ON (SHIFT VALUE = -0.100 HARTREE)
 XC-POTENTIAL: B3LYP - B3LYP
 GRID TECHNIQUE: ADAPTIVE
 GRID PRUNING: ON
 GRID METHOD: DIRECT
 GRID GENERATING FUNCTION: SCF
 GRID TOLERANCE: 0.100E-05
 ATOMIC WEIGHT FUNCTION: BECKE SCREENED
 RADIAL QUADRATURE TYPE: GAUSS-CHEBYSHEV
 SCF METHODE: MIXED & DOUBLE ASYMPTOTIC EXPANSION
 FREEZE AUXILIARY FUNCTIONS: OFF
 NUMERICAL FIT SOLVER: DIAGONAL SVD
 SVD THRESHOLD: 0.100E-05
 SCF SCREENING: 0.599E-12
 SYMMETRY USE: OFF
 ROTATION OF THE ANGULAR GRIDS: ON
 SCF PRINTING UNTIL CYCLE 0
 CARTESIAN ORBITALS WILL BE USED
 
 *** MAGNETIC PROPERTY OPTIONS ***
 
 CALCULATE EPR HYPERFINE COUPLING
 
 *** PRINT OPTIONS ***
 
 PRINT NMR DEBUG OUTPUT
 
 *** ACTIVATED INTERFACE PORTS ***
 
 FILE deMon.mol WILL BE WRITTEN
 
 
 *** GEOMETRY ***


 INPUT ORIENTATION IN ANGSTROM

  NO.  ATOM        X            Y            Z      Z-ATOM   MASS   TYPE OPTXYZ

    1  C        -2.452481     1.555542    -1.831838     6    12.011  QM       
    2  O        -2.728390     2.531507    -0.880347     8    15.999  QM       
    3  C        -2.426651     0.186626    -1.005859     6    12.011  QM       
    4  O        -2.282458    -0.867070    -1.995293     8    15.999  QM       
    5  C        -1.434308     0.018018     0.242721     6    12.011  QM       
    6  N         0.150418     2.295746    -0.299533     7    14.007  QM       
    7  C         0.708963     3.563762    -0.380683     6    12.011  QM       
    8  O        -0.019826     4.482859    -0.564352     8    15.999  QM       
    9  N         2.079923     3.639286    -0.265350     7    14.007  QM       
   10  C         2.914760     2.569383    -0.054374     6    12.011  QM       
   11  C         2.244626     1.227743     0.007569     6    12.011  QM       
   12  O         4.116841     2.781181     0.055155     8    15.999  QM       
   13  C         2.179027    -1.133615    -0.117161     6    12.011  QM       
   14  N01       2.897831     0.047234     0.006475     7    14.007  QM       
   15  C         2.893698    -2.329706    -0.099399     6    12.011  QM       
   16  C         2.258828    -3.605652    -0.093254     6    12.011  QM       
   17  C         3.047355    -4.872521     0.316480     6    12.011  QM       
   18  C         0.864222    -3.647636    -0.267455     6    12.011  QM       
   19  C         0.100777    -4.966715    -0.146621     6    12.011  QM       
   20  C         0.092431    -2.452489    -0.148082     6    12.011  QM       
   21  C         0.752579    -1.182041    -0.098204     6    12.011  QM       
   22  C         0.790447     1.202431    -0.105271     6    12.011  QM       
   23  N02       0.000000     0.000000     0.000000     7    14.007  QM       
   24  H        -2.576069    -0.448745    -2.823099     1     1.008  QM       
   25  H        -1.794154     2.700828    -0.667690     1     1.008  QM       
   26  H         2.539232     4.526883    -0.432097     1     1.008  QM       
   27  H08       3.971670    -2.328935     0.024283     1     1.008  QM       
   28  H        -0.984207    -2.588850    -0.111112     1     1.008  QM       
   29  H        -3.190673     1.561190    -2.633800     1     1.008  QM       
   30  H04      -1.698990    -0.900610     0.780977     1     1.008  QM       
   31  H        -3.409122     0.039058    -0.540038     1     1.008  QM       
   32  H        -1.477185     1.718881    -2.306657     1     1.008  QM       
   33  H071      4.084012    -4.797642    -0.035489     1     1.008  QM       
   34  H072      2.760791    -5.799894    -0.192800     1     1.008  QM       
   35  H073      3.079756    -5.030220     1.401687     1     1.008  QM       
   36  H061      0.805059    -5.784760    -0.346307     1     1.008  QM       
   37  H062     -0.697360    -5.105050    -0.885520     1     1.008  QM       
   38  H063     -0.371708    -5.155389     0.825298     1     1.008  QM       
   39  H03      -1.680316     0.869268     0.889096     1     1.008  QM       


 
 
 *** WARNING IN INPCHK ***
 
 *** START GUESS IS CALCULATED WITH VXCTYPE PBE AUXIS ***
 
 
 
 *** ERI STATISTIC ***
 
 Est. Integrated ERIs: 108232183
 Est. Asymptotic ERIS: 117842
                                                                                

 INPUT                            STEP TIME:     0.296  TOTAL TIME:       0.600
 
 *** THE INPUT ORIENTATION IS USED ***
 
 POINT GROUP: C1
 
 GROUP ORDER: 1


 STANDARD ORIENTATION IN ANGSTROM

  NO.  ATOM        X              Y              Z        Z-ATOM   MASS   TYPE

    1  C         2.096035      -2.997725       0.733818       6    12.011  QM
    2  O         3.038251      -2.879177      -0.282127       8    15.999  QM
    3  C         0.692256      -3.071850      -0.028251       6    12.011  QM
    4  O        -0.299263      -3.339638       0.998990       8    15.999  QM
    5  C         0.257930      -1.898901      -1.032083       6    12.011  QM
    6  N         2.236154      -0.044660      -0.230920       7    14.007  QM
    7  C         3.381929       0.721822      -0.069283       6    12.011  QM
    8  O         4.430101       0.164203      -0.071081       8    15.999  QM
    9  N         3.195181       2.075522       0.107239       7    14.007  QM
   10  C         1.977715       2.711076       0.109221       6    12.011  QM
   11  C         0.781661       1.819272      -0.055260       6    12.011  QM
   12  O         1.956122       3.928084       0.251621       8    15.999  QM
   13  C        -1.512793       1.271052       0.120263       6    12.011  QM
   14  N01      -0.496141       2.215925       0.118430       7    14.007  QM
   15  C        -2.818507       1.727481       0.289043       6    12.011  QM
   16  C        -3.952814       0.870982       0.184674       6    12.011  QM
   17  C        -5.368540       1.464092      -0.011678       6    12.011  QM
   18  C        -3.724767      -0.510829       0.059666       6    12.011  QM
   19  C        -4.885549      -1.475821      -0.182811       6    12.011  QM
   20  C        -2.418889      -0.994408      -0.255171       6    12.011  QM
   21  C        -1.298494      -0.103346      -0.199993       6    12.011  QM
   22  C         1.032814       0.396002      -0.253339       6    12.011  QM
   23  N02      -0.007550      -0.575341      -0.489695       7    14.007  QM
   24  H         0.222043      -3.708002       1.733166       1     1.008  QM
   25  H         3.017308      -1.906523      -0.296158       1     1.008  QM
   26  H         3.992181       2.655299       0.342290       1     1.008  QM
   27  H08      -3.025083       2.787165       0.397290       1     1.008  QM
   28  H        -2.356561      -2.046599      -0.516166       1     1.008  QM
   29  H         2.292956      -3.867841       1.360096       1     1.008  QM
   30  H04      -0.630976      -2.222519      -1.587754       1     1.008  QM
   31  H         0.696692      -3.948778      -0.687790       1     1.008  QM
   32  H         2.109005      -2.126437       1.400169       1     1.008  QM
   33  H071     -5.462077       2.401978       0.550254       1     1.008  QM
   34  H072     -6.189834       0.905057       0.451422       1     1.008  QM
   35  H073     -5.603873       1.684833      -1.060241       1     1.008  QM
   36  H061     -5.803723      -0.999881       0.185323       1     1.008  QM
   37  H062     -4.823081      -2.418699       0.373256       1     1.008  QM
   38  H063     -5.050331      -1.768605      -1.227125       1     1.008  QM
   39  H03       1.093372      -1.837909      -1.740083       1     1.008  QM
                                                                                

 SYMMETRY ANALYSIS                STEP TIME:     0.000  TOTAL TIME:       0.602
 
 NUMBER OF TB ORBITALS: 131
                                                                                

 START GUESS                      STEP TIME:     3.466  TOTAL TIME:       4.072
 
 
 GENERAL BASIS SET: (DZVP-GGA)
 N01 BASIS SET: (EPR-III)
 N02 BASIS SET: (EPR-III)
 H08 BASIS SET: (EPR-III)
 H04 BASIS SET: (EPR-III)
 H071 BASIS SET: (EPR-III)
 H072 BASIS SET: (EPR-III)
 H073 BASIS SET: (EPR-III)
 H061 BASIS SET: (EPR-III)
 H062 BASIS SET: (EPR-III)
 H063 BASIS SET: (EPR-III)
 H03 BASIS SET: (EPR-III)
 
 NUMBER OF SHELLS: 227
 NUMBER OF ORBITALS: 502
 NUMBER OF PRIMITIVE GAUSSIAN EXPONENTS: 469
 
 
 GENERAL AUXIS SET: (GEN-A2)
 N01 AUXIS SET: (GEN-A2*)
 N02 AUXIS SET: (GEN-A2*)
 H08 AUXIS SET: (GEN-A2*)
 H04 AUXIS SET: (GEN-A2*)
 H071 AUXIS SET: (GEN-A2*)
 H072 AUXIS SET: (GEN-A2*)
 H073 AUXIS SET: (GEN-A2*)
 H061 AUXIS SET: (GEN-A2*)
 H062 AUXIS SET: (GEN-A2*)
 H063 AUXIS SET: (GEN-A2*)
 H03 AUXIS SET: (GEN-A2*)
 
 NUMBER OF AUXILIARY FUNCTION SETS: 238
 NUMBER OF AUXILIARY FUNCTION SHELLS: 436
 NUMBER OF AUXILIARY FUNCTION: 1225
 
 
 
 *** WARNING IN INVCDERI ***
 
 *** 10 COULOMB EIGENVALUES ARE QUENCHED ***
                                                                                

 MPI AUXILIARY FUNCTION FIT       STEP TIME:     0.427  TOTAL TIME:       4.676
                                                                                

 CORE INTEGRALS                   STEP TIME:     0.679  TOTAL TIME:       4.752
                                                                                

 NULLSPACE                        STEP TIME:     0.083  TOTAL TIME:       5.259
                                                                                

 NULLSPACE                        STEP TIME:     0.077  TOTAL TIME:       5.431
                                                                                

 ADAPTIVE GRID GENERATION         STEP TIME:     1.295  TOTAL TIME:       9.034

 CYCLE:    1    EUPPER =    -2901.562016684595    CDMIX =        0.300000000000
 CYCLE:    1    ELOWER =    -5367.955806982820    SHIFT =        0.000000000000
 CYCLE:    1    EXC    =     -148.257737645954    ERCDC =       50.149909545178
 CYCLE:    1    ETOTAL =    -3049.819754330549    ERROR =     2466.393790298225

 CYCLE:    2    EUPPER =    -2900.565985141629    CDMIX =        0.300000000000
 CYCLE:    2    ELOWER =    -2904.726476468641    SHIFT =        0.100000000000
 CYCLE:    2    EXC    =     -149.209562367838    ERCDC =        1.181990745690
 CYCLE:    2    ETOTAL =    -3049.775547509467    ERROR =        4.160491327013

 CYCLE:    3    EUPPER =    -2901.453100741961    CDMIX =        0.300000000000
 CYCLE:    3    ELOWER =    -2902.448865699389    SHIFT =        0.100000000000
 CYCLE:    3    EXC    =     -149.752436396991    ERCDC =        0.483662626122
 CYCLE:    3    ETOTAL =    -3051.205537138952    ERROR =        0.995764957428

 CYCLE:    4    EUPPER =    -2901.983044440675    CDMIX =        0.300000000000
 CYCLE:    4    ELOWER =    -2902.181148952711    SHIFT =        0.099960775206
 CYCLE:    4    EXC    =     -150.065813562104    ERCDC =        0.174680591812
 CYCLE:    4    ETOTAL =    -3052.048858002779    ERROR =        0.198104512036

 CYCLE:    5    EUPPER =    -2902.252225158214    CDMIX =        0.300000000000
 CYCLE:    5    ELOWER =    -2902.326928978827    SHIFT =        0.085037026578
 CYCLE:    5    EXC    =     -150.203116184797    ERCDC =        0.114136683716
 CYCLE:    5    ETOTAL =    -3052.455341343011    ERROR =        0.074703820613

 CYCLE:    6    EUPPER =    -2902.427731430575    CDMIX =        0.300000000000
 CYCLE:    6    ELOWER =    -2902.453788816581    SHIFT =        0.076023316062
 CYCLE:    6    EXC    =     -150.257263462040    ERCDC =        0.043183635743
 CYCLE:    6    ETOTAL =    -3052.684994892615    ERROR =        0.026057386006

 CYCLE:    7    EUPPER =    -2902.504450479465    CDMIX =        0.300000000000
 CYCLE:    7    ELOWER =    -2902.514639609867    SHIFT =        0.066289013294
 CYCLE:    7    EXC    =     -150.285222536058    ERCDC =        0.024622834489
 CYCLE:    7    ETOTAL =    -3052.789673015523    ERROR =        0.010189130402

 CYCLE:    8    EUPPER =    -2902.528811136783    CDMIX =        0.300000000000
 CYCLE:    8    ELOWER =    -2902.533257072455    SHIFT =        0.057610649191
 CYCLE:    8    EXC    =     -150.304815509517    ERCDC =        0.015277902187
 CYCLE:    8    ETOTAL =    -3052.833626646300    ERROR =        0.004445935672

 CYCLE:    9    EUPPER =    -2902.536784591005    CDMIX =        0.300000000000
 CYCLE:    9    ELOWER =    -2902.538773535087    SHIFT =        0.049945693988
 CYCLE:    9    EXC    =     -150.318601538831    ERCDC =        0.013130874412
 CYCLE:    9    ETOTAL =    -3052.855386129836    ERROR =        0.001988944082

 CYCLE:   10    EUPPER =    -2902.540460040717    CDMIX =        0.300000000000
 CYCLE:   10    ELOWER =    -2902.541378772351    SHIFT =        0.042511286001
 CYCLE:   10    EXC    =     -150.345582016553    EDIIS =        0.011383540340
 CYCLE:   10    ETOTAL =    -3052.886042057271    ERROR =        0.000918731634

 CYCLE:   11    EUPPER =    -2902.547687470837    CDMIX =        0.300000000000
 CYCLE:   11    ELOWER =    -2902.547745214822    SHIFT =        0.035372830067
 CYCLE:   11    EXC    =     -150.343786439287    EDIIS =        0.005407844219
 CYCLE:   11    ETOTAL =    -3052.891473910123    ERROR =        0.000057743986

 CYCLE:   12    EUPPER =    -2902.545838950125    CDMIX =        0.300000000000
 CYCLE:   12    ELOWER =    -2902.545841972534    SHIFT =        0.009799525493
 CYCLE:   12    EXC    =     -150.345064582902    EDIIS =        0.003452290494
 CYCLE:   12    ETOTAL =    -3052.890903533026    ERROR =        0.000003022410

 CYCLE:   13    EUPPER =    -2902.545920402640    CDMIX =        0.300000000000
 CYCLE:   13    ELOWER =    -2902.545921929920    SHIFT =        0.000000000000
 CYCLE:   13    EXC    =     -150.345353448204    EDIIS =        0.002298072690
 CYCLE:   13    ETOTAL =    -3052.891273850843    ERROR =        0.000001527280

 CYCLE:   14    EUPPER =    -2902.545316431793    CDMIX =        0.300000000000
 CYCLE:   14    ELOWER =    -2902.545316823255    SHIFT =        0.000000000000
 CYCLE:   14    EXC    =     -150.345784811513    EDIIS =        0.001527685256
 CYCLE:   14    ETOTAL =    -3052.891101243305    ERROR =        0.000000391462

 CYCLE:   15    EUPPER =    -2902.545413911391    CDMIX =        0.300000000000
 CYCLE:   15    ELOWER =    -2902.545414005056    SHIFT =        0.000000000000
 CYCLE:   15    EXC    =     -150.345895925579    EDIIS =        0.001170972888
 CYCLE:   15    ETOTAL =    -3052.891309836969    ERROR =        0.000000093665

 CYCLE:   16    EUPPER =    -2902.545248709424    CDMIX =        0.300000000000
 CYCLE:   16    ELOWER =    -2902.545248796991    SHIFT =        0.000000000000
 CYCLE:   16    EXC    =     -150.345964903300    EDIIS =        0.000722575411
 CYCLE:   16    ETOTAL =    -3052.891213612724    ERROR =        0.000000087567

 CYCLE:   17    EUPPER =    -2902.545240410692    CDMIX =        0.300000000000
 CYCLE:   17    ELOWER =    -2902.545240433068    SHIFT =        0.000000000000
 CYCLE:   17    EXC    =     -150.346019243107    EDIIS =        0.000580141596
 CYCLE:   17    ETOTAL =    -3052.891259653798    ERROR =        0.000000022376

 CYCLE:   18    EUPPER =    -2902.545280848908    CDMIX =        0.200000000000
 CYCLE:   18    ELOWER =    -2902.545280874240    SHIFT =        0.000000000000
 CYCLE:   18    EXC    =     -150.346031659318    EDIIS =        0.000510250382
 CYCLE:   18    ETOTAL =    -3052.891312508226    ERROR =        0.000000025332

 CYCLE:   19    EUPPER =    -2902.545201284855    CDMIX =        0.200000000000
 CYCLE:   19    ELOWER =    -2902.545201291307    SHIFT =        0.000000000000
 CYCLE:   19    EXC    =     -150.346099450000    EDIIS =        0.000373891369
 CYCLE:   19    ETOTAL =    -3052.891300734855    ERROR =        0.000000006452

 CYCLE:   20    EUPPER =    -2902.545165079807    CDMIX =        0.200000000000
 CYCLE:   20    ELOWER =    -2902.545165082831    SHIFT =        0.000000000000
 CYCLE:   20    EXC    =     -150.346131876881    ERCDC =        0.000176569805
 CYCLE:   20    ETOTAL =    -3052.891296956688    ERROR =        0.000000003024
 
 *** SCF CONVERGED ***
 
 
 RANDOMIZED SCF GRID GENERATED IN 3 CYCLES
 

 REFERENCE VALUE OF S**2 FOR PURE SPIN STATE S(S+1):    0.7500

 S**2 BEFORE SPIN PROJECTION:    0.7626
 S**2 AFTER SPIN PROJECTION:     0.7501


 ELECTRONIC CORE ENERGY      =      -5400.013550910
 ELECTRONIC COULOMB ENERGY   =       2497.468648894
 ELECTRONIC HARTREE ENERGY   =      -2902.544902016

 EXCHANGE ENERGY             =       -142.978088100
 CORRELATION ENERGY          =         -7.376341060
 EXCHANGE-CORRELATION ENERGY =       -150.354429160

 ELECTRONIC SCF ENERGY       =      -3052.899331176
 NUCLEAR-REPULSION ENERGY    =       1951.547281629
 TOTAL ENERGY                =      -1101.352049547
                                                                                

 SCF ITERATION                    STEP TIME:    60.179  TOTAL TIME:      67.867
 
 
 
 ***********************************************
 *** MOLECULAR MAGNETIC PROPERTY CALCULATION ***
 ***********************************************


 MOLECULE ORIENTATION FOR MAGNETIC PROPERTIES IN ANGSTROM

  NO.  ATOM        X              Y              Z        Z-ATOM   MASS   TYPE

    1  C        -2.452481       1.555542      -1.831838       6    12.011  QM
    2  O        -2.728390       2.531507      -0.880347       8    15.999  QM
    3  C        -2.426651       0.186626      -1.005859       6    12.011  QM
    4  O        -2.282458      -0.867070      -1.995293       8    15.999  QM
    5  C        -1.434308       0.018018       0.242721       6    12.011  QM
    6  N         0.150418       2.295746      -0.299533       7    14.007  QM
    7  C         0.708963       3.563762      -0.380683       6    12.011  QM
    8  O        -0.019826       4.482859      -0.564352       8    15.999  QM
    9  N         2.079923       3.639286      -0.265350       7    14.007  QM
   10  C         2.914760       2.569383      -0.054374       6    12.011  QM
   11  C         2.244626       1.227743       0.007569       6    12.011  QM
   12  O         4.116841       2.781181       0.055155       8    15.999  QM
   13  C         2.179027      -1.133615      -0.117161       6    12.011  QM
   14  N01       2.897831       0.047234       0.006475       7    14.007  QM
   15  C         2.893698      -2.329706      -0.099399       6    12.011  QM
   16  C         2.258828      -3.605652      -0.093254       6    12.011  QM
   17  C         3.047355      -4.872521       0.316480       6    12.011  QM
   18  C         0.864222      -3.647636      -0.267455       6    12.011  QM
   19  C         0.100777      -4.966715      -0.146621       6    12.011  QM
   20  C         0.092431      -2.452489      -0.148082       6    12.011  QM
   21  C         0.752579      -1.182041      -0.098204       6    12.011  QM
   22  C         0.790447       1.202431      -0.105271       6    12.011  QM
   23  N02       0.000000       0.000000       0.000000       7    14.007  QM
   24  H        -2.576069      -0.448745      -2.823099       1     1.008  QM
   25  H        -1.794154       2.700828      -0.667690       1     1.008  QM
   26  H         2.539232       4.526883      -0.432097       1     1.008  QM
   27  H08       3.971670      -2.328935       0.024283       1     1.008  QM
   28  H        -0.984207      -2.588850      -0.111112       1     1.008  QM
   29  H        -3.190673       1.561190      -2.633800       1     1.008  QM
   30  H04      -1.698990      -0.900610       0.780977       1     1.008  QM
   31  H        -3.409122       0.039058      -0.540038       1     1.008  QM
   32  H        -1.477185       1.718881      -2.306657       1     1.008  QM
   33  H071      4.084012      -4.797642      -0.035489       1     1.008  QM
   34  H072      2.760791      -5.799894      -0.192800       1     1.008  QM
   35  H073      3.079756      -5.030220       1.401687       1     1.008  QM
   36  H061      0.805059      -5.784760      -0.346307       1     1.008  QM
   37  H062     -0.697360      -5.105050      -0.885520       1     1.008  QM
   38  H063     -0.371708      -5.155389       0.825298       1     1.008  QM
   39  H03      -1.680316       0.869268       0.889096       1     1.008  QM


 *** ATOM 14 ( N01 ) ***

 RAW TENSOR (FC+SD+SOC-PSO and SD) [MHz]

           X            Y            Z                     X            Y            Z
 X      -1.3837       0.3047      -2.9921        X     -18.6991       0.2957      -2.9903
 Y       0.3120      -0.9396      -4.1501        Y       0.2957     -18.3165      -4.1538
 Z      -2.9924      -4.1528      54.3918        Z      -2.9903      -4.1538      37.0156
 

 HFC TENSOR (FC and SD) MHz]

           X            Y            Z                     X            Y            Z
 X      17.3790       0.0000       0.0000        X     -18.8802       0.0000       0.0000
 Y       0.0000      17.3790       0.0000        Y       0.0000     -18.6061       0.0000
 Z       0.0000       0.0000      17.3790        Z       0.0000       0.0000      37.4863
 
 HYPERFINE COUPLING CONSTANT FOR ATOM 14 ( N01 ) [MHz]
                        X           Y           Z
 FERMI-CONACT:        17.3790     17.3790     17.3790
 SPIN-DIPOLE :       -18.8802    -18.6061     37.4863
 SOC-PSO     :        -0.0636     -0.0020     -0.0028     -0.0228
 A_ISOTROPIC:         17.3562


 *** ATOM 23 ( N02 ) ***

 RAW TENSOR (FC+SD+SOC-PSO and SD) [MHz]

           X            Y            Z                     X            Y            Z
 X      -0.1681       0.0728       1.8874        X      -4.2088       0.0713       1.8836
 Y       0.0694      -0.6305       0.2026        Y       0.0713      -4.6683       0.2037
 Z       1.8850       0.2036      12.9274        Z       1.8836       0.2037       8.8771
 

 HFC TENSOR (FC and SD) MHz]

           X            Y            Z                     X            Y            Z
 X       4.0516       0.0000       0.0000        X      -4.6802       0.0000       0.0000
 Y       0.0000       4.0516       0.0000        Y       0.0000      -4.4660       0.0000
 Z       0.0000       0.0000       4.0516        Z       0.0000       0.0000       9.1461
 
 HYPERFINE COUPLING CONSTANT FOR ATOM 23 ( N02 ) [MHz]
                        X           Y           Z
 FERMI-CONACT:         4.0516      4.0516      4.0516
 SPIN-DIPOLE :        -4.6802     -4.4660      9.1461
 SOC-PSO     :        -0.0109     -0.0138     -0.0013     -0.0087
 A_ISOTROPIC:          4.0430


 *** ATOM 27 ( H08 ) ***

 RAW TENSOR (FC+SD+SOC-PSO and SD) [MHz]

           X            Y            Z                     X            Y            Z
 X      -5.3022      -1.7073       0.6451        X       4.6771      -1.7064       0.6453
 Y      -1.7069     -13.2050       0.0181        Y      -1.7064      -3.2307       0.0183
 Z       0.6453       0.0184     -11.4256        Z       0.6453       0.0183      -1.4464
 

 HFC TENSOR (FC and SD) MHz]

           X            Y            Z                     X            Y            Z
 X      -9.9798       0.0000       0.0000        X      -3.5937       0.0000       0.0000
 Y       0.0000      -9.9798       0.0000        Y       0.0000      -1.4963       0.0000
 Z       0.0000       0.0000      -9.9798        Z       0.0000       0.0000       5.0900
 
 HYPERFINE COUPLING CONSTANT FOR ATOM 27 ( H08 ) [MHz]
                        X           Y           Z
 FERMI-CONACT:        -9.9798     -9.9798     -9.9798
 SPIN-DIPOLE :        -3.5937     -1.4963      5.0900
 SOC-PSO     :         0.0004      0.0055      0.0005      0.0022
 A_ISOTROPIC:         -9.9776


 *** ATOM 30 ( H04 ) ***

 RAW TENSOR (FC+SD+SOC-PSO and SD) [MHz]

           X            Y            Z                     X            Y            Z
 X       3.5518       0.8380      -0.8606        X       1.6592       0.8362      -0.8607
 Y       0.8362       1.2625      -0.2349        Y       0.8362      -0.6302      -0.2349
 Z      -0.8614      -0.2351       0.8627        Z      -0.8607      -0.2349      -1.0290
 

 HFC TENSOR (FC and SD) MHz]

           X            Y            Z                     X            Y            Z
 X       1.8917       0.0000       0.0000        X      -1.2812       0.0000       0.0000
 Y       0.0000       1.8917       0.0000        Y       0.0000      -0.8985       0.0000
 Z       0.0000       0.0000       1.8917        Z       0.0000       0.0000       2.1796
 
 HYPERFINE COUPLING CONSTANT FOR ATOM 30 ( H04 ) [MHz]
                        X           Y           Z
 FERMI-CONACT:         1.8917      1.8917      1.8917
 SPIN-DIPOLE :        -1.2812     -0.8985      2.1796
 SOC-PSO     :         0.0010      0.0009     -0.0001      0.0006
 A_ISOTROPIC:          1.8923


 *** ATOM 33 ( H071 ) ***

 RAW TENSOR (FC+SD+SOC-PSO and SD) [MHz]

           X            Y            Z                     X            Y            Z
 X      -0.7025      -0.5555      -0.0005        X      -0.2966      -0.5549      -0.0004
 Y      -0.5550       0.5150      -0.0348        Y      -0.5549       0.9198      -0.0349
 Z      -0.0004      -0.0348      -1.0287        Z      -0.0004      -0.0349      -0.6232
 

 HFC TENSOR (FC and SD) MHz]

           X            Y            Z                     X            Y            Z
 X      -0.4057       0.0000       0.0000        X      -0.6253       0.0000       0.0000
 Y       0.0000      -0.4057       0.0000        Y       0.0000      -0.5102       0.0000
 Z       0.0000       0.0000      -0.4057        Z       0.0000       0.0000       1.1355
 
 HYPERFINE COUPLING CONSTANT FOR ATOM 33 ( H071 ) [MHz]
                        X           Y           Z
 FERMI-CONACT:        -0.4057     -0.4057     -0.4057
 SPIN-DIPOLE :        -0.6253     -0.5102      1.1355
 SOC-PSO     :        -0.0003      0.0008      0.0001      0.0002
 A_ISOTROPIC:         -0.4054


 *** ATOM 34 ( H072 ) ***

 RAW TENSOR (FC+SD+SOC-PSO and SD) [MHz]

           X            Y            Z                     X            Y            Z
 X      -2.2109      -0.4950       0.0597        X      -0.1157      -0.4950       0.0598
 Y      -0.4952      -1.4575      -0.0138        Y      -0.4950       0.6373      -0.0139
 Z       0.0597      -0.0138      -2.6167        Z       0.0598      -0.0139      -0.5216
 

 HFC TENSOR (FC and SD) MHz]

           X            Y            Z                     X            Y            Z
 X      -2.0952       0.0000       0.0000        X      -0.5355       0.0000       0.0000
 Y       0.0000      -2.0952       0.0000        Y       0.0000      -0.3483       0.0000
 Z       0.0000       0.0000      -2.0952        Z       0.0000       0.0000       0.8838
 
 HYPERFINE COUPLING CONSTANT FOR ATOM 34 ( H072 ) [MHz]
                        X           Y           Z
 FERMI-CONACT:        -2.0952     -2.0952     -2.0952
 SPIN-DIPOLE :        -0.5355     -0.3483      0.8838
 SOC-PSO     :        -0.0001      0.0004      0.0001      0.0001
 A_ISOTROPIC:         -2.0950


 *** ATOM 35 ( H073 ) ***

 RAW TENSOR (FC+SD+SOC-PSO and SD) [MHz]

           X            Y            Z                     X            Y            Z
 X      -6.2054      -0.2341       0.2772        X      -0.1976      -0.2341       0.2773
 Y      -0.2341      -5.3412      -0.5181        Y      -0.2341       0.6659      -0.5183
 Z       0.2773      -0.5186      -6.4759        Z       0.2773      -0.5183      -0.4683
 

 HFC TENSOR (FC and SD) MHz]

           X            Y            Z                     X            Y            Z
 X      -6.0077       0.0000       0.0000        X      -0.7333       0.0000       0.0000
 Y       0.0000      -6.0077       0.0000        Y       0.0000      -0.2230       0.0000
 Z       0.0000       0.0000      -6.0077        Z       0.0000       0.0000       0.9564
 
 HYPERFINE COUPLING CONSTANT FOR ATOM 35 ( H073 ) [MHz]
                        X           Y           Z
 FERMI-CONACT:        -6.0077     -6.0077     -6.0077
 SPIN-DIPOLE :        -0.7333     -0.2230      0.9564
 SOC-PSO     :        -0.0001      0.0006      0.0000      0.0002
 A_ISOTROPIC:         -6.0075


 *** ATOM 36 ( H061 ) ***

 RAW TENSOR (FC+SD+SOC-PSO and SD) [MHz]

           X            Y            Z                     X            Y            Z
 X      -0.1322       0.3436      -0.0020        X      -0.9884       0.3435      -0.0020
 Y       0.3432       2.5991      -0.0603        Y       0.3435       1.7425      -0.0603
 Z      -0.0022      -0.0602       0.1021        Z      -0.0020      -0.0603      -0.7541
 

 HFC TENSOR (FC and SD) MHz]

           X            Y            Z                     X            Y            Z
 X       0.8562       0.0000       0.0000        X      -1.0311       0.0000       0.0000
 Y       0.0000       0.8562       0.0000        Y       0.0000      -0.7554       0.0000
 Z       0.0000       0.0000       0.8562        Z       0.0000       0.0000       1.7865
 
 HYPERFINE COUPLING CONSTANT FOR ATOM 36 ( H061 ) [MHz]
                        X           Y           Z
 FERMI-CONACT:         0.8562      0.8562      0.8562
 SPIN-DIPOLE :        -1.0311     -0.7554      1.7865
 SOC-PSO     :         0.0000      0.0004     -0.0000      0.0001
 A_ISOTROPIC:          0.8563


 *** ATOM 37 ( H062 ) ***

 RAW TENSOR (FC+SD+SOC-PSO and SD) [MHz]

           X            Y            Z                     X            Y            Z
 X      10.8465       1.1550       0.2167        X       0.3323       1.1548       0.2166
 Y       1.1552      10.9486       0.2484        Y       1.1548       0.4344       0.2484
 Z       0.2168       0.2485       9.7473        Z       0.2166       0.2484      -0.7667
 

 HFC TENSOR (FC and SD) MHz]

           X            Y            Z                     X            Y            Z
 X      10.5140       0.0000       0.0000        X      -0.8178       0.0000       0.0000
 Y       0.0000      10.5140       0.0000        Y       0.0000      -0.7675       0.0000
 Z       0.0000       0.0000      10.5140        Z       0.0000       0.0000       1.5853
 
 HYPERFINE COUPLING CONSTANT FOR ATOM 37 ( H062 ) [MHz]
                        X           Y           Z
 FERMI-CONACT:        10.5140     10.5140     10.5140
 SPIN-DIPOLE :        -0.8178     -0.7675      1.5853
 SOC-PSO     :         0.0003      0.0002      0.0000      0.0002
 A_ISOTROPIC:         10.5141


 *** ATOM 38 ( H063 ) ***

 RAW TENSOR (FC+SD+SOC-PSO and SD) [MHz]

           X            Y            Z                     X            Y            Z
 X      17.7916       0.9127      -0.3980        X      -0.0968       0.9124      -0.3980
 Y       0.9127      18.4508      -0.4421        Y       0.9124       0.5622      -0.4422
 Z      -0.3982      -0.4423      17.4230        Z      -0.3980      -0.4422      -0.4654
 

 HFC TENSOR (FC and SD) MHz]

           X            Y            Z                     X            Y            Z
 X      17.8883       0.0000       0.0000        X      -0.7757       0.0000       0.0000
 Y       0.0000      17.8883       0.0000        Y       0.0000      -0.6152       0.0000
 Z       0.0000       0.0000      17.8883        Z       0.0000       0.0000       1.3909
 
 HYPERFINE COUPLING CONSTANT FOR ATOM 38 ( H063 ) [MHz]
                        X           Y           Z
 FERMI-CONACT:        17.8883     17.8883     17.8883
 SPIN-DIPOLE :        -0.7757     -0.6152      1.3909
 SOC-PSO     :         0.0001      0.0003      0.0000      0.0002
 A_ISOTROPIC:         17.8885


 *** ATOM 39 ( H03 ) ***

 RAW TENSOR (FC+SD+SOC-PSO and SD) [MHz]

           X            Y            Z                     X            Y            Z
 X       7.2198      -0.4315      -0.9915        X       1.6888      -0.4314      -0.9916
 Y      -0.4317       4.8016       0.1770        Y      -0.4314      -0.7282       0.1771
 Z      -0.9921       0.1774       4.5694        Z      -0.9916       0.1771      -0.9606
 

 HFC TENSOR (FC and SD) MHz]

           X            Y            Z                     X            Y            Z
 X       5.5300       0.0000       0.0000        X      -1.2926       0.0000       0.0000
 Y       0.0000       5.5300       0.0000        Y       0.0000      -0.8029       0.0000
 Z       0.0000       0.0000       5.5300        Z       0.0000       0.0000       2.0954
 
 HYPERFINE COUPLING CONSTANT FOR ATOM 39 ( H03 ) [MHz]
                        X           Y           Z
 FERMI-CONACT:         5.5300      5.5300      5.5300
 SPIN-DIPOLE :        -1.2926     -0.8029      2.0954
 SOC-PSO     :         0.0010     -0.0001     -0.0000      0.0003
 A_ISOTROPIC:          5.5303


 
 TIMING STATISTICS (SECONDS)
 

 TIMER ENTRY                    NUMBER OF CALLS   CUMUL. CPU TIME   CONTRIBUT.

 INITIALIZATION                              1             0.028         0.0 %
 INPUT                                       1             0.296         0.4 %
 DIAGONALIZATION                            96             0.012         0.0 %
 SYMMETRY ANALYSIS                           3             0.001         0.0 %
 START GUESS                                 1             3.466         4.5 %
 MATRIX MULTIPLICATION                    6272             0.168         0.2 %
 MPI DIAGONALIZATION                        55             3.060         3.9 %
                         ON NODE             1             3.062
                         ON NODE             2             3.062
                         ON NODE             3             3.062
                         ON NODE             4             3.058
                         ON NODE             5             3.062
                         ON NODE             6             3.062
                         ON NODE             7             3.063
                         ON NODE             8             3.062
                         ON NODE             9             3.062
                         ON NODE            10             3.062
                         ON NODE            11             3.062
                         ON NODE            12             3.063
                         ON NODE            13             3.063
                         ON NODE            14             3.063
                         ON NODE            15             3.063
                         ON NODE            16             3.063
                         ON NODE            17             3.062
                         ON NODE            18             3.063
                         ON NODE            19             3.063
                         ON NODE            20             3.063
                         ON NODE            21             3.063
                         ON NODE            22             3.063
                         ON NODE            23             3.063
                         ON NODE            24             3.063
                         ON NODE            25             3.063
                         ON NODE            26             3.063
                         ON NODE            27             3.063
                         ON NODE            28             3.062
                         ON NODE            29             3.063
                         ON NODE            30             3.063
                         ON NODE            31             3.063
                         ON NODE            32             3.063
                         ON NODE            33             3.063
                         ON NODE            34             3.063
                         ON NODE            35             3.063
                         ON NODE            36             3.063
                         ON NODE            37             3.063
                         ON NODE            38             3.063
                         ON NODE            39             3.063
           AVERAGE PER PROCESSOR                           3.062
 MPI MATRIX MULTIPLICATION                 150             0.842         1.1 %
                         ON NODE             1             0.844
                         ON NODE             2             0.844
                         ON NODE             3             0.844
                         ON NODE             4             0.844
                         ON NODE             5             0.844
                         ON NODE             6             0.844
                         ON NODE             7             0.844
                         ON NODE             8             0.844
                         ON NODE             9             0.844
                         ON NODE            10             0.844
                         ON NODE            11             0.844
                         ON NODE            12             0.844
                         ON NODE            13             0.844
                         ON NODE            14             0.844
                         ON NODE            15             0.844
                         ON NODE            16             0.844
                         ON NODE            17             0.844
                         ON NODE            18             0.844
                         ON NODE            19             0.844
                         ON NODE            20             0.844
                         ON NODE            21             0.844
                         ON NODE            22             0.844
                         ON NODE            23             0.844
                         ON NODE            24             0.844
                         ON NODE            25             0.844
                         ON NODE            26             0.844
                         ON NODE            27             0.844
                         ON NODE            28             0.843
                         ON NODE            29             0.844
                         ON NODE            30             0.844
                         ON NODE            31             0.843
                         ON NODE            32             0.843
                         ON NODE            33             0.843
                         ON NODE            34             0.843
                         ON NODE            35             0.843
                         ON NODE            36             0.843
                         ON NODE            37             0.843
                         ON NODE            38             0.843
                         ON NODE            39             0.843
           AVERAGE PER PROCESSOR                           0.844
 CORE INTEGRALS                              1             0.679         0.9 %
 ORTHOGONALIZATION MATRIX                    1             0.160         0.2 %
 MPI AUXILIARY FUNCTION FIT                 47             0.731         0.9 %
                         ON NODE             1             0.811
                         ON NODE             2             0.797
                         ON NODE             3             0.817
                         ON NODE             4             0.800
                         ON NODE             5             0.810
                         ON NODE             6             0.797
                         ON NODE             7             0.786
                         ON NODE             8             0.816
                         ON NODE             9             0.805
                         ON NODE            10             0.788
                         ON NODE            11             0.815
                         ON NODE            12             0.780
                         ON NODE            13             0.799
                         ON NODE            14             0.795
                         ON NODE            15             0.779
                         ON NODE            16             0.803
                         ON NODE            17             0.783
                         ON NODE            18             0.779
                         ON NODE            19             0.807
                         ON NODE            20             0.782
                         ON NODE            21             0.801
                         ON NODE            22             0.793
                         ON NODE            23             0.785
                         ON NODE            24             0.791
                         ON NODE            25             0.794
                         ON NODE            26             0.807
                         ON NODE            27             0.790
                         ON NODE            28             0.784
                         ON NODE            29             0.805
                         ON NODE            30             0.793
                         ON NODE            31             0.800
                         ON NODE            32             0.794
                         ON NODE            33             0.798
                         ON NODE            34             0.789
                         ON NODE            35             0.782
                         ON NODE            36             0.818
                         ON NODE            37             0.802
                         ON NODE            38             0.806
                         ON NODE            39             0.789
           AVERAGE PER PROCESSOR                           0.795
 MPI CORE HAMILTONIAN                        1             0.075         0.1 %
                         ON NODE             1             0.061
                         ON NODE             2             0.061
                         ON NODE             3             0.061
                         ON NODE             4             0.061
                         ON NODE             5             0.061
                         ON NODE             6             0.061
                         ON NODE             7             0.061
                         ON NODE             8             0.061
                         ON NODE             9             0.061
                         ON NODE            10             0.061
                         ON NODE            11             0.061
                         ON NODE            12             0.061
                         ON NODE            13             0.061
                         ON NODE            14             0.061
                         ON NODE            15             0.061
                         ON NODE            16             0.061
                         ON NODE            17             0.061
                         ON NODE            18             0.061
                         ON NODE            19             0.061
                         ON NODE            20             0.061
                         ON NODE            21             0.061
                         ON NODE            22             0.061
                         ON NODE            23             0.061
                         ON NODE            24             0.061
                         ON NODE            25             0.061
                         ON NODE            26             0.061
                         ON NODE            27             0.061
                         ON NODE            28             0.061
                         ON NODE            29             0.061
                         ON NODE            30             0.061
                         ON NODE            31             0.061
                         ON NODE            32             0.061
                         ON NODE            33             0.061
                         ON NODE            34             0.061
                         ON NODE            35             0.061
                         ON NODE            36             0.061
                         ON NODE            37             0.061
                         ON NODE            38             0.061
                         ON NODE            39             0.061
           AVERAGE PER PROCESSOR                           0.061
 MPI NEAR ERI CALCULATION                    1             0.269         0.3 %
                         ON NODE             1             0.269
                         ON NODE             2             0.269
                         ON NODE             3             0.269
                         ON NODE             4             0.269
                         ON NODE             5             0.269
                         ON NODE             6             0.269
                         ON NODE             7             0.269
                         ON NODE             8             0.269
                         ON NODE             9             0.269
                         ON NODE            10             0.269
                         ON NODE            11             0.269
                         ON NODE            12             0.269
                         ON NODE            13             0.269
                         ON NODE            14             0.269
                         ON NODE            15             0.269
                         ON NODE            16             0.269
                         ON NODE            17             0.269
                         ON NODE            18             0.269
                         ON NODE            19             0.269
                         ON NODE            20             0.269
                         ON NODE            21             0.269
                         ON NODE            22             0.269
                         ON NODE            23             0.269
                         ON NODE            24             0.269
                         ON NODE            25             0.269
                         ON NODE            26             0.269
                         ON NODE            27             0.269
                         ON NODE            28             0.269
                         ON NODE            29             0.269
                         ON NODE            30             0.269
                         ON NODE            31             0.269
                         ON NODE            32             0.269
                         ON NODE            33             0.269
                         ON NODE            34             0.269
                         ON NODE            35             0.269
                         ON NODE            36             0.269
                         ON NODE            37             0.269
                         ON NODE            38             0.269
                         ON NODE            39             0.269
           AVERAGE PER PROCESSOR                           0.269
 SCF ITERATION                               1            60.179        77.4 %
 NULLSPACE                                   2             0.160         0.2 %
 MPI FAR J CALCULATION                      23             0.325         0.4 %
                         ON NODE             1             0.325
                         ON NODE             2             0.325
                         ON NODE             3             0.325
                         ON NODE             4             0.325
                         ON NODE             5             0.325
                         ON NODE             6             0.325
                         ON NODE             7             0.325
                         ON NODE             8             0.325
                         ON NODE             9             0.325
                         ON NODE            10             0.325
                         ON NODE            11             0.325
                         ON NODE            12             0.325
                         ON NODE            13             0.325
                         ON NODE            14             0.325
                         ON NODE            15             0.325
                         ON NODE            16             0.325
                         ON NODE            17             0.324
                         ON NODE            18             0.325
                         ON NODE            19             0.325
                         ON NODE            20             0.325
                         ON NODE            21             0.325
                         ON NODE            22             0.325
                         ON NODE            23             0.325
                         ON NODE            24             0.325
                         ON NODE            25             0.325
                         ON NODE            26             0.325
                         ON NODE            27             0.325
                         ON NODE            28             0.325
                         ON NODE            29             0.325
                         ON NODE            30             0.325
                         ON NODE            31             0.325
                         ON NODE            32             0.325
                         ON NODE            33             0.325
                         ON NODE            34             0.325
                         ON NODE            35             0.325
                         ON NODE            36             0.325
                         ON NODE            37             0.325
                         ON NODE            38             0.325
                         ON NODE            39             0.325
           AVERAGE PER PROCESSOR                           0.325
 MPI EXX POTENTIAL                          23            46.899        60.3 %
                         ON NODE             1            46.927
                         ON NODE             2            46.934
                         ON NODE             3            46.931
                         ON NODE             4            46.890
                         ON NODE             5            46.933
                         ON NODE             6            46.932
                         ON NODE             7            46.933
                         ON NODE             8            46.930
                         ON NODE             9            46.931
                         ON NODE            10            46.931
                         ON NODE            11            46.929
                         ON NODE            12            46.905
                         ON NODE            13            46.924
                         ON NODE            14            46.909
                         ON NODE            15            46.913
                         ON NODE            16            46.913
                         ON NODE            17            46.919
                         ON NODE            18            46.908
                         ON NODE            19            46.927
                         ON NODE            20            46.938
                         ON NODE            21            46.941
                         ON NODE            22            46.940
                         ON NODE            23            46.940
                         ON NODE            24            46.932
                         ON NODE            25            46.935
                         ON NODE            26            46.936
                         ON NODE            27            46.936
                         ON NODE            28            46.915
                         ON NODE            29            46.934
                         ON NODE            30            46.934
                         ON NODE            31            46.933
                         ON NODE            32            46.936
                         ON NODE            33            46.938
                         ON NODE            34            46.935
                         ON NODE            35            46.939
                         ON NODE            36            46.937
                         ON NODE            37            46.936
                         ON NODE            38            46.936
                         ON NODE            39            46.935
           AVERAGE PER PROCESSOR                          46.928
 CHOLESKY MO LOCALIZATION                   48             0.049         0.1 %
 MPI FOSTER-BOYS MO LOCALIZATION            48             1.806         2.3 %
                         ON NODE             1             0.930
                         ON NODE             2             0.930
                         ON NODE             3             0.930
                         ON NODE             4             0.929
                         ON NODE             5             0.930
                         ON NODE             6             0.930
                         ON NODE             7             0.930
                         ON NODE             8             0.930
                         ON NODE             9             0.930
                         ON NODE            10             0.930
                         ON NODE            11             0.930
                         ON NODE            12             0.929
                         ON NODE            13             0.930
                         ON NODE            14             0.930
                         ON NODE            15             0.929
                         ON NODE            16             0.930
                         ON NODE            17             0.929
                         ON NODE            18             0.930
                         ON NODE            19             0.930
                         ON NODE            20             0.930
                         ON NODE            21             0.930
                         ON NODE            22             0.930
                         ON NODE            23             0.930
                         ON NODE            24             0.930
                         ON NODE            25             0.930
                         ON NODE            26             0.930
                         ON NODE            27             0.930
                         ON NODE            28             0.929
                         ON NODE            29             0.930
                         ON NODE            30             0.930
                         ON NODE            31             0.930
                         ON NODE            32             0.930
                         ON NODE            33             0.930
                         ON NODE            34             0.930
                         ON NODE            35             0.930
                         ON NODE            36             0.930
                         ON NODE            37             0.930
                         ON NODE            38             0.930
                         ON NODE            39             0.930
           AVERAGE PER PROCESSOR                           0.951
 MPI OCTREE MO SORTING                      46             0.782         1.0 %
                         ON NODE             1             0.780
                         ON NODE             2             0.780
                         ON NODE             3             0.780
                         ON NODE             4             0.779
                         ON NODE             5             0.780
                         ON NODE             6             0.780
                         ON NODE             7             0.780
                         ON NODE             8             0.780
                         ON NODE             9             0.780
                         ON NODE            10             0.780
                         ON NODE            11             0.780
                         ON NODE            12             0.778
                         ON NODE            13             0.780
                         ON NODE            14             0.778
                         ON NODE            15             0.780
                         ON NODE            16             0.780
                         ON NODE            17             0.780
                         ON NODE            18             0.780
                         ON NODE            19             0.780
                         ON NODE            20             0.780
                         ON NODE            21             0.780
                         ON NODE            22             0.780
                         ON NODE            23             0.780
                         ON NODE            24             0.780
                         ON NODE            25             0.780
                         ON NODE            26             0.780
                         ON NODE            27             0.780
                         ON NODE            28             0.780
                         ON NODE            29             0.780
                         ON NODE            30             0.780
                         ON NODE            31             0.780
                         ON NODE            32             0.780
                         ON NODE            33             0.780
                         ON NODE            34             0.780
                         ON NODE            35             0.780
                         ON NODE            36             0.780
                         ON NODE            37             0.780
                         ON NODE            38             0.780
                         ON NODE            39             0.780
           AVERAGE PER PROCESSOR                           0.780
 GRID INITIALIZATION                         2             0.004         0.0 %
 ADAPTIVE GRID GENERATION                    2             2.833         3.6 %
 MPI XC POTENTIAL                           23             2.326         3.0 %
                         ON NODE             1             2.316
                         ON NODE             2             2.316
                         ON NODE             3             2.316
                         ON NODE             4             2.310
                         ON NODE             5             2.315
                         ON NODE             6             2.315
                         ON NODE             7             2.315
                         ON NODE             8             2.314
                         ON NODE             9             2.314
                         ON NODE            10             2.314
                         ON NODE            11             2.313
                         ON NODE            12             2.313
                         ON NODE            13             2.313
                         ON NODE            14             2.313
                         ON NODE            15             2.313
                         ON NODE            16             2.312
                         ON NODE            17             2.307
                         ON NODE            18             2.309
                         ON NODE            19             2.310
                         ON NODE            20             2.308
                         ON NODE            21             2.308
                         ON NODE            22             2.308
                         ON NODE            23             2.308
                         ON NODE            24             2.307
                         ON NODE            25             2.307
                         ON NODE            26             2.307
                         ON NODE            27             2.307
                         ON NODE            28             2.306
                         ON NODE            29             2.306
                         ON NODE            30             2.306
                         ON NODE            31             2.306
                         ON NODE            32             2.306
                         ON NODE            33             2.306
                         ON NODE            34             2.306
                         ON NODE            35             2.306
                         ON NODE            36             2.305
                         ON NODE            37             2.305
                         ON NODE            38             2.305
                         ON NODE            39             2.305
           AVERAGE PER PROCESSOR                           2.310
 MPI FAR ERI CALCULATION                    23             0.273         0.4 %
                         ON NODE             1             0.273
                         ON NODE             2             0.273
                         ON NODE             3             0.273
                         ON NODE             4             0.273
                         ON NODE             5             0.273
                         ON NODE             6             0.273
                         ON NODE             7             0.273
                         ON NODE             8             0.273
                         ON NODE             9             0.273
                         ON NODE            10             0.273
                         ON NODE            11             0.273
                         ON NODE            12             0.273
                         ON NODE            13             0.273
                         ON NODE            14             0.273
                         ON NODE            15             0.273
                         ON NODE            16             0.273
                         ON NODE            17             0.273
                         ON NODE            18             0.273
                         ON NODE            19             0.273
                         ON NODE            20             0.273
                         ON NODE            21             0.273
                         ON NODE            22             0.273
                         ON NODE            23             0.273
                         ON NODE            24             0.273
                         ON NODE            25             0.273
                         ON NODE            26             0.273
                         ON NODE            27             0.273
                         ON NODE            28             0.273
                         ON NODE            29             0.273
                         ON NODE            30             0.273
                         ON NODE            31             0.273
                         ON NODE            32             0.273
                         ON NODE            33             0.273
                         ON NODE            34             0.273
                         ON NODE            35             0.273
                         ON NODE            36             0.273
                         ON NODE            37             0.273
                         ON NODE            38             0.273
                         ON NODE            39             0.273
           AVERAGE PER PROCESSOR                           0.273
 MPI EXX ENERGY                              1             1.605         2.1 %
                         ON NODE             1             1.612
                         ON NODE             2             1.612
                         ON NODE             3             1.612
                         ON NODE             4             1.610
                         ON NODE             5             1.612
                         ON NODE             6             1.612
                         ON NODE             7             1.612
                         ON NODE             8             1.612
                         ON NODE             9             1.612
                         ON NODE            10             1.612
                         ON NODE            11             1.612
                         ON NODE            12             1.612
                         ON NODE            13             1.612
                         ON NODE            14             1.612
                         ON NODE            15             1.612
                         ON NODE            16             1.612
                         ON NODE            17             1.612
                         ON NODE            18             1.612
                         ON NODE            19             1.612
                         ON NODE            20             1.613
                         ON NODE            21             1.612
                         ON NODE            22             1.613
                         ON NODE            23             1.612
                         ON NODE            24             1.612
                         ON NODE            25             1.612
                         ON NODE            26             1.612
                         ON NODE            27             1.612
                         ON NODE            28             1.612
                         ON NODE            29             1.612
                         ON NODE            30             1.612
                         ON NODE            31             1.612
                         ON NODE            32             1.612
                         ON NODE            33             1.612
                         ON NODE            34             1.612
                         ON NODE            35             1.612
                         ON NODE            36             1.612
                         ON NODE            37             1.612
                         ON NODE            38             1.612
                         ON NODE            39             1.612
           AVERAGE PER PROCESSOR                           1.612
 MPI EPR A-TENSOR                            1             9.909        12.7 %
                         ON NODE             1             9.929
                         ON NODE             2             9.930
                         ON NODE             3             9.930
                         ON NODE             4             9.922
                         ON NODE             5             9.929
                         ON NODE             6             9.930
                         ON NODE             7             9.930
                         ON NODE             8             9.929
                         ON NODE             9             9.929
                         ON NODE            10             9.929
                         ON NODE            11             9.931
                         ON NODE            12             9.932
                         ON NODE            13             9.932
                         ON NODE            14             9.931
                         ON NODE            15             9.932
                         ON NODE            16             9.932
                         ON NODE            17             9.930
                         ON NODE            18             9.930
                         ON NODE            19             9.930
                         ON NODE            20             9.930
                         ON NODE            21             9.926
                         ON NODE            22             9.931
                         ON NODE            23             9.931
                         ON NODE            24             9.930
                         ON NODE            25             9.930
                         ON NODE            26             9.930
                         ON NODE            27             9.931
                         ON NODE            28             9.930
                         ON NODE            29             9.930
                         ON NODE            30             9.930
                         ON NODE            31             9.930
                         ON NODE            32             9.930
                         ON NODE            33             9.931
                         ON NODE            34             9.931
                         ON NODE            35             9.931
                         ON NODE            36             9.931
                         ON NODE            37             9.931
                         ON NODE            38             9.931
                         ON NODE            39             9.931
           AVERAGE PER PROCESSOR                           9.930
 MPI PSO-SOC                                 1             8.062        10.4 %
                         ON NODE             1             8.073
                         ON NODE             2             8.074
                         ON NODE             3             8.073
                         ON NODE             4             8.067
                         ON NODE             5             8.073
                         ON NODE             6             8.073
                         ON NODE             7             8.073
                         ON NODE             8             8.072
                         ON NODE             9             8.073
                         ON NODE            10             8.072
                         ON NODE            11             8.074
                         ON NODE            12             8.075
                         ON NODE            13             8.075
                         ON NODE            14             8.074
                         ON NODE            15             8.075
                         ON NODE            16             8.075
                         ON NODE            17             8.074
                         ON NODE            18             8.074
                         ON NODE            19             8.074
                         ON NODE            20             8.074
                         ON NODE            21             8.070
                         ON NODE            22             8.074
                         ON NODE            23             8.074
                         ON NODE            24             8.074
                         ON NODE            25             8.073
                         ON NODE            26             8.074
                         ON NODE            27             8.074
                         ON NODE            28             8.073
                         ON NODE            29             8.073
                         ON NODE            30             8.074
                         ON NODE            31             8.073
                         ON NODE            32             8.074
                         ON NODE            33             8.074
                         ON NODE            34             8.074
                         ON NODE            35             8.074
                         ON NODE            36             8.074
                         ON NODE            37             8.074
                         ON NODE            38             8.074
                         ON NODE            39             8.074
           AVERAGE PER PROCESSOR                           8.073

 FINAL TIMING           DATE: WED DEC 08 20:11:40 2021  TOTAL TIME:      77.787
