 ******************************************************************************
 ******************************************************************************
 ***                                                                        ***
 ***                              PROGRAM deMon2k                           ***
 ***                                                                        ***
 ***                        (VERSION 6.0.2, Jul. 2018)                      ***
 ***                                                                        ***
 ***     COPYRIGHT (C) BY THE INTERNATIONAL DEMON DEVELOPERS COMMUNITY      ***
 ***                                                                        ***
 ***  AUTHORS: A.M. Koster, G. Geudtner, A. Alvarez-Ibarra, P. Calaminici,  ***
 ***           M.E. Casida, J. Carmona-Espindola, V. Dominguez, R. Flores-  ***
 ***           Moreno, G.U. Gamboa, A. Goursot, T. Heine, A. Ipatov, A. de  ***
 ***           la Lande, F. Janetzko, J.M. del Campo, L.G.M. Pettersson,    ***
 ***           D. Mejia-Rodriguez, J. Reveles, J. Vasquez-Perez, A. Vela,   ***
 ***           B. Zuniga-Gutierrez and D.R. Salahub                         ***
 ***                                                                        ***
 ******************************************************************************
 ******************************************************************************
                                                                                

 FIRST TIMING           DATE: WED DEC 08 20:10:20 2021  TOTAL TIME:       0.285
                                                                                

 INITIALIZATION                   STEP TIME:     0.028  TOTAL TIME:       0.314

 ******************************************************************************

 HFCC ON 6PU0 MD FRAME

 ******************************************************************************

 
 *** MOLECULAR SIMULATION DATA ***
 
 MOLECULAR CHARGE: -1
 NUMBER OF ATOMS: 39
 MOLECULAR SIMULATION TYPE: QM ONLY
 
 *** MOLECULAR QM DATA ***
 
 MULTIPLICITY: 2
 NUMBER OF QM ATOMS: 39
 NUMBER OF ELECTRONS: 167
 
 *** SCF OPTIONS ***
 
 SCF THEORY: UNRESTRICTED KOHN-SHAM (UKS)
 DIAGONALIZER: RS
 START GUESS: HUECKEL DENSITY
 SCF TOLERANCE: 0.100E-04
 POTENTIAL DENSITY: FITTED DENSITY
 NUMBER OF SCF ITERATIONS: 100
 DIIS ACCELERATION: ON
 LEVEL-SHIFT: ON (SHIFT VALUE = -0.100 HARTREE)
 XC-POTENTIAL: B3LYP - B3LYP
 GRID TECHNIQUE: ADAPTIVE
 GRID PRUNING: ON
 GRID METHOD: DIRECT
 GRID GENERATING FUNCTION: SCF
 GRID TOLERANCE: 0.100E-05
 ATOMIC WEIGHT FUNCTION: BECKE SCREENED
 RADIAL QUADRATURE TYPE: GAUSS-CHEBYSHEV
 SCF METHODE: MIXED & DOUBLE ASYMPTOTIC EXPANSION
 FREEZE AUXILIARY FUNCTIONS: OFF
 NUMERICAL FIT SOLVER: DIAGONAL SVD
 SVD THRESHOLD: 0.100E-05
 SCF SCREENING: 0.599E-12
 SYMMETRY USE: OFF
 ROTATION OF THE ANGULAR GRIDS: ON
 SCF PRINTING UNTIL CYCLE 0
 CARTESIAN ORBITALS WILL BE USED
 
 *** MAGNETIC PROPERTY OPTIONS ***
 
 CALCULATE EPR HYPERFINE COUPLING
 
 *** PRINT OPTIONS ***
 
 PRINT NMR DEBUG OUTPUT
 
 *** ACTIVATED INTERFACE PORTS ***
 
 FILE deMon.mol WILL BE WRITTEN
 
 
 *** GEOMETRY ***


 INPUT ORIENTATION IN ANGSTROM

  NO.  ATOM        X            Y            Z      Z-ATOM   MASS   TYPE OPTXYZ

    1  C        -2.275531     1.301073    -1.991012     6    12.011  QM       
    2  O        -2.642536     2.430674    -1.198147     8    15.999  QM       
    3  C        -2.364322     0.007281    -1.089936     6    12.011  QM       
    4  O        -1.983790    -1.109387    -1.949310     8    15.999  QM       
    5  C        -1.467941     0.014506     0.178442     6    12.011  QM       
    6  N         0.125539     2.292745    -0.020920     7    14.007  QM       
    7  C         0.727621     3.580864    -0.141372     6    12.011  QM       
    8  O         0.067686     4.581794    -0.077925     8    15.999  QM       
    9  N         2.073267     3.541232    -0.179979     7    14.007  QM       
   10  C         2.883551     2.537423    -0.080465     6    12.011  QM       
   11  C         2.231093     1.182348     0.014670     6    12.011  QM       
   12  O         4.114204     2.768386     0.072136     8    15.999  QM       
   13  C         2.212094    -1.105266     0.009826     6    12.011  QM       
   14  N01       2.927749     0.008446     0.005337     7    14.007  QM       
   15  C         2.920189    -2.340664    -0.052439     6    12.011  QM       
   16  C         2.188574    -3.579766    -0.094901     6    12.011  QM       
   17  C         2.960158    -4.888253     0.029668     6    12.011  QM       
   18  C         0.764829    -3.613096    -0.162742     6    12.011  QM       
   19  C        -0.080732    -4.924616    -0.084332     6    12.011  QM       
   20  C         0.114904    -2.437805    -0.210635     6    12.011  QM       
   21  C         0.801197    -1.155976     0.017755     6    12.011  QM       
   22  C         0.796538     1.107267     0.017368     6    12.011  QM       
   23  N02       0.000000     0.000000     0.000000     7    14.007  QM       
   24  H        -2.332803    -0.797482    -2.801812     1     1.008  QM       
   25  H        -1.964413     2.451261    -0.501920     1     1.008  QM       
   26  H         2.483491     4.439210    -0.408297     1     1.008  QM       
   27  H08       3.998967    -2.277087     0.052807     1     1.008  QM       
   28  H        -0.971308    -2.446158    -0.219179     1     1.008  QM       
   29  H        -2.982052     1.218376    -2.816898     1     1.008  QM       
   30  H04      -1.765515    -0.808182     0.841423     1     1.008  QM       
   31  H        -3.394001    -0.188765    -0.768671     1     1.008  QM       
   32  H        -1.307335     1.405212    -2.495429     1     1.008  QM       
   33  H071      3.876602    -4.852681     0.632287     1     1.008  QM       
   34  H072      3.299290    -5.197460    -0.965751     1     1.008  QM       
   35  H073      2.322680    -5.637957     0.515070     1     1.008  QM       
   36  H061     -1.010674    -4.842814    -0.661143     1     1.008  QM       
   37  H062     -0.337611    -5.301783     0.912530     1     1.008  QM       
   38  H063      0.553829    -5.692823    -0.541119     1     1.008  QM       
   39  H03      -1.742399     0.885192     0.785136     1     1.008  QM       


 
 
 *** WARNING IN INPCHK ***
 
 *** START GUESS IS CALCULATED WITH VXCTYPE PBE AUXIS ***
 
 
 
 *** ERI STATISTIC ***
 
 Est. Integrated ERIs: 109134502
 Est. Asymptotic ERIS: 86498
                                                                                

 INPUT                            STEP TIME:     0.283  TOTAL TIME:       0.596
 
 *** THE INPUT ORIENTATION IS USED ***
 
 POINT GROUP: C1
 
 GROUP ORDER: 1


 STANDARD ORIENTATION IN ANGSTROM

  NO.  ATOM        X              Y              Z        Z-ATOM   MASS   TYPE

    1  C         1.645653      -3.063240       0.932391       6    12.011  QM
    2  O         2.784776      -3.092864       0.071667       8    15.999  QM
    3  C         0.343328      -3.110363       0.040512       6    12.011  QM
    4  O        -0.782414      -3.081112       0.969019       8    15.999  QM
    5  C         0.196995      -1.956242      -0.988528       6    12.011  QM
    6  N         2.265827      -0.171011      -0.438817       7    14.007  QM
    7  C         3.472807       0.548059      -0.189021       6    12.011  QM
    8  O         4.545043       0.053632      -0.406396       8    15.999  QM
    9  N         3.268205       1.833368       0.157307       7    14.007  QM
   10  C         2.169037       2.509556       0.250555       6    12.011  QM
   11  C         0.902739       1.727523       0.014136       6    12.011  QM
   12  O         2.240620       3.761916       0.383245       8    15.999  QM
   13  C        -1.363466       1.414834       0.024285       6    12.011  QM
   14  N01      -0.347401       2.247508       0.188000       7    14.007  QM
   15  C        -2.674235       1.925970       0.252556       6    12.011  QM
   16  C        -3.811105       1.051161       0.131417       6    12.011  QM
   17  C        -5.208484       1.656614       0.192707       6    12.011  QM
   18  C        -3.665624      -0.343054      -0.128898       6    12.011  QM
   19  C        -4.864260      -1.309729      -0.393507       6    12.011  QM
   20  C        -2.417974      -0.830729      -0.236352       6    12.011  QM
   21  C        -1.239353       0.047987      -0.306760       6    12.011  QM
   22  C         1.005786       0.333524      -0.317139       6    12.011  QM
   23  N02       0.006859      -0.581371      -0.478155       7    14.007  QM
   24  H        -0.401294      -3.571510       1.717425       1     1.008  QM
   25  H         2.697898      -2.277564      -0.450582       1     1.008  QM
   26  H         4.115635       2.292724       0.469767       1     1.008  QM
   27  H08      -2.748266       2.999501       0.397227       1     1.008  QM
   28  H        -2.291498      -1.882417      -0.477088       1     1.008  QM
   29  H         1.678797      -3.943337       1.574597       1     1.008  QM
   30  H04      -0.604287      -2.198566      -1.698553       1     1.008  QM
   31  H         0.265605      -4.056701      -0.507474       1     1.008  QM
   32  H         1.645981      -2.229598       1.644941       1     1.008  QM
   33  H071     -5.306867       2.682682      -0.183842       1     1.008  QM
   34  H072     -5.523747       1.718536       1.240683       1     1.008  QM
   35  H073     -5.889350       1.055195      -0.422731       1     1.008  QM
   36  H061     -4.648667      -2.327927      -0.045676       1     1.008  QM
   37  H062     -5.239933      -1.379898      -1.421088       1     1.008  QM
   38  H063     -5.689366      -0.899213       0.199907       1     1.008  QM
   39  H03       1.074126      -1.971948      -1.645714       1     1.008  QM
                                                                                

 SYMMETRY ANALYSIS                STEP TIME:     0.000  TOTAL TIME:       0.599
 
 NUMBER OF TB ORBITALS: 131
                                                                                

 START GUESS                      STEP TIME:     3.516  TOTAL TIME:       4.121
 
 
 GENERAL BASIS SET: (DZVP-GGA)
 N01 BASIS SET: (EPR-III)
 N02 BASIS SET: (EPR-III)
 H08 BASIS SET: (EPR-III)
 H04 BASIS SET: (EPR-III)
 H071 BASIS SET: (EPR-III)
 H072 BASIS SET: (EPR-III)
 H073 BASIS SET: (EPR-III)
 H061 BASIS SET: (EPR-III)
 H062 BASIS SET: (EPR-III)
 H063 BASIS SET: (EPR-III)
 H03 BASIS SET: (EPR-III)
 
 NUMBER OF SHELLS: 227
 NUMBER OF ORBITALS: 502
 NUMBER OF PRIMITIVE GAUSSIAN EXPONENTS: 469
 
 
 GENERAL AUXIS SET: (GEN-A2)
 N01 AUXIS SET: (GEN-A2*)
 N02 AUXIS SET: (GEN-A2*)
 H08 AUXIS SET: (GEN-A2*)
 H04 AUXIS SET: (GEN-A2*)
 H071 AUXIS SET: (GEN-A2*)
 H072 AUXIS SET: (GEN-A2*)
 H073 AUXIS SET: (GEN-A2*)
 H061 AUXIS SET: (GEN-A2*)
 H062 AUXIS SET: (GEN-A2*)
 H063 AUXIS SET: (GEN-A2*)
 H03 AUXIS SET: (GEN-A2*)
 
 NUMBER OF AUXILIARY FUNCTION SETS: 238
 NUMBER OF AUXILIARY FUNCTION SHELLS: 436
 NUMBER OF AUXILIARY FUNCTION: 1225
 
 
 
 *** WARNING IN INVCDERI ***
 
 *** 10 COULOMB EIGENVALUES ARE QUENCHED ***
                                                                                

 MPI AUXILIARY FUNCTION FIT       STEP TIME:     0.412  TOTAL TIME:       4.707
                                                                                

 CORE INTEGRALS                   STEP TIME:     0.660  TOTAL TIME:       4.783
                                                                                

 NULLSPACE                        STEP TIME:     0.083  TOTAL TIME:       5.291
                                                                                

 NULLSPACE                        STEP TIME:     0.077  TOTAL TIME:       5.462
                                                                                

 ADAPTIVE GRID GENERATION         STEP TIME:     1.307  TOTAL TIME:       9.119

 CYCLE:    1    EUPPER =    -2911.500618806218    CDMIX =        0.300000000000
 CYCLE:    1    ELOWER =    -5387.352197070932    SHIFT =        0.000000000000
 CYCLE:    1    EXC    =     -148.308915150140    ERCDC =       50.368428792083
 CYCLE:    1    ETOTAL =    -3059.809533956358    ERROR =     2475.851578264714

 CYCLE:    2    EUPPER =    -2910.205021327076    CDMIX =        0.300000000000
 CYCLE:    2    ELOWER =    -2915.260080723186    SHIFT =        0.100000000000
 CYCLE:    2    EXC    =     -149.226576492812    ERCDC =        1.348464285901
 CYCLE:    2    ETOTAL =    -3059.431597819888    ERROR =        5.055059396110

 CYCLE:    3    EUPPER =    -2911.475277425729    CDMIX =        0.300000000000
 CYCLE:    3    ELOWER =    -2912.550660891917    SHIFT =        0.100000000000
 CYCLE:    3    EXC    =     -149.768512459617    ERCDC =        0.534619618770
 CYCLE:    3    ETOTAL =    -3061.243789885346    ERROR =        1.075383466188

 CYCLE:    4    EUPPER =    -2912.053981290742    CDMIX =        0.300000000000
 CYCLE:    4    ELOWER =    -2912.256283903106    SHIFT =        0.100000000000
 CYCLE:    4    EXC    =     -150.090299853782    ERCDC =        0.183078784071
 CYCLE:    4    ETOTAL =    -3062.144281144523    ERROR =        0.202302612364

 CYCLE:    5    EUPPER =    -2912.326615683821    CDMIX =        0.300000000000
 CYCLE:    5    ELOWER =    -2912.406105853758    SHIFT =        0.085230837642
 CYCLE:    5    EXC    =     -150.228911405724    ERCDC =        0.133656088922
 CYCLE:    5    ETOTAL =    -3062.555527089545    ERROR =        0.079490169937

 CYCLE:    6    EUPPER =    -2912.510721848549    CDMIX =        0.300000000000
 CYCLE:    6    ELOWER =    -2912.537648032158    SHIFT =        0.076597284649
 CYCLE:    6    EXC    =     -150.281329756548    ERCDC =        0.046957471880
 CYCLE:    6    ETOTAL =    -3062.792051605097    ERROR =        0.026926183609

 CYCLE:    7    EUPPER =    -2912.588864075798    CDMIX =        0.300000000000
 CYCLE:    7    ELOWER =    -2912.599284365076    SHIFT =        0.066592142626
 CYCLE:    7    EXC    =     -150.308379663979    ERCDC =        0.026633332263
 CYCLE:    7    ETOTAL =    -3062.897243739777    ERROR =        0.010420289278

 CYCLE:    8    EUPPER =    -2912.612575697041    CDMIX =        0.300000000000
 CYCLE:    8    ELOWER =    -2912.617119263029    SHIFT =        0.057817985163
 CYCLE:    8    EXC    =     -150.327884024342    ERCDC =        0.016310121822
 CYCLE:    8    ETOTAL =    -3062.940459721383    ERROR =        0.004543565988

 CYCLE:    9    EUPPER =    -2912.619471580221    CDMIX =        0.300000000000
 CYCLE:    9    ELOWER =    -2912.621509539382    SHIFT =        0.050146454265
 CYCLE:    9    EXC    =     -150.342079164585    ERCDC =        0.013515438717
 CYCLE:    9    ETOTAL =    -3062.961550744806    ERROR =        0.002037959161

 CYCLE:   10    EUPPER =    -2912.622402415574    CDMIX =        0.300000000000
 CYCLE:   10    ELOWER =    -2912.623348501152    SHIFT =        0.042736290703
 CYCLE:   10    EXC    =     -150.371189408891    EDIIS =        0.011539088716
 CYCLE:   10    ETOTAL =    -3062.993591824464    ERROR =        0.000946085579

 CYCLE:   11    EUPPER =    -2912.629069760686    CDMIX =        0.300000000000
 CYCLE:   11    ELOWER =    -2912.629147602726    SHIFT =        0.035643990603
 CYCLE:   11    EXC    =     -150.369249308945    EDIIS =        0.006191454418
 CYCLE:   11    ETOTAL =    -3062.998319069630    ERROR =        0.000077842040

 CYCLE:   12    EUPPER =    -2912.626548397320    CDMIX =        0.300000000000
 CYCLE:   12    ELOWER =    -2912.626551165562    SHIFT =        0.012559863432
 CYCLE:   12    EXC    =     -150.370772607125    EDIIS =        0.003282979939
 CYCLE:   12    ETOTAL =    -3062.997321004445    ERROR =        0.000002768242

 CYCLE:   13    EUPPER =    -2912.627169457211    CDMIX =        0.300000000000
 CYCLE:   13    ELOWER =    -2912.627170751266    SHIFT =        0.000000000000
 CYCLE:   13    EXC    =     -150.370854739721    EDIIS =        0.002343516731
 CYCLE:   13    ETOTAL =    -3062.998024196932    ERROR =        0.000001294055

 CYCLE:   14    EUPPER =    -2912.626541418545    CDMIX =        0.300000000000
 CYCLE:   14    ELOWER =    -2912.626541866837    SHIFT =        0.000000000000
 CYCLE:   14    EXC    =     -150.371122061236    EDIIS =        0.001614395057
 CYCLE:   14    ETOTAL =    -3062.997663479782    ERROR =        0.000000448292

 CYCLE:   15    EUPPER =    -2912.626580997900    CDMIX =        0.300000000000
 CYCLE:   15    ELOWER =    -2912.626581099472    SHIFT =        0.000000000000
 CYCLE:   15    EXC    =     -150.371216036356    EDIIS =        0.001186227673
 CYCLE:   15    ETOTAL =    -3062.997797034256    ERROR =        0.000000101572

 CYCLE:   16    EUPPER =    -2912.626335668780    CDMIX =        0.300000000000
 CYCLE:   16    ELOWER =    -2912.626335713097    SHIFT =        0.000000000000
 CYCLE:   16    EXC    =     -150.371397192860    EDIIS =        0.000512442076
 CYCLE:   16    ETOTAL =    -3062.997732861640    ERROR =        0.000000044317

 CYCLE:   17    EUPPER =    -2912.626426684037    CDMIX =        0.300000000000
 CYCLE:   17    ELOWER =    -2912.626426704221    SHIFT =        0.000000000000
 CYCLE:   17    EXC    =     -150.371409967564    EDIIS =        0.000514363522
 CYCLE:   17    ETOTAL =    -3062.997836651601    ERROR =        0.000000020184

 CYCLE:   18    EUPPER =    -2912.626417980071    CDMIX =        0.300000000000
 CYCLE:   18    ELOWER =    -2912.626417987416    SHIFT =        0.000000000000
 CYCLE:   18    EXC    =     -150.371415542848    EDIIS =        0.000355921761
 CYCLE:   18    ETOTAL =    -3062.997833522919    ERROR =        0.000000007345

 CYCLE:   19    EUPPER =    -2912.626361886720    CDMIX =        0.300000000000
 CYCLE:   19    ELOWER =    -2912.626361889304    SHIFT =        0.000000000000
 CYCLE:   19    EXC    =     -150.371453504333    ERCDC =        0.000283670235
 CYCLE:   19    ETOTAL =    -3062.997815391052    ERROR =        0.000000002585
 
 *** SCF CONVERGED ***
 
 
 RANDOMIZED SCF GRID GENERATED IN 3 CYCLES
 

 REFERENCE VALUE OF S**2 FOR PURE SPIN STATE S(S+1):    0.7500

 S**2 BEFORE SPIN PROJECTION:    0.7632
 S**2 AFTER SPIN PROJECTION:     0.7501


 ELECTRONIC CORE ENERGY      =      -5420.210863751
 ELECTRONIC COULOMB ENERGY   =       2507.583489001
 ELECTRONIC HARTREE ENERGY   =      -2912.627374750

 EXCHANGE ENERGY             =       -143.000144408
 CORRELATION ENERGY          =         -7.378621334
 EXCHANGE-CORRELATION ENERGY =       -150.378765742

 ELECTRONIC SCF ENERGY       =      -3063.006140492
 NUCLEAR-REPULSION ENERGY    =       1961.669668690
 TOTAL ENERGY                =      -1101.336471802
                                                                                

 SCF ITERATION                    STEP TIME:    58.457  TOTAL TIME:      66.131
 
 
 
 ***********************************************
 *** MOLECULAR MAGNETIC PROPERTY CALCULATION ***
 ***********************************************


 MOLECULE ORIENTATION FOR MAGNETIC PROPERTIES IN ANGSTROM

  NO.  ATOM        X              Y              Z        Z-ATOM   MASS   TYPE

    1  C        -2.275531       1.301073      -1.991012       6    12.011  QM
    2  O        -2.642536       2.430674      -1.198147       8    15.999  QM
    3  C        -2.364322       0.007281      -1.089936       6    12.011  QM
    4  O        -1.983790      -1.109387      -1.949310       8    15.999  QM
    5  C        -1.467941       0.014506       0.178442       6    12.011  QM
    6  N         0.125539       2.292745      -0.020920       7    14.007  QM
    7  C         0.727621       3.580864      -0.141372       6    12.011  QM
    8  O         0.067686       4.581794      -0.077925       8    15.999  QM
    9  N         2.073267       3.541232      -0.179979       7    14.007  QM
   10  C         2.883551       2.537423      -0.080465       6    12.011  QM
   11  C         2.231093       1.182348       0.014670       6    12.011  QM
   12  O         4.114204       2.768386       0.072136       8    15.999  QM
   13  C         2.212094      -1.105266       0.009826       6    12.011  QM
   14  N01       2.927749       0.008446       0.005337       7    14.007  QM
   15  C         2.920189      -2.340664      -0.052439       6    12.011  QM
   16  C         2.188574      -3.579766      -0.094901       6    12.011  QM
   17  C         2.960158      -4.888253       0.029668       6    12.011  QM
   18  C         0.764829      -3.613096      -0.162742       6    12.011  QM
   19  C        -0.080732      -4.924616      -0.084332       6    12.011  QM
   20  C         0.114904      -2.437805      -0.210635       6    12.011  QM
   21  C         0.801197      -1.155976       0.017755       6    12.011  QM
   22  C         0.796538       1.107267       0.017368       6    12.011  QM
   23  N02       0.000000       0.000000       0.000000       7    14.007  QM
   24  H        -2.332803      -0.797482      -2.801812       1     1.008  QM
   25  H        -1.964413       2.451261      -0.501920       1     1.008  QM
   26  H         2.483491       4.439210      -0.408297       1     1.008  QM
   27  H08       3.998967      -2.277087       0.052807       1     1.008  QM
   28  H        -0.971308      -2.446158      -0.219179       1     1.008  QM
   29  H        -2.982052       1.218376      -2.816898       1     1.008  QM
   30  H04      -1.765515      -0.808182       0.841423       1     1.008  QM
   31  H        -3.394001      -0.188765      -0.768671       1     1.008  QM
   32  H        -1.307335       1.405212      -2.495429       1     1.008  QM
   33  H071      3.876602      -4.852681       0.632287       1     1.008  QM
   34  H072      3.299290      -5.197460      -0.965751       1     1.008  QM
   35  H073      2.322680      -5.637957       0.515070       1     1.008  QM
   36  H061     -1.010674      -4.842814      -0.661143       1     1.008  QM
   37  H062     -0.337611      -5.301783       0.912530       1     1.008  QM
   38  H063      0.553829      -5.692823      -0.541119       1     1.008  QM
   39  H03      -1.742399       0.885192       0.785136       1     1.008  QM


 *** ATOM 14 ( N01 ) ***

 RAW TENSOR (FC+SD+SOC-PSO and SD) [MHz]

           X            Y            Z                     X            Y            Z
 X      -2.5174       0.0548       2.3813        X     -18.2608       0.0479       2.3795
 Y       0.0596      -2.3163       0.3349        Y       0.0479     -18.1181       0.3359
 Z       2.3818       0.3356      52.1780        Z       2.3795       0.3359      36.3789
 

 HFC TENSOR (FC and SD) MHz]

           X            Y            Z                     X            Y            Z
 X      15.8019       0.0000       0.0000        X     -18.3687       0.0000       0.0000
 Y       0.0000      15.8019       0.0000        Y       0.0000     -18.1157       0.0000
 Z       0.0000       0.0000      15.8019        Z       0.0000       0.0000      36.4844
 
 HYPERFINE COUPLING CONSTANT FOR ATOM 14 ( N01 ) [MHz]
                        X           Y           Z
 FERMI-CONACT:        15.8019     15.8019     15.8019
 SPIN-DIPOLE :       -18.3687    -18.1157     36.4844
 SOC-PSO     :        -0.0585     -0.0001     -0.0028     -0.0204
 A_ISOTROPIC:         15.7814


 *** ATOM 23 ( N02 ) ***

 RAW TENSOR (FC+SD+SOC-PSO and SD) [MHz]

           X            Y            Z                     X            Y            Z
 X      -0.3102      -0.0398       1.2574        X      -6.0623      -0.0432       1.2533
 Y      -0.0443      -0.5734      -0.8904        Y      -0.0432      -6.3190      -0.8886
 Z       1.2542      -0.8898      18.1466        Z       1.2533      -0.8886      12.3812
 

 HFC TENSOR (FC and SD) MHz]

           X            Y            Z                     X            Y            Z
 X       5.7669       0.0000       0.0000        X      -6.3623       0.0000       0.0000
 Y       0.0000       5.7669       0.0000        Y       0.0000      -6.1457       0.0000
 Z       0.0000       0.0000       5.7669        Z       0.0000       0.0000      12.5080
 
 HYPERFINE COUPLING CONSTANT FOR ATOM 23 ( N02 ) [MHz]
                        X           Y           Z
 FERMI-CONACT:         5.7669      5.7669      5.7669
 SPIN-DIPOLE :        -6.3623     -6.1457     12.5080
 SOC-PSO     :        -0.0148     -0.0213     -0.0015     -0.0125
 A_ISOTROPIC:          5.7544


 *** ATOM 27 ( H08 ) ***

 RAW TENSOR (FC+SD+SOC-PSO and SD) [MHz]

           X            Y            Z                     X            Y            Z
 X      -4.9110      -1.3175       0.4688        X       4.2879      -1.3163       0.4687
 Y      -1.3170     -11.7489      -0.3619        Y      -1.3163      -2.5546      -0.3623
 Z       0.4686      -0.3623     -10.9322        Z       0.4687      -0.3623      -1.7334
 

 HFC TENSOR (FC and SD) MHz]

           X            Y            Z                     X            Y            Z
 X      -9.1995       0.0000       0.0000        X      -2.8659       0.0000       0.0000
 Y       0.0000      -9.1995       0.0000        Y       0.0000      -1.7106       0.0000
 Z       0.0000       0.0000      -9.1995        Z       0.0000       0.0000       4.5765
 
 HYPERFINE COUPLING CONSTANT FOR ATOM 27 ( H08 ) [MHz]
                        X           Y           Z
 FERMI-CONACT:        -9.1995     -9.1995     -9.1995
 SPIN-DIPOLE :        -2.8659     -1.7106      4.5765
 SOC-PSO     :         0.0006      0.0052      0.0006      0.0021
 A_ISOTROPIC:         -9.1974


 *** ATOM 30 ( H04 ) ***

 RAW TENSOR (FC+SD+SOC-PSO and SD) [MHz]

           X            Y            Z                     X            Y            Z
 X       6.9844       0.7890      -1.0865        X       2.2305       0.7871      -1.0867
 Y       0.7870       3.8254      -0.2785        Y       0.7871      -0.9285      -0.2787
 Z      -1.0877      -0.2792       3.4507        Z      -1.0867      -0.2787      -1.3020
 

 HFC TENSOR (FC and SD) MHz]

           X            Y            Z                     X            Y            Z
 X       4.7529       0.0000       0.0000        X      -1.6152       0.0000       0.0000
 Y       0.0000       4.7529       0.0000        Y       0.0000      -1.1128       0.0000
 Z       0.0000       0.0000       4.7529        Z       0.0000       0.0000       2.7280
 
 HYPERFINE COUPLING CONSTANT FOR ATOM 30 ( H04 ) [MHz]
                        X           Y           Z
 FERMI-CONACT:         4.7529      4.7529      4.7529
 SPIN-DIPOLE :        -1.6152     -1.1128      2.7280
 SOC-PSO     :         0.0010      0.0010     -0.0001      0.0007
 A_ISOTROPIC:          4.7535


 *** ATOM 33 ( H071 ) ***

 RAW TENSOR (FC+SD+SOC-PSO and SD) [MHz]

           X            Y            Z                     X            Y            Z
 X      -3.2971      -0.5355       0.0478        X      -0.3925      -0.5350       0.0478
 Y      -0.5350      -1.9474      -0.2082        Y      -0.5350       0.9561      -0.2082
 Z       0.0477      -0.2086      -3.4677        Z       0.0478      -0.2082      -0.5636
 

 HFC TENSOR (FC and SD) MHz]

           X            Y            Z                     X            Y            Z
 X      -2.9042       0.0000       0.0000        X      -0.6081       0.0000       0.0000
 Y       0.0000      -2.9042       0.0000        Y       0.0000      -0.5605       0.0000
 Z       0.0000       0.0000      -2.9042        Z       0.0000       0.0000       1.1686
 
 HYPERFINE COUPLING CONSTANT FOR ATOM 33 ( H071 ) [MHz]
                        X           Y           Z
 FERMI-CONACT:        -2.9042     -2.9042     -2.9042
 SPIN-DIPOLE :        -0.6081     -0.5605      1.1686
 SOC-PSO     :        -0.0003      0.0008      0.0001      0.0002
 A_ISOTROPIC:         -2.9040


 *** ATOM 34 ( H072 ) ***

 RAW TENSOR (FC+SD+SOC-PSO and SD) [MHz]

           X            Y            Z                     X            Y            Z
 X      -7.5144      -0.2395      -0.0479        X      -0.0865      -0.2394      -0.0480
 Y      -0.2394      -6.7327       0.2567        Y      -0.2394       0.6944       0.2568
 Z      -0.0480       0.2568      -8.0356        Z      -0.0480       0.2568      -0.6079
 

 HFC TENSOR (FC and SD) MHz]

           X            Y            Z                     X            Y            Z
 X      -7.4278       0.0000       0.0000        X      -0.6567       0.0000       0.0000
 Y       0.0000      -7.4278       0.0000        Y       0.0000      -0.1531       0.0000
 Z       0.0000       0.0000      -7.4278        Z       0.0000       0.0000       0.8098
 
 HYPERFINE COUPLING CONSTANT FOR ATOM 34 ( H072 ) [MHz]
                        X           Y           Z
 FERMI-CONACT:        -7.4278     -7.4278     -7.4278
 SPIN-DIPOLE :        -0.6567     -0.1531      0.8098
 SOC-PSO     :        -0.0000      0.0007      0.0001      0.0003
 A_ISOTROPIC:         -7.4275


 *** ATOM 35 ( H073 ) ***

 RAW TENSOR (FC+SD+SOC-PSO and SD) [MHz]

           X            Y            Z                     X            Y            Z
 X      -2.0432      -0.5406       0.1124        X      -0.1954      -0.5406       0.1124
 Y      -0.5408      -1.1271      -0.1889        Y      -0.5406       0.7202      -0.1889
 Z       0.1125      -0.1891      -2.3724        Z       0.1124      -0.1889      -0.5248
 

 HFC TENSOR (FC and SD) MHz]

           X            Y            Z                     X            Y            Z
 X      -1.8477       0.0000       0.0000        X      -0.5605       0.0000       0.0000
 Y       0.0000      -1.8477       0.0000        Y       0.0000      -0.4417       0.0000
 Z       0.0000       0.0000      -1.8477        Z       0.0000       0.0000       1.0021
 
 HYPERFINE COUPLING CONSTANT FOR ATOM 35 ( H073 ) [MHz]
                        X           Y           Z
 FERMI-CONACT:        -1.8477     -1.8477     -1.8477
 SPIN-DIPOLE :        -0.5605     -0.4417      1.0021
 SOC-PSO     :        -0.0002      0.0004      0.0001      0.0001
 A_ISOTROPIC:         -1.8476


 *** ATOM 36 ( H061 ) ***

 RAW TENSOR (FC+SD+SOC-PSO and SD) [MHz]

           X            Y            Z                     X            Y            Z
 X       5.2411       0.9796       0.1386        X       0.5211       0.9795       0.1385
 Y       0.9799       4.9430       0.2191        Y       0.9795       0.2232       0.2191
 Z       0.1388       0.2189       3.9753        Z       0.1385       0.2191      -0.7443
 

 HFC TENSOR (FC and SD) MHz]

           X            Y            Z                     X            Y            Z
 X       4.7196       0.0000       0.0000        X      -0.8038       0.0000       0.0000
 Y       0.0000       4.7196       0.0000        Y       0.0000      -0.5880       0.0000
 Z       0.0000       0.0000       4.7196        Z       0.0000       0.0000       1.3917
 
 HYPERFINE COUPLING CONSTANT FOR ATOM 36 ( H061 ) [MHz]
                        X           Y           Z
 FERMI-CONACT:         4.7196      4.7196      4.7196
 SPIN-DIPOLE :        -0.8038     -0.5880      1.3917
 SOC-PSO     :         0.0004      0.0002     -0.0000      0.0002
 A_ISOTROPIC:          4.7198


 *** ATOM 37 ( H062 ) ***

 RAW TENSOR (FC+SD+SOC-PSO and SD) [MHz]

           X            Y            Z                     X            Y            Z
 X      16.0332       0.8417      -0.2513        X      -0.2052       0.8415      -0.2513
 Y       0.8418      16.9611      -0.4551        Y       0.8415       0.7225      -0.4552
 Z      -0.2514      -0.4554      15.7213        Z      -0.2513      -0.4552      -0.5172
 

 HFC TENSOR (FC and SD) MHz]

           X            Y            Z                     X            Y            Z
 X      16.2385       0.0000       0.0000        X      -0.7069       0.0000       0.0000
 Y       0.0000      16.2385       0.0000        Y       0.0000      -0.6563       0.0000
 Z       0.0000       0.0000      16.2385        Z       0.0000       0.0000       1.3632
 
 HYPERFINE COUPLING CONSTANT FOR ATOM 37 ( H062 ) [MHz]
                        X           Y           Z
 FERMI-CONACT:        16.2385     16.2385     16.2385
 SPIN-DIPOLE :        -0.7069     -0.6563      1.3632
 SOC-PSO     :        -0.0000      0.0002      0.0000      0.0001
 A_ISOTROPIC:         16.2385


 *** ATOM 38 ( H063 ) ***

 RAW TENSOR (FC+SD+SOC-PSO and SD) [MHz]

           X            Y            Z                     X            Y            Z
 X       3.0772       0.4417       0.0515        X      -0.8621       0.4415       0.0516
 Y       0.4414       5.5915       0.2237        Y       0.4415       1.6519       0.2237
 Z       0.0513       0.2238       3.1495        Z       0.0516       0.2237      -0.7898
 

 HFC TENSOR (FC and SD) MHz]

           X            Y            Z                     X            Y            Z
 X       3.9393       0.0000       0.0000        X      -0.9387       0.0000       0.0000
 Y       0.0000       3.9393       0.0000        Y       0.0000      -0.8091       0.0000
 Z       0.0000       0.0000       3.9393        Z       0.0000       0.0000       1.7479
 
 HYPERFINE COUPLING CONSTANT FOR ATOM 38 ( H063 ) [MHz]
                        X           Y           Z
 FERMI-CONACT:         3.9393      3.9393      3.9393
 SPIN-DIPOLE :        -0.9387     -0.8091      1.7479
 SOC-PSO     :        -0.0000      0.0003     -0.0000      0.0001
 A_ISOTROPIC:          3.9394


 *** ATOM 39 ( H03 ) ***

 RAW TENSOR (FC+SD+SOC-PSO and SD) [MHz]

           X            Y            Z                     X            Y            Z
 X       6.5790      -0.9079      -1.0177        X       2.0090      -0.9073      -1.0178
 Y      -0.9077       3.7994       0.2736        Y      -0.9073      -0.7692       0.2736
 Z      -1.0183       0.2737       3.3289        Z      -1.0178       0.2736      -1.2398
 

 HFC TENSOR (FC and SD) MHz]

           X            Y            Z                     X            Y            Z
 X       4.5688       0.0000       0.0000        X      -1.5326       0.0000       0.0000
 Y       0.0000       4.5688       0.0000        Y       0.0000      -1.0377       0.0000
 Z       0.0000       0.0000       4.5688        Z       0.0000       0.0000       2.5704
 
 HYPERFINE COUPLING CONSTANT FOR ATOM 39 ( H03 ) [MHz]
                        X           Y           Z
 FERMI-CONACT:         4.5688      4.5688      4.5688
 SPIN-DIPOLE :        -1.5326     -1.0377      2.5704
 SOC-PSO     :         0.0011     -0.0002     -0.0001      0.0003
 A_ISOTROPIC:          4.5691


 
 TIMING STATISTICS (SECONDS)
 

 TIMER ENTRY                    NUMBER OF CALLS   CUMUL. CPU TIME   CONTRIBUT.

 INITIALIZATION                              1             0.028         0.0 %
 INPUT                                       1             0.283         0.4 %
 DIAGONALIZATION                            96             0.012         0.0 %
 SYMMETRY ANALYSIS                           3             0.001         0.0 %
 START GUESS                                 1             3.516         4.6 %
 MATRIX MULTIPLICATION                    6024             0.157         0.2 %
 MPI DIAGONALIZATION                        53             2.949         3.9 %
                         ON NODE             1             2.953
                         ON NODE             2             2.953
                         ON NODE             3             2.953
                         ON NODE             4             2.951
                         ON NODE             5             2.953
                         ON NODE             6             2.953
                         ON NODE             7             2.952
                         ON NODE             8             2.953
                         ON NODE             9             2.952
                         ON NODE            10             2.952
                         ON NODE            11             2.952
                         ON NODE            12             2.953
                         ON NODE            13             2.951
                         ON NODE            14             2.952
                         ON NODE            15             2.952
                         ON NODE            16             2.953
                         ON NODE            17             2.952
                         ON NODE            18             2.953
                         ON NODE            19             2.952
                         ON NODE            20             2.953
                         ON NODE            21             2.953
                         ON NODE            22             2.953
                         ON NODE            23             2.953
                         ON NODE            24             2.953
                         ON NODE            25             2.953
                         ON NODE            26             2.953
                         ON NODE            27             2.952
                         ON NODE            28             2.953
                         ON NODE            29             2.953
                         ON NODE            30             2.953
                         ON NODE            31             2.953
                         ON NODE            32             2.953
                         ON NODE            33             2.952
                         ON NODE            34             2.953
                         ON NODE            35             2.953
                         ON NODE            36             2.952
                         ON NODE            37             2.952
                         ON NODE            38             2.952
                         ON NODE            39             2.953
           AVERAGE PER PROCESSOR                           2.952
 MPI MATRIX MULTIPLICATION                 144             0.810         1.1 %
                         ON NODE             1             0.812
                         ON NODE             2             0.813
                         ON NODE             3             0.813
                         ON NODE             4             0.812
                         ON NODE             5             0.813
                         ON NODE             6             0.813
                         ON NODE             7             0.812
                         ON NODE             8             0.812
                         ON NODE             9             0.812
                         ON NODE            10             0.812
                         ON NODE            11             0.812
                         ON NODE            12             0.812
                         ON NODE            13             0.811
                         ON NODE            14             0.812
                         ON NODE            15             0.812
                         ON NODE            16             0.812
                         ON NODE            17             0.812
                         ON NODE            18             0.812
                         ON NODE            19             0.812
                         ON NODE            20             0.812
                         ON NODE            21             0.812
                         ON NODE            22             0.812
                         ON NODE            23             0.812
                         ON NODE            24             0.812
                         ON NODE            25             0.812
                         ON NODE            26             0.812
                         ON NODE            27             0.812
                         ON NODE            28             0.812
                         ON NODE            29             0.812
                         ON NODE            30             0.812
                         ON NODE            31             0.812
                         ON NODE            32             0.812
                         ON NODE            33             0.812
                         ON NODE            34             0.812
                         ON NODE            35             0.812
                         ON NODE            36             0.812
                         ON NODE            37             0.812
                         ON NODE            38             0.812
                         ON NODE            39             0.812
           AVERAGE PER PROCESSOR                           0.812
 CORE INTEGRALS                              1             0.660         0.9 %
 ORTHOGONALIZATION MATRIX                    1             0.156         0.2 %
 MPI AUXILIARY FUNCTION FIT                 45             0.702         0.9 %
                         ON NODE             1             0.765
                         ON NODE             2             0.769
                         ON NODE             3             0.747
                         ON NODE             4             0.752
                         ON NODE             5             0.742
                         ON NODE             6             0.752
                         ON NODE             7             0.752
                         ON NODE             8             0.745
                         ON NODE             9             0.760
                         ON NODE            10             0.782
                         ON NODE            11             0.764
                         ON NODE            12             0.741
                         ON NODE            13             0.755
                         ON NODE            14             0.756
                         ON NODE            15             0.751
                         ON NODE            16             0.759
                         ON NODE            17             0.756
                         ON NODE            18             0.756
                         ON NODE            19             0.748
                         ON NODE            20             0.763
                         ON NODE            21             0.796
                         ON NODE            22             0.756
                         ON NODE            23             0.767
                         ON NODE            24             0.788
                         ON NODE            25             0.748
                         ON NODE            26             0.754
                         ON NODE            27             0.772
                         ON NODE            28             0.751
                         ON NODE            29             0.759
                         ON NODE            30             0.767
                         ON NODE            31             0.746
                         ON NODE            32             0.786
                         ON NODE            33             0.782
                         ON NODE            34             0.757
                         ON NODE            35             0.761
                         ON NODE            36             0.756
                         ON NODE            37             0.778
                         ON NODE            38             0.781
                         ON NODE            39             0.755
           AVERAGE PER PROCESSOR                           0.759
 MPI CORE HAMILTONIAN                        1             0.075         0.1 %
                         ON NODE             1             0.061
                         ON NODE             2             0.061
                         ON NODE             3             0.061
                         ON NODE             4             0.061
                         ON NODE             5             0.061
                         ON NODE             6             0.061
                         ON NODE             7             0.061
                         ON NODE             8             0.061
                         ON NODE             9             0.061
                         ON NODE            10             0.061
                         ON NODE            11             0.061
                         ON NODE            12             0.061
                         ON NODE            13             0.061
                         ON NODE            14             0.061
                         ON NODE            15             0.061
                         ON NODE            16             0.061
                         ON NODE            17             0.061
                         ON NODE            18             0.061
                         ON NODE            19             0.061
                         ON NODE            20             0.061
                         ON NODE            21             0.061
                         ON NODE            22             0.061
                         ON NODE            23             0.061
                         ON NODE            24             0.061
                         ON NODE            25             0.061
                         ON NODE            26             0.061
                         ON NODE            27             0.061
                         ON NODE            28             0.061
                         ON NODE            29             0.061
                         ON NODE            30             0.061
                         ON NODE            31             0.061
                         ON NODE            32             0.061
                         ON NODE            33             0.061
                         ON NODE            34             0.061
                         ON NODE            35             0.061
                         ON NODE            36             0.061
                         ON NODE            37             0.061
                         ON NODE            38             0.061
                         ON NODE            39             0.061
           AVERAGE PER PROCESSOR                           0.062
 MPI NEAR ERI CALCULATION                    1             0.268         0.4 %
                         ON NODE             1             0.268
                         ON NODE             2             0.268
                         ON NODE             3             0.268
                         ON NODE             4             0.268
                         ON NODE             5             0.268
                         ON NODE             6             0.268
                         ON NODE             7             0.268
                         ON NODE             8             0.268
                         ON NODE             9             0.268
                         ON NODE            10             0.268
                         ON NODE            11             0.268
                         ON NODE            12             0.268
                         ON NODE            13             0.268
                         ON NODE            14             0.268
                         ON NODE            15             0.268
                         ON NODE            16             0.268
                         ON NODE            17             0.268
                         ON NODE            18             0.268
                         ON NODE            19             0.268
                         ON NODE            20             0.268
                         ON NODE            21             0.268
                         ON NODE            22             0.268
                         ON NODE            23             0.268
                         ON NODE            24             0.268
                         ON NODE            25             0.268
                         ON NODE            26             0.268
                         ON NODE            27             0.268
                         ON NODE            28             0.268
                         ON NODE            29             0.268
                         ON NODE            30             0.268
                         ON NODE            31             0.268
                         ON NODE            32             0.268
                         ON NODE            33             0.268
                         ON NODE            34             0.268
                         ON NODE            35             0.268
                         ON NODE            36             0.268
                         ON NODE            37             0.268
                         ON NODE            38             0.268
                         ON NODE            39             0.268
           AVERAGE PER PROCESSOR                           0.268
 SCF ITERATION                               1            58.457        76.8 %
 NULLSPACE                                   2             0.160         0.2 %
 MPI FAR J CALCULATION                      22             0.313         0.4 %
                         ON NODE             1             0.313
                         ON NODE             2             0.314
                         ON NODE             3             0.314
                         ON NODE             4             0.313
                         ON NODE             5             0.314
                         ON NODE             6             0.314
                         ON NODE             7             0.314
                         ON NODE             8             0.314
                         ON NODE             9             0.313
                         ON NODE            10             0.314
                         ON NODE            11             0.314
                         ON NODE            12             0.313
                         ON NODE            13             0.313
                         ON NODE            14             0.314
                         ON NODE            15             0.314
                         ON NODE            16             0.314
                         ON NODE            17             0.313
                         ON NODE            18             0.313
                         ON NODE            19             0.314
                         ON NODE            20             0.314
                         ON NODE            21             0.313
                         ON NODE            22             0.313
                         ON NODE            23             0.314
                         ON NODE            24             0.314
                         ON NODE            25             0.313
                         ON NODE            26             0.314
                         ON NODE            27             0.313
                         ON NODE            28             0.314
                         ON NODE            29             0.314
                         ON NODE            30             0.313
                         ON NODE            31             0.313
                         ON NODE            32             0.313
                         ON NODE            33             0.314
                         ON NODE            34             0.314
                         ON NODE            35             0.314
                         ON NODE            36             0.314
                         ON NODE            37             0.314
                         ON NODE            38             0.313
                         ON NODE            39             0.314
           AVERAGE PER PROCESSOR                           0.313
 MPI EXX POTENTIAL                          22            45.594        59.9 %
                         ON NODE             1            45.628
                         ON NODE             2            45.632
                         ON NODE             3            45.634
                         ON NODE             4            45.583
                         ON NODE             5            45.628
                         ON NODE             6            45.631
                         ON NODE             7            45.620
                         ON NODE             8            45.625
                         ON NODE             9            45.624
                         ON NODE            10            45.621
                         ON NODE            11            45.624
                         ON NODE            12            45.628
                         ON NODE            13            45.624
                         ON NODE            14            45.621
                         ON NODE            15            45.606
                         ON NODE            16            45.626
                         ON NODE            17            45.599
                         ON NODE            18            45.625
                         ON NODE            19            45.628
                         ON NODE            20            45.629
                         ON NODE            21            45.628
                         ON NODE            22            45.630
                         ON NODE            23            45.629
                         ON NODE            24            45.630
                         ON NODE            25            45.630
                         ON NODE            26            45.625
                         ON NODE            27            45.629
                         ON NODE            28            45.629
                         ON NODE            29            45.625
                         ON NODE            30            45.626
                         ON NODE            31            45.627
                         ON NODE            32            45.628
                         ON NODE            33            45.625
                         ON NODE            34            45.626
                         ON NODE            35            45.628
                         ON NODE            36            45.630
                         ON NODE            37            45.631
                         ON NODE            38            45.626
                         ON NODE            39            45.631
           AVERAGE PER PROCESSOR                          45.624
 CHOLESKY MO LOCALIZATION                   46             0.047         0.1 %
 MPI FOSTER-BOYS MO LOCALIZATION            46             1.743         2.3 %
                         ON NODE             1             0.893
                         ON NODE             2             0.893
                         ON NODE             3             0.893
                         ON NODE             4             0.891
                         ON NODE             5             0.893
                         ON NODE             6             0.893
                         ON NODE             7             0.893
                         ON NODE             8             0.893
                         ON NODE             9             0.893
                         ON NODE            10             0.892
                         ON NODE            11             0.892
                         ON NODE            12             0.892
                         ON NODE            13             0.892
                         ON NODE            14             0.892
                         ON NODE            15             0.891
                         ON NODE            16             0.893
                         ON NODE            17             0.892
                         ON NODE            18             0.892
                         ON NODE            19             0.893
                         ON NODE            20             0.893
                         ON NODE            21             0.893
                         ON NODE            22             0.892
                         ON NODE            23             0.893
                         ON NODE            24             0.893
                         ON NODE            25             0.892
                         ON NODE            26             0.892
                         ON NODE            27             0.893
                         ON NODE            28             0.893
                         ON NODE            29             0.893
                         ON NODE            30             0.893
                         ON NODE            31             0.893
                         ON NODE            32             0.893
                         ON NODE            33             0.892
                         ON NODE            34             0.892
                         ON NODE            35             0.893
                         ON NODE            36             0.893
                         ON NODE            37             0.892
                         ON NODE            38             0.893
                         ON NODE            39             0.892
           AVERAGE PER PROCESSOR                           0.914
 MPI OCTREE MO SORTING                      44             0.749         1.0 %
                         ON NODE             1             0.747
                         ON NODE             2             0.747
                         ON NODE             3             0.747
                         ON NODE             4             0.746
                         ON NODE             5             0.747
                         ON NODE             6             0.747
                         ON NODE             7             0.747
                         ON NODE             8             0.747
                         ON NODE             9             0.747
                         ON NODE            10             0.747
                         ON NODE            11             0.747
                         ON NODE            12             0.747
                         ON NODE            13             0.747
                         ON NODE            14             0.747
                         ON NODE            15             0.747
                         ON NODE            16             0.747
                         ON NODE            17             0.746
                         ON NODE            18             0.747
                         ON NODE            19             0.747
                         ON NODE            20             0.747
                         ON NODE            21             0.747
                         ON NODE            22             0.747
                         ON NODE            23             0.747
                         ON NODE            24             0.747
                         ON NODE            25             0.747
                         ON NODE            26             0.747
                         ON NODE            27             0.747
                         ON NODE            28             0.747
                         ON NODE            29             0.747
                         ON NODE            30             0.747
                         ON NODE            31             0.747
                         ON NODE            32             0.747
                         ON NODE            33             0.747
                         ON NODE            34             0.747
                         ON NODE            35             0.747
                         ON NODE            36             0.747
                         ON NODE            37             0.747
                         ON NODE            38             0.747
                         ON NODE            39             0.747
           AVERAGE PER PROCESSOR                           0.747
 GRID INITIALIZATION                         2             0.004         0.0 %
 ADAPTIVE GRID GENERATION                    2             2.885         3.8 %
 MPI XC POTENTIAL                           22             2.175         2.9 %
                         ON NODE             1             2.165
                         ON NODE             2             2.165
                         ON NODE             3             2.164
                         ON NODE             4             2.161
                         ON NODE             5             2.164
                         ON NODE             6             2.163
                         ON NODE             7             2.162
                         ON NODE             8             2.163
                         ON NODE             9             2.163
                         ON NODE            10             2.162
                         ON NODE            11             2.162
                         ON NODE            12             2.162
                         ON NODE            13             2.162
                         ON NODE            14             2.161
                         ON NODE            15             2.159
                         ON NODE            16             2.161
                         ON NODE            17             2.161
                         ON NODE            18             2.160
                         ON NODE            19             2.157
                         ON NODE            20             2.155
                         ON NODE            21             2.155
                         ON NODE            22             2.155
                         ON NODE            23             2.155
                         ON NODE            24             2.155
                         ON NODE            25             2.154
                         ON NODE            26             2.154
                         ON NODE            27             2.154
                         ON NODE            28             2.154
                         ON NODE            29             2.154
                         ON NODE            30             2.153
                         ON NODE            31             2.153
                         ON NODE            32             2.153
                         ON NODE            33             2.153
                         ON NODE            34             2.153
                         ON NODE            35             2.153
                         ON NODE            36             2.152
                         ON NODE            37             2.152
                         ON NODE            38             2.152
                         ON NODE            39             2.152
           AVERAGE PER PROCESSOR                           2.158
 MPI FAR ERI CALCULATION                    22             0.262         0.3 %
                         ON NODE             1             0.263
                         ON NODE             2             0.263
                         ON NODE             3             0.263
                         ON NODE             4             0.263
                         ON NODE             5             0.263
                         ON NODE             6             0.263
                         ON NODE             7             0.263
                         ON NODE             8             0.263
                         ON NODE             9             0.263
                         ON NODE            10             0.263
                         ON NODE            11             0.263
                         ON NODE            12             0.263
                         ON NODE            13             0.263
                         ON NODE            14             0.263
                         ON NODE            15             0.263
                         ON NODE            16             0.263
                         ON NODE            17             0.263
                         ON NODE            18             0.263
                         ON NODE            19             0.263
                         ON NODE            20             0.263
                         ON NODE            21             0.263
                         ON NODE            22             0.263
                         ON NODE            23             0.263
                         ON NODE            24             0.262
                         ON NODE            25             0.263
                         ON NODE            26             0.263
                         ON NODE            27             0.263
                         ON NODE            28             0.263
                         ON NODE            29             0.263
                         ON NODE            30             0.263
                         ON NODE            31             0.263
                         ON NODE            32             0.263
                         ON NODE            33             0.263
                         ON NODE            34             0.263
                         ON NODE            35             0.263
                         ON NODE            36             0.263
                         ON NODE            37             0.263
                         ON NODE            38             0.263
                         ON NODE            39             0.263
           AVERAGE PER PROCESSOR                           0.263
 MPI EXX ENERGY                              1             1.592         2.1 %
                         ON NODE             1             1.600
                         ON NODE             2             1.600
                         ON NODE             3             1.600
                         ON NODE             4             1.597
                         ON NODE             5             1.600
                         ON NODE             6             1.600
                         ON NODE             7             1.600
                         ON NODE             8             1.600
                         ON NODE             9             1.599
                         ON NODE            10             1.599
                         ON NODE            11             1.600
                         ON NODE            12             1.600
                         ON NODE            13             1.600
                         ON NODE            14             1.600
                         ON NODE            15             1.599
                         ON NODE            16             1.600
                         ON NODE            17             1.600
                         ON NODE            18             1.600
                         ON NODE            19             1.600
                         ON NODE            20             1.599
                         ON NODE            21             1.600
                         ON NODE            22             1.600
                         ON NODE            23             1.600
                         ON NODE            24             1.600
                         ON NODE            25             1.600
                         ON NODE            26             1.600
                         ON NODE            27             1.600
                         ON NODE            28             1.600
                         ON NODE            29             1.600
                         ON NODE            30             1.600
                         ON NODE            31             1.599
                         ON NODE            32             1.600
                         ON NODE            33             1.600
                         ON NODE            34             1.600
                         ON NODE            35             1.600
                         ON NODE            36             1.600
                         ON NODE            37             1.600
                         ON NODE            38             1.599
                         ON NODE            39             1.600
           AVERAGE PER PROCESSOR                           1.600
 MPI EPR A-TENSOR                            1            10.008        13.1 %
                         ON NODE             1            10.030
                         ON NODE             2            10.030
                         ON NODE             3            10.030
                         ON NODE             4            10.021
                         ON NODE             5            10.030
                         ON NODE             6            10.030
                         ON NODE             7            10.030
                         ON NODE             8            10.029
                         ON NODE             9            10.029
                         ON NODE            10            10.028
                         ON NODE            11            10.031
                         ON NODE            12            10.030
                         ON NODE            13            10.032
                         ON NODE            14            10.032
                         ON NODE            15            10.030
                         ON NODE            16            10.032
                         ON NODE            17            10.030
                         ON NODE            18            10.032
                         ON NODE            19            10.031
                         ON NODE            20            10.029
                         ON NODE            21            10.030
                         ON NODE            22            10.030
                         ON NODE            23            10.030
                         ON NODE            24            10.030
                         ON NODE            25            10.031
                         ON NODE            26            10.029
                         ON NODE            27            10.030
                         ON NODE            28            10.029
                         ON NODE            29            10.030
                         ON NODE            30            10.029
                         ON NODE            31            10.029
                         ON NODE            32            10.030
                         ON NODE            33            10.029
                         ON NODE            34            10.030
                         ON NODE            35            10.030
                         ON NODE            36            10.027
                         ON NODE            37            10.030
                         ON NODE            38            10.030
                         ON NODE            39            10.031
           AVERAGE PER PROCESSOR                          10.029
 MPI PSO-SOC                                 1             8.141        10.7 %
                         ON NODE             1             8.153
                         ON NODE             2             8.153
                         ON NODE             3             8.153
                         ON NODE             4             8.147
                         ON NODE             5             8.152
                         ON NODE             6             8.152
                         ON NODE             7             8.152
                         ON NODE             8             8.152
                         ON NODE             9             8.152
                         ON NODE            10             8.152
                         ON NODE            11             8.154
                         ON NODE            12             8.153
                         ON NODE            13             8.155
                         ON NODE            14             8.154
                         ON NODE            15             8.154
                         ON NODE            16             8.154
                         ON NODE            17             8.153
                         ON NODE            18             8.154
                         ON NODE            19             8.154
                         ON NODE            20             8.153
                         ON NODE            21             8.153
                         ON NODE            22             8.152
                         ON NODE            23             8.153
                         ON NODE            24             8.152
                         ON NODE            25             8.153
                         ON NODE            26             8.152
                         ON NODE            27             8.153
                         ON NODE            28             8.152
                         ON NODE            29             8.153
                         ON NODE            30             8.152
                         ON NODE            31             8.152
                         ON NODE            32             8.153
                         ON NODE            33             8.152
                         ON NODE            34             8.153
                         ON NODE            35             8.153
                         ON NODE            36             8.150
                         ON NODE            37             8.153
                         ON NODE            38             8.153
                         ON NODE            39             8.154
           AVERAGE PER PROCESSOR                           8.152

 FINAL TIMING           DATE: WED DEC 08 20:11:39 2021  TOTAL TIME:      76.150
