 ******************************************************************************
 ******************************************************************************
 ***                                                                        ***
 ***                              PROGRAM deMon2k                           ***
 ***                                                                        ***
 ***                        (VERSION 6.0.2, Jul. 2018)                      ***
 ***                                                                        ***
 ***     COPYRIGHT (C) BY THE INTERNATIONAL DEMON DEVELOPERS COMMUNITY      ***
 ***                                                                        ***
 ***  AUTHORS: A.M. Koster, G. Geudtner, A. Alvarez-Ibarra, P. Calaminici,  ***
 ***           M.E. Casida, J. Carmona-Espindola, V. Dominguez, R. Flores-  ***
 ***           Moreno, G.U. Gamboa, A. Goursot, T. Heine, A. Ipatov, A. de  ***
 ***           la Lande, F. Janetzko, J.M. del Campo, L.G.M. Pettersson,    ***
 ***           D. Mejia-Rodriguez, J. Reveles, J. Vasquez-Perez, A. Vela,   ***
 ***           B. Zuniga-Gutierrez and D.R. Salahub                         ***
 ***                                                                        ***
 ******************************************************************************
 ******************************************************************************
                                                                                

 FIRST TIMING           DATE: WED DEC 08 20:10:19 2021  TOTAL TIME:       0.271
                                                                                

 INITIALIZATION                   STEP TIME:     0.028  TOTAL TIME:       0.300

 ******************************************************************************

 HFCC ON 6PU0 MD FRAME

 ******************************************************************************

 
 *** MOLECULAR SIMULATION DATA ***
 
 MOLECULAR CHARGE: -1
 NUMBER OF ATOMS: 39
 MOLECULAR SIMULATION TYPE: QM ONLY
 
 *** MOLECULAR QM DATA ***
 
 MULTIPLICITY: 2
 NUMBER OF QM ATOMS: 39
 NUMBER OF ELECTRONS: 167
 
 *** SCF OPTIONS ***
 
 SCF THEORY: UNRESTRICTED KOHN-SHAM (UKS)
 DIAGONALIZER: RS
 START GUESS: HUECKEL DENSITY
 SCF TOLERANCE: 0.100E-04
 POTENTIAL DENSITY: FITTED DENSITY
 NUMBER OF SCF ITERATIONS: 100
 DIIS ACCELERATION: ON
 LEVEL-SHIFT: ON (SHIFT VALUE = -0.100 HARTREE)
 XC-POTENTIAL: B3LYP - B3LYP
 GRID TECHNIQUE: ADAPTIVE
 GRID PRUNING: ON
 GRID METHOD: DIRECT
 GRID GENERATING FUNCTION: SCF
 GRID TOLERANCE: 0.100E-05
 ATOMIC WEIGHT FUNCTION: BECKE SCREENED
 RADIAL QUADRATURE TYPE: GAUSS-CHEBYSHEV
 SCF METHODE: MIXED & DOUBLE ASYMPTOTIC EXPANSION
 FREEZE AUXILIARY FUNCTIONS: OFF
 NUMERICAL FIT SOLVER: DIAGONAL SVD
 SVD THRESHOLD: 0.100E-05
 SCF SCREENING: 0.599E-12
 SYMMETRY USE: OFF
 ROTATION OF THE ANGULAR GRIDS: ON
 SCF PRINTING UNTIL CYCLE 0
 CARTESIAN ORBITALS WILL BE USED
 
 *** MAGNETIC PROPERTY OPTIONS ***
 
 CALCULATE EPR HYPERFINE COUPLING
 
 *** PRINT OPTIONS ***
 
 PRINT NMR DEBUG OUTPUT
 
 *** ACTIVATED INTERFACE PORTS ***
 
 FILE deMon.mol WILL BE WRITTEN
 
 
 *** GEOMETRY ***


 INPUT ORIENTATION IN ANGSTROM

  NO.  ATOM        X            Y            Z      Z-ATOM   MASS   TYPE OPTXYZ

    1  C        -2.670345     1.336534    -1.450678     6    12.011  QM       
    2  O        -2.792912     2.383035    -0.501694     8    15.999  QM       
    3  C        -2.463423    -0.023102    -0.645103     6    12.011  QM       
    4  O        -2.232162    -1.075543    -1.574000     8    15.999  QM       
    5  C        -1.425149     0.078149     0.457089     6    12.011  QM       
    6  N         0.131549     2.301774    -0.136805     7    14.007  QM       
    7  C         0.698589     3.497544    -0.041719     6    12.011  QM       
    8  O         0.007689     4.431286     0.052026     8    15.999  QM       
    9  N         2.080300     3.577879    -0.025995     7    14.007  QM       
   10  C         2.981332     2.569364    -0.014564     6    12.011  QM       
   11  C         2.252831     1.235129    -0.013166     6    12.011  QM       
   12  O         4.164482     2.818204    -0.063139     8    15.999  QM       
   13  C         2.177605    -1.123717    -0.082690     6    12.011  QM       
   14  N01       2.917969     0.078376    -0.003845     7    14.007  QM       
   15  C         2.938419    -2.339110    -0.014881     6    12.011  QM       
   16  C         2.337940    -3.627883    -0.018702     6    12.011  QM       
   17  C         3.117887    -4.914658     0.215906     6    12.011  QM       
   18  C         0.895908    -3.664847    -0.009599     6    12.011  QM       
   19  C         0.139473    -5.021862     0.057547     6    12.011  QM       
   20  C         0.133993    -2.501965     0.060596     6    12.011  QM       
   21  C         0.722402    -1.217128    -0.041733     6    12.011  QM       
   22  C         0.780124     1.150150    -0.048213     6    12.011  QM       
   23  N02       0.000000     0.000000     0.000000     7    14.007  QM       
   24  H        -2.791271    -0.810176    -2.325481     1     1.008  QM       
   25  H        -1.953457     2.512310    -0.025586     1     1.008  QM       
   26  H         2.430087     4.513495    -0.195756     1     1.008  QM       
   27  H08       4.022845    -2.357322     0.018292     1     1.008  QM       
   28  H        -0.922413    -2.608026     0.290692     1     1.008  QM       
   29  H        -3.530392     1.391894    -2.118028     1     1.008  QM       
   30  H04      -1.660218    -0.765144     1.118249     1     1.008  QM       
   31  H        -3.434010    -0.127055    -0.145751     1     1.008  QM       
   32  H        -1.691675     1.396713    -1.943323     1     1.008  QM       
   33  H071      4.095092    -4.628226     0.623704     1     1.008  QM       
   34  H072      3.317746    -5.459487    -0.714304     1     1.008  QM       
   35  H073      2.680241    -5.610929     0.941926     1     1.008  QM       
   36  H061      0.426123    -5.662206     0.901837     1     1.008  QM       
   37  H062      0.223616    -5.623234    -0.855743     1     1.008  QM       
   38  H063     -0.956186    -4.968152     0.038514     1     1.008  QM       
   39  H03      -1.548340     0.915026     1.154984     1     1.008  QM       


 
 
 *** WARNING IN INPCHK ***
 
 *** START GUESS IS CALCULATED WITH VXCTYPE PBE AUXIS ***
 
 
 
 *** ERI STATISTIC ***
 
 Est. Integrated ERIs: 108219610
 Est. Asymptotic ERIS: 107140
                                                                                

 INPUT                            STEP TIME:     0.288  TOTAL TIME:       0.588
 
 *** THE INPUT ORIENTATION IS USED ***
 
 POINT GROUP: C1
 
 GROUP ORDER: 1


 STANDARD ORIENTATION IN ANGSTROM

  NO.  ATOM        X              Y              Z        Z-ATOM   MASS   TYPE

    1  C         1.860041      -3.207269       0.766146       6    12.011  QM
    2  O         2.881197      -3.016206      -0.198993       8    15.999  QM
    3  C         0.459710      -3.123641       0.009535       6    12.011  QM
    4  O        -0.586098      -3.206874       0.970431       8    15.999  QM
    5  C         0.350595      -1.939348      -0.933140       6    12.011  QM
    6  N         2.300988      -0.126205      -0.140040       7    14.007  QM
    7  C         3.381580       0.643380      -0.162437       6    12.011  QM
    8  O         4.414078       0.141178      -0.361804       8    15.999  QM
    9  N         3.229495       2.007048       0.019510       7    14.007  QM
   10  C         2.084835       2.716247       0.145529       6    12.011  QM
   11  C         0.891651       1.779144       0.050401       6    12.011  QM
   12  O         2.134030       3.905851       0.361277       8    15.999  QM
   13  C        -1.418027       1.295298       0.127388       6    12.011  QM
   14  N01      -0.359626       2.232756       0.145870       7    14.007  QM
   15  C        -2.744951       1.840464       0.179169       6    12.011  QM
   16  C        -3.914546       1.035236       0.107200       6    12.011  QM
   17  C        -5.320380       1.610288      -0.002771       6    12.011  QM
   18  C        -3.710448      -0.376431      -0.108317       6    12.011  QM
   19  C        -4.923533      -1.335450      -0.272334       6    12.011  QM
   20  C        -2.439531      -0.912275      -0.296406       6    12.011  QM
   21  C        -1.268380      -0.134347      -0.121087       6    12.011  QM
   22  C         1.054978       0.323218      -0.125437       6    12.011  QM
   23  N02       0.050311      -0.626416      -0.275778       7    14.007  QM
   24  H        -0.207022      -3.812379       1.631801       1     1.008  QM
   25  H         2.853066      -2.108734      -0.550815       1     1.008  QM
   26  H         4.098535       2.483440       0.230149       1     1.008  QM
   27  H08      -2.945063       2.899841       0.302006       1     1.008  QM
   28  H        -2.375041      -1.928578      -0.674764       1     1.008  QM
   29  H         2.079715      -4.130231       1.302789       1     1.008  QM
   30  H04      -0.462451      -2.219365      -1.614373       1     1.008  QM
   31  H         0.503274      -4.018181      -0.622997       1     1.008  QM
   32  H         1.771775      -2.311341       1.393551       1     1.008  QM
   33  H071     -5.214447       2.669267      -0.268501       1     1.008  QM
   34  H072     -5.860686       1.582475       0.950837       1     1.008  QM
   35  H073     -5.956806       1.166718      -0.778426       1     1.008  QM
   36  H061     -5.629612      -1.046432      -1.061609       1     1.008  QM
   37  H062     -5.500778      -1.483377       0.648390       1     1.008  QM
   38  H063     -4.687020      -2.397773      -0.411062       1     1.008  QM
   39  H03       1.173374      -1.819653      -1.648197       1     1.008  QM
                                                                                

 SYMMETRY ANALYSIS                STEP TIME:     0.000  TOTAL TIME:       0.590
 
 NUMBER OF TB ORBITALS: 131
                                                                                

 START GUESS                      STEP TIME:     3.502  TOTAL TIME:       4.093
 
 
 GENERAL BASIS SET: (DZVP-GGA)
 N01 BASIS SET: (EPR-III)
 N02 BASIS SET: (EPR-III)
 H08 BASIS SET: (EPR-III)
 H04 BASIS SET: (EPR-III)
 H071 BASIS SET: (EPR-III)
 H072 BASIS SET: (EPR-III)
 H073 BASIS SET: (EPR-III)
 H061 BASIS SET: (EPR-III)
 H062 BASIS SET: (EPR-III)
 H063 BASIS SET: (EPR-III)
 H03 BASIS SET: (EPR-III)
 
 NUMBER OF SHELLS: 227
 NUMBER OF ORBITALS: 502
 NUMBER OF PRIMITIVE GAUSSIAN EXPONENTS: 469
 
 
 GENERAL AUXIS SET: (GEN-A2)
 N01 AUXIS SET: (GEN-A2*)
 N02 AUXIS SET: (GEN-A2*)
 H08 AUXIS SET: (GEN-A2*)
 H04 AUXIS SET: (GEN-A2*)
 H071 AUXIS SET: (GEN-A2*)
 H072 AUXIS SET: (GEN-A2*)
 H073 AUXIS SET: (GEN-A2*)
 H061 AUXIS SET: (GEN-A2*)
 H062 AUXIS SET: (GEN-A2*)
 H063 AUXIS SET: (GEN-A2*)
 H03 AUXIS SET: (GEN-A2*)
 
 NUMBER OF AUXILIARY FUNCTION SETS: 238
 NUMBER OF AUXILIARY FUNCTION SHELLS: 436
 NUMBER OF AUXILIARY FUNCTION: 1225
 
 
 
 *** WARNING IN INVCDERI ***
 
 *** SVD THRESHOLD CHANGED TO: 0.843E-06 ***
 
 
 
 *** WARNING IN INVCDERI ***
 
 *** 10 COULOMB EIGENVALUES ARE QUENCHED ***
                                                                                

 MPI AUXILIARY FUNCTION FIT       STEP TIME:     0.450  TOTAL TIME:       4.715
                                                                                

 CORE INTEGRALS                   STEP TIME:     0.696  TOTAL TIME:       4.790
                                                                                

 NULLSPACE                        STEP TIME:     0.083  TOTAL TIME:       5.306
                                                                                

 NULLSPACE                        STEP TIME:     0.078  TOTAL TIME:       5.479
                                                                                

 ADAPTIVE GRID GENERATION         STEP TIME:     1.263  TOTAL TIME:       9.099

 CYCLE:    1    EUPPER =    -2903.901894882250    CDMIX =        0.300000000000
 CYCLE:    1    ELOWER =    -5372.655690415366    SHIFT =        0.000000000000
 CYCLE:    1    EXC    =     -148.266152780195    ERCDC =       50.256470440553
 CYCLE:    1    ETOTAL =    -3052.168047662445    ERROR =     2468.753795533116

 CYCLE:    2    EUPPER =    -2902.958116069986    CDMIX =        0.300000000000
 CYCLE:    2    ELOWER =    -2906.908595143640    SHIFT =        0.100000000000
 CYCLE:    2    EXC    =     -149.245652708548    ERCDC =        1.118513645826
 CYCLE:    2    ETOTAL =    -3052.203768778534    ERROR =        3.950479073655

 CYCLE:    3    EUPPER =    -2903.764102296273    CDMIX =        0.300000000000
 CYCLE:    3    ELOWER =    -2904.754173804773    SHIFT =        0.100000000000
 CYCLE:    3    EXC    =     -149.786969521380    ERCDC =        0.495007812079
 CYCLE:    3    ETOTAL =    -3053.551071817653    ERROR =        0.990071508501

 CYCLE:    4    EUPPER =    -2904.303684814780    CDMIX =        0.300000000000
 CYCLE:    4    ELOWER =    -2904.500683573953    SHIFT =        0.099907779001
 CYCLE:    4    EXC    =     -150.094032617873    ERCDC =        0.175594024987
 CYCLE:    4    ETOTAL =    -3054.397717432653    ERROR =        0.196998759172

 CYCLE:    5    EUPPER =    -2904.574089791867    CDMIX =        0.300000000000
 CYCLE:    5    ELOWER =    -2904.647418863057    SHIFT =        0.084985294466
 CYCLE:    5    EXC    =     -150.229248797665    ERCDC =        0.107314723022
 CYCLE:    5    ETOTAL =    -3054.803338589532    ERROR =        0.073329071190

 CYCLE:    6    EUPPER =    -2904.744945729290    CDMIX =        0.300000000000
 CYCLE:    6    ELOWER =    -2904.770999634065    SHIFT =        0.075851648024
 CYCLE:    6    EXC    =     -150.283939763522    ERCDC =        0.041489172441
 CYCLE:    6    ETOTAL =    -3055.028885492812    ERROR =        0.026053904775

 CYCLE:    7    EUPPER =    -2904.819723430393    CDMIX =        0.300000000000
 CYCLE:    7    ELOWER =    -2904.829922283491    SHIFT =        0.066287778448
 CYCLE:    7    EXC    =     -150.312464511871    ERCDC =        0.024329229383
 CYCLE:    7    ETOTAL =    -3055.132187942263    ERROR =        0.010198853099

 CYCLE:    8    EUPPER =    -2904.844150581704    CDMIX =        0.300000000000
 CYCLE:    8    ELOWER =    -2904.848609107478    SHIFT =        0.057619464228
 CYCLE:    8    EXC    =     -150.332130678521    ERCDC =        0.015752512142
 CYCLE:    8    ETOTAL =    -3055.176281260225    ERROR =        0.004458525775

 CYCLE:    9    EUPPER =    -2904.852922344153    CDMIX =        0.300000000000
 CYCLE:    9    ELOWER =    -2904.854920160526    SHIFT =        0.049971829652
 CYCLE:    9    EXC    =     -150.345612248096    ERCDC =        0.012307208709
 CYCLE:    9    ETOTAL =    -3055.198534592249    ERROR =        0.001997816373

 CYCLE:   10    EUPPER =    -2904.856650065713    CDMIX =        0.300000000000
 CYCLE:   10    ELOWER =    -2904.857573224189    SHIFT =        0.042552422565
 CYCLE:   10    EXC    =     -150.372252512329    EDIIS =        0.010658163962
 CYCLE:   10    ETOTAL =    -3055.228902578042    ERROR =        0.000923158475

 CYCLE:   11    EUPPER =    -2904.863381091077    CDMIX =        0.300000000000
 CYCLE:   11    ELOWER =    -2904.863434483840    SHIFT =        0.035417256634
 CYCLE:   11    EXC    =     -150.370879546780    EDIIS =        0.004957247994
 CYCLE:   11    ETOTAL =    -3055.234260637857    ERROR =        0.000053392763

 CYCLE:   12    EUPPER =    -2904.861656341782    CDMIX =        0.300000000000
 CYCLE:   12    ELOWER =    -2904.861658834770    SHIFT =        0.009075444142
 CYCLE:   12    EXC    =     -150.372285824968    EDIIS =        0.003337500795
 CYCLE:   12    ETOTAL =    -3055.233942166750    ERROR =        0.000002492988

 CYCLE:   13    EUPPER =    -2904.862297289974    CDMIX =        0.300000000000
 CYCLE:   13    ELOWER =    -2904.862298054029    SHIFT =        0.000000000000
 CYCLE:   13    EXC    =     -150.372309556209    EDIIS =        0.002233503886
 CYCLE:   13    ETOTAL =    -3055.234606846183    ERROR =        0.000000764054

 CYCLE:   14    EUPPER =    -2904.861810451969    CDMIX =        0.300000000000
 CYCLE:   14    ELOWER =    -2904.861810763757    SHIFT =        0.000000000000
 CYCLE:   14    EXC    =     -150.372518800257    EDIIS =        0.001406501438
 CYCLE:   14    ETOTAL =    -3055.234329252226    ERROR =        0.000000311788

 CYCLE:   15    EUPPER =    -2904.861842844306    CDMIX =        0.300000000000
 CYCLE:   15    ELOWER =    -2904.861842915611    SHIFT =        0.000000000000
 CYCLE:   15    EXC    =     -150.372548394744    EDIIS =        0.000928675199
 CYCLE:   15    ETOTAL =    -3055.234391239050    ERROR =        0.000000071305

 CYCLE:   16    EUPPER =    -2904.861671658101    CDMIX =        0.200000000000
 CYCLE:   16    ELOWER =    -2904.861671782078    SHIFT =        0.000000000000
 CYCLE:   16    EXC    =     -150.372670255398    EDIIS =        0.000759158303
 CYCLE:   16    ETOTAL =    -3055.234341913499    ERROR =        0.000000123977

 CYCLE:   17    EUPPER =    -2904.861766891568    CDMIX =        0.200000000000
 CYCLE:   17    ELOWER =    -2904.861766920638    SHIFT =        0.000000000000
 CYCLE:   17    EXC    =     -150.372722095983    EDIIS =        0.000572650975
 CYCLE:   17    ETOTAL =    -3055.234488987550    ERROR =        0.000000029070

 CYCLE:   18    EUPPER =    -2904.861799961088    CDMIX =        0.133333333333
 CYCLE:   18    ELOWER =    -2904.861800007755    SHIFT =        0.000000000000
 CYCLE:   18    EXC    =     -150.372709150734    EDIIS =        0.000408317111
 CYCLE:   18    ETOTAL =    -3055.234509111822    ERROR =        0.000000046667

 CYCLE:   19    EUPPER =    -2904.861719178181    CDMIX =        0.133333333333
 CYCLE:   19    ELOWER =    -2904.861719184623    SHIFT =        0.000000000000
 CYCLE:   19    EXC    =     -150.372750330508    ERCDC =        0.000348115662
 CYCLE:   19    ETOTAL =    -3055.234469508689    ERROR =        0.000000006442
 
 *** SCF CONVERGED ***
 
 
 RANDOMIZED SCF GRID GENERATED IN 3 CYCLES
 

 REFERENCE VALUE OF S**2 FOR PURE SPIN STATE S(S+1):    0.7500

 S**2 BEFORE SPIN PROJECTION:    0.7626
 S**2 AFTER SPIN PROJECTION:     0.7501


 ELECTRONIC CORE ENERGY      =      -5404.814144184
 ELECTRONIC COULOMB ENERGY   =       2499.952994367
 ELECTRONIC HARTREE ENERGY   =      -2904.861149817

 EXCHANGE ENERGY             =       -143.002737795
 CORRELATION ENERGY          =         -7.378541537
 EXCHANGE-CORRELATION ENERGY =       -150.381279333

 ELECTRONIC SCF ENERGY       =      -3055.242429149
 NUCLEAR-REPULSION ENERGY    =       1953.906707678
 TOTAL ENERGY                =      -1101.335721471
                                                                                

 SCF ITERATION                    STEP TIME:    58.967  TOTAL TIME:      66.614
 
 
 
 ***********************************************
 *** MOLECULAR MAGNETIC PROPERTY CALCULATION ***
 ***********************************************


 MOLECULE ORIENTATION FOR MAGNETIC PROPERTIES IN ANGSTROM

  NO.  ATOM        X              Y              Z        Z-ATOM   MASS   TYPE

    1  C        -2.670345       1.336534      -1.450678       6    12.011  QM
    2  O        -2.792912       2.383035      -0.501694       8    15.999  QM
    3  C        -2.463423      -0.023102      -0.645103       6    12.011  QM
    4  O        -2.232162      -1.075543      -1.574000       8    15.999  QM
    5  C        -1.425149       0.078149       0.457089       6    12.011  QM
    6  N         0.131549       2.301774      -0.136805       7    14.007  QM
    7  C         0.698589       3.497544      -0.041719       6    12.011  QM
    8  O         0.007689       4.431286       0.052026       8    15.999  QM
    9  N         2.080300       3.577879      -0.025995       7    14.007  QM
   10  C         2.981332       2.569364      -0.014564       6    12.011  QM
   11  C         2.252831       1.235129      -0.013166       6    12.011  QM
   12  O         4.164482       2.818204      -0.063139       8    15.999  QM
   13  C         2.177605      -1.123717      -0.082690       6    12.011  QM
   14  N01       2.917969       0.078376      -0.003845       7    14.007  QM
   15  C         2.938419      -2.339110      -0.014881       6    12.011  QM
   16  C         2.337940      -3.627883      -0.018702       6    12.011  QM
   17  C         3.117887      -4.914658       0.215906       6    12.011  QM
   18  C         0.895908      -3.664847      -0.009599       6    12.011  QM
   19  C         0.139473      -5.021862       0.057547       6    12.011  QM
   20  C         0.133993      -2.501965       0.060596       6    12.011  QM
   21  C         0.722402      -1.217128      -0.041733       6    12.011  QM
   22  C         0.780124       1.150150      -0.048213       6    12.011  QM
   23  N02       0.000000       0.000000       0.000000       7    14.007  QM
   24  H        -2.791271      -0.810176      -2.325481       1     1.008  QM
   25  H        -1.953457       2.512310      -0.025586       1     1.008  QM
   26  H         2.430087       4.513495      -0.195756       1     1.008  QM
   27  H08       4.022845      -2.357322       0.018292       1     1.008  QM
   28  H        -0.922413      -2.608026       0.290692       1     1.008  QM
   29  H        -3.530392       1.391894      -2.118028       1     1.008  QM
   30  H04      -1.660218      -0.765144       1.118249       1     1.008  QM
   31  H        -3.434010      -0.127055      -0.145751       1     1.008  QM
   32  H        -1.691675       1.396713      -1.943323       1     1.008  QM
   33  H071      4.095092      -4.628226       0.623704       1     1.008  QM
   34  H072      3.317746      -5.459487      -0.714304       1     1.008  QM
   35  H073      2.680241      -5.610929       0.941926       1     1.008  QM
   36  H061      0.426123      -5.662206       0.901837       1     1.008  QM
   37  H062      0.223616      -5.623234      -0.855743       1     1.008  QM
   38  H063     -0.956186      -4.968152       0.038514       1     1.008  QM
   39  H03      -1.548340       0.915026       1.154984       1     1.008  QM


 *** ATOM 14 ( N01 ) ***

 RAW TENSOR (FC+SD+SOC-PSO and SD) [MHz]

           X            Y            Z                     X            Y            Z
 X      -1.6624       0.2075      -2.8505        X     -18.3318       0.1961      -2.8495
 Y       0.2171      -1.3825      -2.2899        Y       0.1961     -18.1067      -2.2917
 Z      -2.8518      -2.2912      53.1686        Z      -2.8495      -2.2917      36.4385
 

 HFC TENSOR (FC and SD) MHz]

           X            Y            Z                     X            Y            Z
 X      16.7330       0.0000       0.0000        X     -18.4996       0.0000       0.0000
 Y       0.0000      16.7330       0.0000        Y       0.0000     -18.1832       0.0000
 Z       0.0000       0.0000      16.7330        Z       0.0000       0.0000      36.6828
 
 HYPERFINE COUPLING CONSTANT FOR ATOM 14 ( N01 ) [MHz]
                        X           Y           Z
 FERMI-CONACT:        16.7330     16.7330     16.7330
 SPIN-DIPOLE :       -18.4996    -18.1832     36.6828
 SOC-PSO     :        -0.0636     -0.0087     -0.0029     -0.0251
 A_ISOTROPIC:         16.7079


 *** ATOM 23 ( N02 ) ***

 RAW TENSOR (FC+SD+SOC-PSO and SD) [MHz]

           X            Y            Z                     X            Y            Z
 X       2.1578       0.1252       3.4161        X      -4.2109       0.1233       3.4120
 Y       0.1208       1.1840       0.3432        Y       0.1233      -5.1782       0.3435
 Z       3.4144       0.3435      15.7674        Z       3.4120       0.3435       9.3891
 

 HFC TENSOR (FC and SD) MHz]

           X            Y            Z                     X            Y            Z
 X       6.3800       0.0000       0.0000        X      -5.1962       0.0000       0.0000
 Y       0.0000       6.3800       0.0000        Y       0.0000      -5.0095       0.0000
 Z       0.0000       0.0000       6.3800        Z       0.0000       0.0000      10.2057
 
 HYPERFINE COUPLING CONSTANT FOR ATOM 23 ( N02 ) [MHz]
                        X           Y           Z
 FERMI-CONACT:         6.3800      6.3800      6.3800
 SPIN-DIPOLE :        -5.1962     -5.0095     10.2057
 SOC-PSO     :        -0.0113     -0.0177     -0.0018     -0.0103
 A_ISOTROPIC:          6.3697


 *** ATOM 27 ( H08 ) ***

 RAW TENSOR (FC+SD+SOC-PSO and SD) [MHz]

           X            Y            Z                     X            Y            Z
 X      -4.7181      -1.8119       0.0977        X       4.2794      -1.8115       0.0981
 Y      -1.8119     -11.8973      -0.0103        Y      -1.8115      -2.9049      -0.0102
 Z       0.0981      -0.0101     -10.3716        Z       0.0981      -0.0102      -1.3745
 

 HFC TENSOR (FC and SD) MHz]

           X            Y            Z                     X            Y            Z
 X      -8.9976       0.0000       0.0000        X      -3.3359       0.0000       0.0000
 Y       0.0000      -8.9976       0.0000        Y       0.0000      -1.3760       0.0000
 Z       0.0000       0.0000      -8.9976        Z       0.0000       0.0000       4.7119
 
 HYPERFINE COUPLING CONSTANT FOR ATOM 27 ( H08 ) [MHz]
                        X           Y           Z
 FERMI-CONACT:        -8.9976     -8.9976     -8.9976
 SPIN-DIPOLE :        -3.3359     -1.3760      4.7119
 SOC-PSO     :         0.0001      0.0051      0.0005      0.0019
 A_ISOTROPIC:         -8.9957


 *** ATOM 30 ( H04 ) ***

 RAW TENSOR (FC+SD+SOC-PSO and SD) [MHz]

           X            Y            Z                     X            Y            Z
 X       4.6920       0.6725      -1.3400        X       1.4824       0.6707      -1.3401
 Y       0.6704       2.5050      -0.3503        Y       0.6707      -0.7049      -0.3504
 Z      -1.3409      -0.3509       2.4314        Z      -1.3401      -0.3504      -0.7775
 

 HFC TENSOR (FC and SD) MHz]

           X            Y            Z                     X            Y            Z
 X       3.2088       0.0000       0.0000        X      -1.4027       0.0000       0.0000
 Y       0.0000       3.2088       0.0000        Y       0.0000      -0.8931       0.0000
 Z       0.0000       0.0000       3.2088        Z       0.0000       0.0000       2.2958
 
 HYPERFINE COUPLING CONSTANT FOR ATOM 30 ( H04 ) [MHz]
                        X           Y           Z
 FERMI-CONACT:         3.2088      3.2088      3.2088
 SPIN-DIPOLE :        -1.4027     -0.8931      2.2958
 SOC-PSO     :         0.0008      0.0012      0.0001      0.0007
 A_ISOTROPIC:          3.2095


 *** ATOM 33 ( H071 ) ***

 RAW TENSOR (FC+SD+SOC-PSO and SD) [MHz]

           X            Y            Z                     X            Y            Z
 X      -1.6815      -0.6085       0.0874        X      -0.2787      -0.6079       0.0874
 Y      -0.6079      -0.4668      -0.1547        Y      -0.6079       0.9348      -0.1547
 Z       0.0874      -0.1550      -2.0584        Z       0.0874      -0.1547      -0.6561
 

 HFC TENSOR (FC and SD) MHz]

           X            Y            Z                     X            Y            Z
 X      -1.4024       0.0000       0.0000        X      -0.6760       0.0000       0.0000
 Y       0.0000      -1.4024       0.0000        Y       0.0000      -0.5277       0.0000
 Z       0.0000       0.0000      -1.4024        Z       0.0000       0.0000       1.2037
 
 HYPERFINE COUPLING CONSTANT FOR ATOM 33 ( H071 ) [MHz]
                        X           Y           Z
 FERMI-CONACT:        -1.4024     -1.4024     -1.4024
 SPIN-DIPOLE :        -0.6760     -0.5277      1.2037
 SOC-PSO     :        -0.0003      0.0008      0.0001      0.0002
 A_ISOTROPIC:         -1.4023


 *** ATOM 34 ( H072 ) ***

 RAW TENSOR (FC+SD+SOC-PSO and SD) [MHz]

           X            Y            Z                     X            Y            Z
 X      -6.2512      -0.3059      -0.0730        X      -0.0034      -0.3059      -0.0730
 Y      -0.3059      -5.7478       0.1631        Y      -0.3059       0.4995       0.1631
 Z      -0.0730       0.1633      -6.7438        Z      -0.0730       0.1631      -0.4961
 

 HFC TENSOR (FC and SD) MHz]

           X            Y            Z                     X            Y            Z
 X      -6.2478       0.0000       0.0000        X      -0.5235       0.0000       0.0000
 Y       0.0000      -6.2478       0.0000        Y       0.0000      -0.1479       0.0000
 Z       0.0000       0.0000      -6.2478        Z       0.0000       0.0000       0.6714
 
 HYPERFINE COUPLING CONSTANT FOR ATOM 34 ( H072 ) [MHz]
                        X           Y           Z
 FERMI-CONACT:        -6.2478     -6.2478     -6.2478
 SPIN-DIPOLE :        -0.5235     -0.1479      0.6714
 SOC-PSO     :         0.0000      0.0005      0.0001      0.0002
 A_ISOTROPIC:         -6.2476


 *** ATOM 35 ( H073 ) ***

 RAW TENSOR (FC+SD+SOC-PSO and SD) [MHz]

           X            Y            Z                     X            Y            Z
 X      -3.3143      -0.5086       0.1943        X      -0.1152      -0.5086       0.1943
 Y      -0.5087      -2.5556      -0.2657        Y      -0.5086       0.6431      -0.2657
 Z       0.1945      -0.2658      -3.7269        Z       0.1943      -0.2657      -0.5279
 

 HFC TENSOR (FC and SD) MHz]

           X            Y            Z                     X            Y            Z
 X      -3.1991       0.0000       0.0000        X      -0.6102       0.0000       0.0000
 Y       0.0000      -3.1991       0.0000        Y       0.0000      -0.3586       0.0000
 Z       0.0000       0.0000      -3.1991        Z       0.0000       0.0000       0.9688
 
 HYPERFINE COUPLING CONSTANT FOR ATOM 35 ( H073 ) [MHz]
                        X           Y           Z
 FERMI-CONACT:        -3.1991     -3.1991     -3.1991
 SPIN-DIPOLE :        -0.6102     -0.3586      0.9688
 SOC-PSO     :        -0.0001      0.0004      0.0001      0.0001
 A_ISOTROPIC:         -3.1990


 *** ATOM 36 ( H061 ) ***

 RAW TENSOR (FC+SD+SOC-PSO and SD) [MHz]

           X            Y            Z                     X            Y            Z
 X      11.1280       0.5810      -0.1153        X      -0.5949       0.5808      -0.1154
 Y       0.5809      12.9627      -0.5750        Y       0.5808       1.2393      -0.5750
 Z      -0.1151      -0.5751      11.0785        Z      -0.1154      -0.5750      -0.6445
 

 HFC TENSOR (FC and SD) MHz]

           X            Y            Z                     X            Y            Z
 X      11.7229       0.0000       0.0000        X      -0.8323       0.0000       0.0000
 Y       0.0000      11.7229       0.0000        Y       0.0000      -0.7303       0.0000
 Z       0.0000       0.0000      11.7229        Z       0.0000       0.0000       1.5626
 
 HYPERFINE COUPLING CONSTANT FOR ATOM 36 ( H061 ) [MHz]
                        X           Y           Z
 FERMI-CONACT:        11.7229     11.7229     11.7229
 SPIN-DIPOLE :        -0.8323     -0.7303      1.5626
 SOC-PSO     :        -0.0001      0.0004      0.0000      0.0001
 A_ISOTROPIC:         11.7230


 *** ATOM 37 ( H062 ) ***

 RAW TENSOR (FC+SD+SOC-PSO and SD) [MHz]

           X            Y            Z                     X            Y            Z
 X      14.0274       0.7507       0.1224        X      -0.5985       0.7504       0.1225
 Y       0.7505      15.8557       0.5180        Y       0.7504       1.2294       0.5180
 Z       0.1224       0.5182      13.9952        Z       0.1225       0.5180      -0.6309
 

 HFC TENSOR (FC and SD) MHz]

           X            Y            Z                     X            Y            Z
 X      14.6260       0.0000       0.0000        X      -0.8916       0.0000       0.0000
 Y       0.0000      14.6260       0.0000        Y       0.0000      -0.7307       0.0000
 Z       0.0000       0.0000      14.6260        Z       0.0000       0.0000       1.6223
 
 HYPERFINE COUPLING CONSTANT FOR ATOM 37 ( H062 ) [MHz]
                        X           Y           Z
 FERMI-CONACT:        14.6260     14.6260     14.6260
 SPIN-DIPOLE :        -0.8916     -0.7307      1.6223
 SOC-PSO     :        -0.0001      0.0003      0.0001      0.0001
 A_ISOTROPIC:         14.6261


 *** ATOM 38 ( H063 ) ***

 RAW TENSOR (FC+SD+SOC-PSO and SD) [MHz]

           X            Y            Z                     X            Y            Z
 X       0.9385       0.9872      -0.0958        X       0.4120       0.9872      -0.0958
 Y       0.9875       0.7250      -0.0185        Y       0.9872       0.1988      -0.0185
 Z      -0.0958      -0.0185      -0.0849        Z      -0.0958      -0.0185      -0.6108
 

 HFC TENSOR (FC and SD) MHz]

           X            Y            Z                     X            Y            Z
 X       0.5259       0.0000       0.0000        X      -0.7131       0.0000       0.0000
 Y       0.0000       0.5259       0.0000        Y       0.0000      -0.5889       0.0000
 Z       0.0000       0.0000       0.5259        Z       0.0000       0.0000       1.3020
 
 HYPERFINE COUPLING CONSTANT FOR ATOM 38 ( H063 ) [MHz]
                        X           Y           Z
 FERMI-CONACT:         0.5259      0.5259      0.5259
 SPIN-DIPOLE :        -0.7131     -0.5889      1.3020
 SOC-PSO     :         0.0006      0.0003     -0.0001      0.0003
 A_ISOTROPIC:          0.5262


 *** ATOM 39 ( H03 ) ***

 RAW TENSOR (FC+SD+SOC-PSO and SD) [MHz]

           X            Y            Z                     X            Y            Z
 X       4.7139      -0.4617      -1.3913        X       1.5486      -0.4617      -1.3914
 Y      -0.4621       2.4807       0.3409        Y      -0.4617      -0.6837       0.3409
 Z      -1.3920       0.3411       2.2995        Z      -1.3914       0.3409      -0.8649
 

 HFC TENSOR (FC and SD) MHz]

           X            Y            Z                     X            Y            Z
 X       3.1643       0.0000       0.0000        X      -1.5187       0.0000       0.0000
 Y       0.0000       3.1643       0.0000        Y       0.0000      -0.7712       0.0000
 Z       0.0000       0.0000       3.1643        Z       0.0000       0.0000       2.2899
 
 HYPERFINE COUPLING CONSTANT FOR ATOM 39 ( H03 ) [MHz]
                        X           Y           Z
 FERMI-CONACT:         3.1643      3.1643      3.1643
 SPIN-DIPOLE :        -1.5187     -0.7712      2.2899
 SOC-PSO     :         0.0009      0.0000      0.0000      0.0003
 A_ISOTROPIC:          3.1647


 
 TIMING STATISTICS (SECONDS)
 

 TIMER ENTRY                    NUMBER OF CALLS   CUMUL. CPU TIME   CONTRIBUT.

 INITIALIZATION                              1             0.028         0.0 %
 INPUT                                       1             0.288         0.4 %
 DIAGONALIZATION                            96             0.012         0.0 %
 SYMMETRY ANALYSIS                           3             0.001         0.0 %
 START GUESS                                 1             3.502         4.6 %
 MATRIX MULTIPLICATION                    6024             0.167         0.2 %
 MPI DIAGONALIZATION                        53             2.967         3.9 %
                         ON NODE             1             2.970
                         ON NODE             2             2.970
                         ON NODE             3             2.970
                         ON NODE             4             2.968
                         ON NODE             5             2.969
                         ON NODE             6             2.970
                         ON NODE             7             2.970
                         ON NODE             8             2.970
                         ON NODE             9             2.970
                         ON NODE            10             2.969
                         ON NODE            11             2.970
                         ON NODE            12             2.968
                         ON NODE            13             2.966
                         ON NODE            14             2.969
                         ON NODE            15             2.970
                         ON NODE            16             2.967
                         ON NODE            17             2.967
                         ON NODE            18             2.967
                         ON NODE            19             2.970
                         ON NODE            20             2.970
                         ON NODE            21             2.970
                         ON NODE            22             2.970
                         ON NODE            23             2.970
                         ON NODE            24             2.970
                         ON NODE            25             2.970
                         ON NODE            26             2.970
                         ON NODE            27             2.970
                         ON NODE            28             2.970
                         ON NODE            29             2.970
                         ON NODE            30             2.970
                         ON NODE            31             2.970
                         ON NODE            32             2.970
                         ON NODE            33             2.970
                         ON NODE            34             2.970
                         ON NODE            35             2.970
                         ON NODE            36             2.970
                         ON NODE            37             2.970
                         ON NODE            38             2.970
                         ON NODE            39             2.970
           AVERAGE PER PROCESSOR                           2.969
 MPI MATRIX MULTIPLICATION                 144             0.823         1.1 %
                         ON NODE             1             0.825
                         ON NODE             2             0.825
                         ON NODE             3             0.825
                         ON NODE             4             0.825
                         ON NODE             5             0.825
                         ON NODE             6             0.825
                         ON NODE             7             0.825
                         ON NODE             8             0.825
                         ON NODE             9             0.825
                         ON NODE            10             0.825
                         ON NODE            11             0.825
                         ON NODE            12             0.824
                         ON NODE            13             0.825
                         ON NODE            14             0.825
                         ON NODE            15             0.825
                         ON NODE            16             0.823
                         ON NODE            17             0.823
                         ON NODE            18             0.825
                         ON NODE            19             0.825
                         ON NODE            20             0.825
                         ON NODE            21             0.825
                         ON NODE            22             0.825
                         ON NODE            23             0.825
                         ON NODE            24             0.825
                         ON NODE            25             0.825
                         ON NODE            26             0.825
                         ON NODE            27             0.825
                         ON NODE            28             0.825
                         ON NODE            29             0.825
                         ON NODE            30             0.825
                         ON NODE            31             0.825
                         ON NODE            32             0.824
                         ON NODE            33             0.825
                         ON NODE            34             0.825
                         ON NODE            35             0.825
                         ON NODE            36             0.824
                         ON NODE            37             0.824
                         ON NODE            38             0.824
                         ON NODE            39             0.824
           AVERAGE PER PROCESSOR                           0.825
 CORE INTEGRALS                              1             0.696         0.9 %
 ORTHOGONALIZATION MATRIX                    1             0.155         0.2 %
 MPI AUXILIARY FUNCTION FIT                 45             0.740         1.0 %
                         ON NODE             1             0.783
                         ON NODE             2             0.824
                         ON NODE             3             0.818
                         ON NODE             4             0.799
                         ON NODE             5             0.825
                         ON NODE             6             0.807
                         ON NODE             7             0.830
                         ON NODE             8             0.805
                         ON NODE             9             0.791
                         ON NODE            10             0.807
                         ON NODE            11             0.810
                         ON NODE            12             0.796
                         ON NODE            13             0.797
                         ON NODE            14             0.808
                         ON NODE            15             0.813
                         ON NODE            16             0.783
                         ON NODE            17             0.798
                         ON NODE            18             0.799
                         ON NODE            19             0.824
                         ON NODE            20             0.805
                         ON NODE            21             0.834
                         ON NODE            22             0.793
                         ON NODE            23             0.815
                         ON NODE            24             0.802
                         ON NODE            25             0.808
                         ON NODE            26             0.795
                         ON NODE            27             0.812
                         ON NODE            28             0.799
                         ON NODE            29             0.808
                         ON NODE            30             0.794
                         ON NODE            31             0.826
                         ON NODE            32             0.820
                         ON NODE            33             0.803
                         ON NODE            34             0.794
                         ON NODE            35             0.795
                         ON NODE            36             0.795
                         ON NODE            37             0.800
                         ON NODE            38             0.819
                         ON NODE            39             0.813
           AVERAGE PER PROCESSOR                           0.805
 MPI CORE HAMILTONIAN                        1             0.074         0.1 %
                         ON NODE             1             0.061
                         ON NODE             2             0.061
                         ON NODE             3             0.061
                         ON NODE             4             0.061
                         ON NODE             5             0.061
                         ON NODE             6             0.061
                         ON NODE             7             0.061
                         ON NODE             8             0.061
                         ON NODE             9             0.061
                         ON NODE            10             0.061
                         ON NODE            11             0.061
                         ON NODE            12             0.061
                         ON NODE            13             0.061
                         ON NODE            14             0.061
                         ON NODE            15             0.061
                         ON NODE            16             0.061
                         ON NODE            17             0.061
                         ON NODE            18             0.061
                         ON NODE            19             0.061
                         ON NODE            20             0.061
                         ON NODE            21             0.061
                         ON NODE            22             0.061
                         ON NODE            23             0.061
                         ON NODE            24             0.061
                         ON NODE            25             0.061
                         ON NODE            26             0.061
                         ON NODE            27             0.061
                         ON NODE            28             0.061
                         ON NODE            29             0.061
                         ON NODE            30             0.061
                         ON NODE            31             0.061
                         ON NODE            32             0.061
                         ON NODE            33             0.061
                         ON NODE            34             0.061
                         ON NODE            35             0.061
                         ON NODE            36             0.061
                         ON NODE            37             0.061
                         ON NODE            38             0.061
                         ON NODE            39             0.061
           AVERAGE PER PROCESSOR                           0.061
 MPI NEAR ERI CALCULATION                    1             0.277         0.4 %
                         ON NODE             1             0.277
                         ON NODE             2             0.277
                         ON NODE             3             0.277
                         ON NODE             4             0.277
                         ON NODE             5             0.277
                         ON NODE             6             0.277
                         ON NODE             7             0.277
                         ON NODE             8             0.277
                         ON NODE             9             0.277
                         ON NODE            10             0.277
                         ON NODE            11             0.277
                         ON NODE            12             0.277
                         ON NODE            13             0.277
                         ON NODE            14             0.277
                         ON NODE            15             0.277
                         ON NODE            16             0.277
                         ON NODE            17             0.277
                         ON NODE            18             0.277
                         ON NODE            19             0.277
                         ON NODE            20             0.277
                         ON NODE            21             0.277
                         ON NODE            22             0.277
                         ON NODE            23             0.277
                         ON NODE            24             0.277
                         ON NODE            25             0.277
                         ON NODE            26             0.277
                         ON NODE            27             0.277
                         ON NODE            28             0.277
                         ON NODE            29             0.277
                         ON NODE            30             0.277
                         ON NODE            31             0.277
                         ON NODE            32             0.277
                         ON NODE            33             0.277
                         ON NODE            34             0.277
                         ON NODE            35             0.277
                         ON NODE            36             0.277
                         ON NODE            37             0.277
                         ON NODE            38             0.277
                         ON NODE            39             0.277
           AVERAGE PER PROCESSOR                           0.277
 SCF ITERATION                               1            58.967        77.0 %
 NULLSPACE                                   2             0.161         0.2 %
 MPI FAR J CALCULATION                      22             0.315         0.4 %
                         ON NODE             1             0.315
                         ON NODE             2             0.315
                         ON NODE             3             0.315
                         ON NODE             4             0.315
                         ON NODE             5             0.315
                         ON NODE             6             0.315
                         ON NODE             7             0.315
                         ON NODE             8             0.315
                         ON NODE             9             0.315
                         ON NODE            10             0.315
                         ON NODE            11             0.315
                         ON NODE            12             0.315
                         ON NODE            13             0.315
                         ON NODE            14             0.315
                         ON NODE            15             0.315
                         ON NODE            16             0.315
                         ON NODE            17             0.315
                         ON NODE            18             0.315
                         ON NODE            19             0.315
                         ON NODE            20             0.315
                         ON NODE            21             0.315
                         ON NODE            22             0.315
                         ON NODE            23             0.315
                         ON NODE            24             0.315
                         ON NODE            25             0.315
                         ON NODE            26             0.315
                         ON NODE            27             0.315
                         ON NODE            28             0.315
                         ON NODE            29             0.315
                         ON NODE            30             0.315
                         ON NODE            31             0.315
                         ON NODE            32             0.315
                         ON NODE            33             0.315
                         ON NODE            34             0.315
                         ON NODE            35             0.315
                         ON NODE            36             0.315
                         ON NODE            37             0.315
                         ON NODE            38             0.315
                         ON NODE            39             0.315
           AVERAGE PER PROCESSOR                           0.315
 MPI EXX POTENTIAL                          22            46.123        60.2 %
                         ON NODE             1            46.198
                         ON NODE             2            46.200
                         ON NODE             3            46.195
                         ON NODE             4            46.152
                         ON NODE             5            46.193
                         ON NODE             6            46.198
                         ON NODE             7            46.193
                         ON NODE             8            46.190
                         ON NODE             9            46.196
                         ON NODE            10            46.189
                         ON NODE            11            46.192
                         ON NODE            12            46.183
                         ON NODE            13            46.178
                         ON NODE            14            46.179
                         ON NODE            15            46.188
                         ON NODE            16            46.176
                         ON NODE            17            46.183
                         ON NODE            18            46.176
                         ON NODE            19            46.174
                         ON NODE            20            46.199
                         ON NODE            21            46.200
                         ON NODE            22            46.203
                         ON NODE            23            46.199
                         ON NODE            24            46.200
                         ON NODE            25            46.199
                         ON NODE            26            46.199
                         ON NODE            27            46.201
                         ON NODE            28            46.202
                         ON NODE            29            46.199
                         ON NODE            30            46.200
                         ON NODE            31            46.204
                         ON NODE            32            46.192
                         ON NODE            33            46.202
                         ON NODE            34            46.204
                         ON NODE            35            46.204
                         ON NODE            36            46.203
                         ON NODE            37            46.207
                         ON NODE            38            46.202
                         ON NODE            39            46.205
           AVERAGE PER PROCESSOR                          46.192
 CHOLESKY MO LOCALIZATION                   46             0.047         0.1 %
 MPI FOSTER-BOYS MO LOCALIZATION            46             1.692         2.2 %
                         ON NODE             1             0.890
                         ON NODE             2             0.890
                         ON NODE             3             0.890
                         ON NODE             4             0.890
                         ON NODE             5             0.890
                         ON NODE             6             0.890
                         ON NODE             7             0.890
                         ON NODE             8             0.890
                         ON NODE             9             0.890
                         ON NODE            10             0.890
                         ON NODE            11             0.890
                         ON NODE            12             0.890
                         ON NODE            13             0.890
                         ON NODE            14             0.890
                         ON NODE            15             0.890
                         ON NODE            16             0.889
                         ON NODE            17             0.890
                         ON NODE            18             0.890
                         ON NODE            19             0.890
                         ON NODE            20             0.890
                         ON NODE            21             0.890
                         ON NODE            22             0.890
                         ON NODE            23             0.890
                         ON NODE            24             0.890
                         ON NODE            25             0.890
                         ON NODE            26             0.890
                         ON NODE            27             0.890
                         ON NODE            28             0.890
                         ON NODE            29             0.890
                         ON NODE            30             0.890
                         ON NODE            31             0.890
                         ON NODE            32             0.890
                         ON NODE            33             0.890
                         ON NODE            34             0.890
                         ON NODE            35             0.890
                         ON NODE            36             0.890
                         ON NODE            37             0.890
                         ON NODE            38             0.890
                         ON NODE            39             0.890
           AVERAGE PER PROCESSOR                           0.910
 MPI OCTREE MO SORTING                      44             0.735         1.0 %
                         ON NODE             1             0.733
                         ON NODE             2             0.733
                         ON NODE             3             0.733
                         ON NODE             4             0.732
                         ON NODE             5             0.733
                         ON NODE             6             0.733
                         ON NODE             7             0.733
                         ON NODE             8             0.733
                         ON NODE             9             0.733
                         ON NODE            10             0.733
                         ON NODE            11             0.733
                         ON NODE            12             0.733
                         ON NODE            13             0.733
                         ON NODE            14             0.733
                         ON NODE            15             0.733
                         ON NODE            16             0.732
                         ON NODE            17             0.733
                         ON NODE            18             0.733
                         ON NODE            19             0.733
                         ON NODE            20             0.733
                         ON NODE            21             0.733
                         ON NODE            22             0.733
                         ON NODE            23             0.733
                         ON NODE            24             0.733
                         ON NODE            25             0.733
                         ON NODE            26             0.733
                         ON NODE            27             0.733
                         ON NODE            28             0.733
                         ON NODE            29             0.733
                         ON NODE            30             0.733
                         ON NODE            31             0.733
                         ON NODE            32             0.733
                         ON NODE            33             0.733
                         ON NODE            34             0.733
                         ON NODE            35             0.733
                         ON NODE            36             0.733
                         ON NODE            37             0.733
                         ON NODE            38             0.733
                         ON NODE            39             0.733
           AVERAGE PER PROCESSOR                           0.733
 GRID INITIALIZATION                         2             0.004         0.0 %
 ADAPTIVE GRID GENERATION                    2             2.767         3.6 %
 MPI XC POTENTIAL                           22             2.218         2.9 %
                         ON NODE             1             2.206
                         ON NODE             2             2.206
                         ON NODE             3             2.206
                         ON NODE             4             2.204
                         ON NODE             5             2.205
                         ON NODE             6             2.205
                         ON NODE             7             2.204
                         ON NODE             8             2.204
                         ON NODE             9             2.204
                         ON NODE            10             2.204
                         ON NODE            11             2.204
                         ON NODE            12             2.204
                         ON NODE            13             2.203
                         ON NODE            14             2.203
                         ON NODE            15             2.203
                         ON NODE            16             2.201
                         ON NODE            17             2.203
                         ON NODE            18             2.202
                         ON NODE            19             2.201
                         ON NODE            20             2.197
                         ON NODE            21             2.197
                         ON NODE            22             2.197
                         ON NODE            23             2.197
                         ON NODE            24             2.197
                         ON NODE            25             2.196
                         ON NODE            26             2.196
                         ON NODE            27             2.196
                         ON NODE            28             2.196
                         ON NODE            29             2.196
                         ON NODE            30             2.195
                         ON NODE            31             2.196
                         ON NODE            32             2.195
                         ON NODE            33             2.195
                         ON NODE            34             2.195
                         ON NODE            35             2.195
                         ON NODE            36             2.195
                         ON NODE            37             2.195
                         ON NODE            38             2.194
                         ON NODE            39             2.194
           AVERAGE PER PROCESSOR                           2.200
 MPI FAR ERI CALCULATION                    22             0.263         0.3 %
                         ON NODE             1             0.264
                         ON NODE             2             0.264
                         ON NODE             3             0.264
                         ON NODE             4             0.263
                         ON NODE             5             0.263
                         ON NODE             6             0.264
                         ON NODE             7             0.264
                         ON NODE             8             0.264
                         ON NODE             9             0.264
                         ON NODE            10             0.263
                         ON NODE            11             0.264
                         ON NODE            12             0.264
                         ON NODE            13             0.263
                         ON NODE            14             0.263
                         ON NODE            15             0.263
                         ON NODE            16             0.264
                         ON NODE            17             0.263
                         ON NODE            18             0.263
                         ON NODE            19             0.263
                         ON NODE            20             0.263
                         ON NODE            21             0.263
                         ON NODE            22             0.263
                         ON NODE            23             0.264
                         ON NODE            24             0.264
                         ON NODE            25             0.264
                         ON NODE            26             0.264
                         ON NODE            27             0.264
                         ON NODE            28             0.263
                         ON NODE            29             0.263
                         ON NODE            30             0.264
                         ON NODE            31             0.264
                         ON NODE            32             0.263
                         ON NODE            33             0.263
                         ON NODE            34             0.264
                         ON NODE            35             0.263
                         ON NODE            36             0.264
                         ON NODE            37             0.264
                         ON NODE            38             0.264
                         ON NODE            39             0.264
           AVERAGE PER PROCESSOR                           0.263
 MPI EXX ENERGY                              1             1.607         2.1 %
                         ON NODE             1             1.619
                         ON NODE             2             1.619
                         ON NODE             3             1.619
                         ON NODE             4             1.617
                         ON NODE             5             1.618
                         ON NODE             6             1.619
                         ON NODE             7             1.618
                         ON NODE             8             1.619
                         ON NODE             9             1.619
                         ON NODE            10             1.618
                         ON NODE            11             1.618
                         ON NODE            12             1.619
                         ON NODE            13             1.619
                         ON NODE            14             1.618
                         ON NODE            15             1.619
                         ON NODE            16             1.619
                         ON NODE            17             1.619
                         ON NODE            18             1.619
                         ON NODE            19             1.619
                         ON NODE            20             1.619
                         ON NODE            21             1.619
                         ON NODE            22             1.619
                         ON NODE            23             1.619
                         ON NODE            24             1.618
                         ON NODE            25             1.619
                         ON NODE            26             1.619
                         ON NODE            27             1.618
                         ON NODE            28             1.618
                         ON NODE            29             1.618
                         ON NODE            30             1.618
                         ON NODE            31             1.619
                         ON NODE            32             1.619
                         ON NODE            33             1.618
                         ON NODE            34             1.619
                         ON NODE            35             1.618
                         ON NODE            36             1.619
                         ON NODE            37             1.619
                         ON NODE            38             1.619
                         ON NODE            39             1.619
           AVERAGE PER PROCESSOR                           1.618
 MPI EPR A-TENSOR                            1             9.944        13.0 %
                         ON NODE             1             9.966
                         ON NODE             2             9.966
                         ON NODE             3             9.966
                         ON NODE             4             9.958
                         ON NODE             5             9.965
                         ON NODE             6             9.966
                         ON NODE             7             9.965
                         ON NODE             8             9.965
                         ON NODE             9             9.965
                         ON NODE            10             9.964
                         ON NODE            11             9.967
                         ON NODE            12             9.967
                         ON NODE            13             9.967
                         ON NODE            14             9.967
                         ON NODE            15             9.968
                         ON NODE            16             9.965
                         ON NODE            17             9.966
                         ON NODE            18             9.967
                         ON NODE            19             9.967
                         ON NODE            20             9.968
                         ON NODE            21             9.968
                         ON NODE            22             9.968
                         ON NODE            23             9.968
                         ON NODE            24             9.968
                         ON NODE            25             9.969
                         ON NODE            26             9.969
                         ON NODE            27             9.968
                         ON NODE            28             9.969
                         ON NODE            29             9.968
                         ON NODE            30             9.968
                         ON NODE            31             9.969
                         ON NODE            32             9.969
                         ON NODE            33             9.969
                         ON NODE            34             9.969
                         ON NODE            35             9.964
                         ON NODE            36             9.969
                         ON NODE            37             9.969
                         ON NODE            38             9.969
                         ON NODE            39             9.969
           AVERAGE PER PROCESSOR                           9.966
 MPI PSO-SOC                                 1             8.084        10.6 %
                         ON NODE             1             8.095
                         ON NODE             2             8.095
                         ON NODE             3             8.094
                         ON NODE             4             8.088
                         ON NODE             5             8.094
                         ON NODE             6             8.094
                         ON NODE             7             8.094
                         ON NODE             8             8.094
                         ON NODE             9             8.094
                         ON NODE            10             8.093
                         ON NODE            11             8.095
                         ON NODE            12             8.096
                         ON NODE            13             8.096
                         ON NODE            14             8.096
                         ON NODE            15             8.096
                         ON NODE            16             8.095
                         ON NODE            17             8.095
                         ON NODE            18             8.096
                         ON NODE            19             8.095
                         ON NODE            20             8.096
                         ON NODE            21             8.096
                         ON NODE            22             8.096
                         ON NODE            23             8.095
                         ON NODE            24             8.096
                         ON NODE            25             8.096
                         ON NODE            26             8.097
                         ON NODE            27             8.096
                         ON NODE            28             8.096
                         ON NODE            29             8.096
                         ON NODE            30             8.096
                         ON NODE            31             8.096
                         ON NODE            32             8.096
                         ON NODE            33             8.096
                         ON NODE            34             8.096
                         ON NODE            35             8.092
                         ON NODE            36             8.097
                         ON NODE            37             8.097
                         ON NODE            38             8.097
                         ON NODE            39             8.097
           AVERAGE PER PROCESSOR                           8.095

 FINAL TIMING           DATE: WED DEC 08 20:11:38 2021  TOTAL TIME:      76.569
