 ******************************************************************************
 ******************************************************************************
 ***                                                                        ***
 ***                              PROGRAM deMon2k                           ***
 ***                                                                        ***
 ***                        (VERSION 6.0.2, Jul. 2018)                      ***
 ***                                                                        ***
 ***     COPYRIGHT (C) BY THE INTERNATIONAL DEMON DEVELOPERS COMMUNITY      ***
 ***                                                                        ***
 ***  AUTHORS: A.M. Koster, G. Geudtner, A. Alvarez-Ibarra, P. Calaminici,  ***
 ***           M.E. Casida, J. Carmona-Espindola, V. Dominguez, R. Flores-  ***
 ***           Moreno, G.U. Gamboa, A. Goursot, T. Heine, A. Ipatov, A. de  ***
 ***           la Lande, F. Janetzko, J.M. del Campo, L.G.M. Pettersson,    ***
 ***           D. Mejia-Rodriguez, J. Reveles, J. Vasquez-Perez, A. Vela,   ***
 ***           B. Zuniga-Gutierrez and D.R. Salahub                         ***
 ***                                                                        ***
 ******************************************************************************
 ******************************************************************************
                                                                                

 FIRST TIMING           DATE: WED DEC 08 20:10:18 2021  TOTAL TIME:       0.233
                                                                                

 INITIALIZATION                   STEP TIME:     0.029  TOTAL TIME:       0.262

 ******************************************************************************

 HFCC ON 6PU0 MD FRAME

 ******************************************************************************

 
 *** MOLECULAR SIMULATION DATA ***
 
 MOLECULAR CHARGE: -1
 NUMBER OF ATOMS: 39
 MOLECULAR SIMULATION TYPE: QM ONLY
 
 *** MOLECULAR QM DATA ***
 
 MULTIPLICITY: 2
 NUMBER OF QM ATOMS: 39
 NUMBER OF ELECTRONS: 167
 
 *** SCF OPTIONS ***
 
 SCF THEORY: UNRESTRICTED KOHN-SHAM (UKS)
 DIAGONALIZER: RS
 START GUESS: HUECKEL DENSITY
 SCF TOLERANCE: 0.100E-04
 POTENTIAL DENSITY: FITTED DENSITY
 NUMBER OF SCF ITERATIONS: 100
 DIIS ACCELERATION: ON
 LEVEL-SHIFT: ON (SHIFT VALUE = -0.100 HARTREE)
 XC-POTENTIAL: B3LYP - B3LYP
 GRID TECHNIQUE: ADAPTIVE
 GRID PRUNING: ON
 GRID METHOD: DIRECT
 GRID GENERATING FUNCTION: SCF
 GRID TOLERANCE: 0.100E-05
 ATOMIC WEIGHT FUNCTION: BECKE SCREENED
 RADIAL QUADRATURE TYPE: GAUSS-CHEBYSHEV
 SCF METHODE: MIXED & DOUBLE ASYMPTOTIC EXPANSION
 FREEZE AUXILIARY FUNCTIONS: OFF
 NUMERICAL FIT SOLVER: DIAGONAL SVD
 SVD THRESHOLD: 0.100E-05
 SCF SCREENING: 0.599E-12
 SYMMETRY USE: OFF
 ROTATION OF THE ANGULAR GRIDS: ON
 SCF PRINTING UNTIL CYCLE 0
 CARTESIAN ORBITALS WILL BE USED
 
 *** MAGNETIC PROPERTY OPTIONS ***
 
 CALCULATE EPR HYPERFINE COUPLING
 
 *** PRINT OPTIONS ***
 
 PRINT NMR DEBUG OUTPUT
 
 *** ACTIVATED INTERFACE PORTS ***
 
 FILE deMon.mol WILL BE WRITTEN
 
 
 *** GEOMETRY ***


 INPUT ORIENTATION IN ANGSTROM

  NO.  ATOM        X            Y            Z      Z-ATOM   MASS   TYPE OPTXYZ

    1  C        -2.537163     1.702855    -1.113522     6    12.011  QM       
    2  O        -2.675206     2.661998    -0.085933     8    15.999  QM       
    3  C        -2.507494     0.234616    -0.531870     6    12.011  QM       
    4  O        -2.222392    -0.654583    -1.629686     8    15.999  QM       
    5  C        -1.406492     0.011544     0.565677     6    12.011  QM       
    6  N         0.160820     2.331768     0.145699     7    14.007  QM       
    7  C         0.728553     3.568091     0.243514     6    12.011  QM       
    8  O         0.024234     4.555370     0.384084     8    15.999  QM       
    9  N         2.101951     3.579916     0.071308     7    14.007  QM       
   10  C         2.968921     2.521483     0.097461     6    12.011  QM       
   11  C         2.253361     1.228018     0.027598     6    12.011  QM       
   12  O         4.188806     2.654518     0.113625     8    15.999  QM       
   13  C         2.187902    -1.154909    -0.050922     6    12.011  QM       
   14  N01       2.956036     0.026111     0.006290     7    14.007  QM       
   15  C         2.938089    -2.309880    -0.023972     6    12.011  QM       
   16  C         2.346765    -3.570009     0.081366     6    12.011  QM       
   17  C         3.219457    -4.812649     0.279571     6    12.011  QM       
   18  C         0.888101    -3.621814     0.008293     6    12.011  QM       
   19  C         0.212227    -5.033786     0.342897     6    12.011  QM       
   20  C         0.161200    -2.417677     0.006684     6    12.011  QM       
   21  C         0.796108    -1.138332    -0.019834     6    12.011  QM       
   22  C         0.806002     1.189510    -0.016681     6    12.011  QM       
   23  N02       0.000000     0.000000     0.000000     7    14.007  QM       
   24  H        -2.461408    -0.140877    -2.420302     1     1.008  QM       
   25  H        -1.807886     3.081883     0.049712     1     1.008  QM       
   26  H         2.512355     4.451206    -0.241921     1     1.008  QM       
   27  H08       4.023372    -2.306540    -0.027793     1     1.008  QM       
   28  H        -0.909367    -2.568394    -0.094914     1     1.008  QM       
   29  H        -3.389032     1.777302    -1.789445     1     1.008  QM       
   30  H04      -1.609535    -0.947314     1.059348     1     1.008  QM       
   31  H        -3.505951     0.053628    -0.115559     1     1.008  QM       
   32  H        -1.593113     1.902665    -1.635169     1     1.008  QM       
   33  H071      2.903347    -5.275676     1.222792     1     1.008  QM       
   34  H072      4.268218    -4.505370     0.382303     1     1.008  QM       
   35  H073      3.121488    -5.511102    -0.560035     1     1.008  QM       
   36  H061      0.269138    -5.228741     1.421726     1     1.008  QM       
   37  H062      0.533101    -5.853050    -0.312931     1     1.008  QM       
   38  H063     -0.880718    -5.015737     0.252477     1     1.008  QM       
   39  H03      -1.428425     0.716079     1.405596     1     1.008  QM       


 
 
 *** WARNING IN INPCHK ***
 
 *** START GUESS IS CALCULATED WITH VXCTYPE PBE AUXIS ***
 
 
 
 *** ERI STATISTIC ***
 
 Est. Integrated ERIs: 108372598
 Est. Asymptotic ERIS: 117077
                                                                                

 INPUT                            STEP TIME:     0.275  TOTAL TIME:       0.538
 
 *** THE INPUT ORIENTATION IS USED ***
 
 POINT GROUP: C1
 
 GROUP ORDER: 1


 STANDARD ORIENTATION IN ANGSTROM

  NO.  ATOM        X              Y              Z        Z-ATOM   MASS   TYPE

    1  C         2.267489      -2.904810       0.654408       6    12.011  QM
    2  O         3.213087      -2.697991      -0.374193       8    15.999  QM
    3  C         0.818030      -3.130215       0.068586       6    12.011  QM
    4  O        -0.090563      -3.187971       1.185851       8    15.999  QM
    5  C         0.335264      -1.979031      -0.884456       6    12.011  QM
    6  N         2.258612       0.000119      -0.252010       7    14.007  QM
    7  C         3.336377       0.835921      -0.267527       6    12.011  QM
    8  O         4.452158       0.391474      -0.486713       8    15.999  QM
    9  N         3.047169       2.145459       0.075234       7    14.007  QM
   10  C         1.822734       2.752054       0.148757       6    12.011  QM
   11  C         0.721443       1.764054       0.117563       6    12.011  QM
   12  O         1.682009       3.963381       0.286460       8    15.999  QM
   13  C        -1.585832       1.161707       0.167033       6    12.011  QM
   14  N01      -0.605567       2.174008       0.216400       7    14.007  QM
   15  C        -2.878546       1.634013       0.224335       6    12.011  QM
   16  C        -3.978274       0.795268       0.035149       6    12.011  QM
   17  C        -5.386941       1.387788      -0.062872       6    12.011  QM
   18  C        -3.704364      -0.635992      -0.075276       6    12.011  QM
   19  C        -4.937902      -1.561840      -0.503786       6    12.011  QM
   20  C        -2.369367      -1.071718      -0.154388       6    12.011  QM
   21  C        -1.262097      -0.176792      -0.037784       6    12.011  QM
   22  C         1.005250       0.350248      -0.019901       6    12.011  QM
   23  N02       0.023646      -0.691410      -0.147387       7    14.007  QM
   24  H         0.478691      -3.402939       1.944690       1     1.008  QM
   25  H         3.427764      -1.749121      -0.396698       1     1.008  QM
   26  H         3.811916       2.697113       0.444735       1     1.008  QM
   27  H08      -3.115526       2.683879       0.363925       1     1.008  QM
   28  H        -2.277271      -2.153145      -0.188802       1     1.008  QM
   29  H         2.541931      -3.795846       1.219058       1     1.008  QM
   30  H04      -0.564307      -2.327245      -1.407777       1     1.008  QM
   31  H         0.854507      -4.084483      -0.470885       1     1.008  QM
   32  H         2.263472      -2.012025       1.291737       1     1.008  QM
   33  H071     -5.786850       1.096040      -1.042127       1     1.008  QM
   34  H072     -5.321585       2.483043      -0.030981       1     1.008  QM
   35  H073     -6.029792       1.033906       0.751919       1     1.008  QM
   36  H061     -5.161697      -1.416489      -1.568637       1     1.008  QM
   37  H062     -5.794881      -1.514724       0.180049       1     1.008  QM
   38  H063     -4.676526      -2.626038      -0.550656       1     1.008  QM
   39  H03       1.010588      -1.739719      -1.714505       1     1.008  QM
                                                                                

 SYMMETRY ANALYSIS                STEP TIME:     0.000  TOTAL TIME:       0.540
 
 NUMBER OF TB ORBITALS: 131
                                                                                

 START GUESS                      STEP TIME:     3.520  TOTAL TIME:       4.062
 
 
 GENERAL BASIS SET: (DZVP-GGA)
 N01 BASIS SET: (EPR-III)
 N02 BASIS SET: (EPR-III)
 H08 BASIS SET: (EPR-III)
 H04 BASIS SET: (EPR-III)
 H071 BASIS SET: (EPR-III)
 H072 BASIS SET: (EPR-III)
 H073 BASIS SET: (EPR-III)
 H061 BASIS SET: (EPR-III)
 H062 BASIS SET: (EPR-III)
 H063 BASIS SET: (EPR-III)
 H03 BASIS SET: (EPR-III)
 
 NUMBER OF SHELLS: 227
 NUMBER OF ORBITALS: 502
 NUMBER OF PRIMITIVE GAUSSIAN EXPONENTS: 469
 
 
 GENERAL AUXIS SET: (GEN-A2)
 N01 AUXIS SET: (GEN-A2*)
 N02 AUXIS SET: (GEN-A2*)
 H08 AUXIS SET: (GEN-A2*)
 H04 AUXIS SET: (GEN-A2*)
 H071 AUXIS SET: (GEN-A2*)
 H072 AUXIS SET: (GEN-A2*)
 H073 AUXIS SET: (GEN-A2*)
 H061 AUXIS SET: (GEN-A2*)
 H062 AUXIS SET: (GEN-A2*)
 H063 AUXIS SET: (GEN-A2*)
 H03 AUXIS SET: (GEN-A2*)
 
 NUMBER OF AUXILIARY FUNCTION SETS: 238
 NUMBER OF AUXILIARY FUNCTION SHELLS: 436
 NUMBER OF AUXILIARY FUNCTION: 1225
 
 
 
 *** WARNING IN INVCDERI ***
 
 *** SVD THRESHOLD CHANGED TO: 0.861E-06 ***
 
 
 
 *** WARNING IN INVCDERI ***
 
 *** 10 COULOMB EIGENVALUES ARE QUENCHED ***
                                                                                

 MPI AUXILIARY FUNCTION FIT       STEP TIME:     0.422  TOTAL TIME:       4.657
                                                                                

 CORE INTEGRALS                   STEP TIME:     0.670  TOTAL TIME:       4.733
                                                                                

 NULLSPACE                        STEP TIME:     0.084  TOTAL TIME:       5.224
                                                                                

 NULLSPACE                        STEP TIME:     0.077  TOTAL TIME:       5.396
                                                                                

 ADAPTIVE GRID GENERATION         STEP TIME:     1.264  TOTAL TIME:       8.979

 CYCLE:    1    EUPPER =    -2904.049166487559    CDMIX =        0.300000000000
 CYCLE:    1    ELOWER =    -5373.370319556943    SHIFT =        0.000000000000
 CYCLE:    1    EXC    =     -148.223431753092    ERCDC =       50.327175694817
 CYCLE:    1    ETOTAL =    -3052.272598240652    ERROR =     2469.321153069384

 CYCLE:    2    EUPPER =    -2902.961742508138    CDMIX =        0.300000000000
 CYCLE:    2    ELOWER =    -2907.395436371101    SHIFT =        0.100000000000
 CYCLE:    2    EXC    =     -149.142906133390    ERCDC =        1.228703647223
 CYCLE:    2    ETOTAL =    -3052.104648641528    ERROR =        4.433693862963

 CYCLE:    3    EUPPER =    -2903.975207855833    CDMIX =        0.300000000000
 CYCLE:    3    ELOWER =    -2904.981476389904    SHIFT =        0.100000000000
 CYCLE:    3    EXC    =     -149.681190666012    ERCDC =        0.478140800383
 CYCLE:    3    ETOTAL =    -3053.656398521845    ERROR =        1.006268534071

 CYCLE:    4    EUPPER =    -2904.504939453487    CDMIX =        0.300000000000
 CYCLE:    4    ELOWER =    -2904.703473190320    SHIFT =        0.100000000000
 CYCLE:    4    EXC    =     -149.998244582102    ERCDC =        0.178610436501
 CYCLE:    4    ETOTAL =    -3054.503184035589    ERROR =        0.198533736833

 CYCLE:    5    EUPPER =    -2904.768796829328    CDMIX =        0.300000000000
 CYCLE:    5    ELOWER =    -2904.845648181120    SHIFT =        0.085057029895
 CYCLE:    5    EXC    =     -150.137154907468    ERCDC =        0.115810683106
 CYCLE:    5    ETOTAL =    -3054.905951736795    ERROR =        0.076851351792

 CYCLE:    6    EUPPER =    -2904.946296959463    CDMIX =        0.300000000000
 CYCLE:    6    ELOWER =    -2904.972441961791    SHIFT =        0.076285260643
 CYCLE:    6    EXC    =     -150.191403122795    ERCDC =        0.041914243343
 CYCLE:    6    ETOTAL =    -3055.137700082258    ERROR =        0.026145002329

 CYCLE:    7    EUPPER =    -2905.022549628761    CDMIX =        0.300000000000
 CYCLE:    7    ELOWER =    -2905.032799633632    SHIFT =        0.066320037930
 CYCLE:    7    EXC    =     -150.219813174627    ERCDC =        0.025853585004
 CYCLE:    7    ETOTAL =    -3055.242362803388    ERROR =        0.010250004871

 CYCLE:    8    EUPPER =    -2905.046600654608    CDMIX =        0.300000000000
 CYCLE:    8    ELOWER =    -2905.051094861276    SHIFT =        0.057665702773
 CYCLE:    8    EXC    =     -150.239805172300    ERCDC =        0.019100244824
 CYCLE:    8    ETOTAL =    -3055.286405826907    ERROR =        0.004494206669

 CYCLE:    9    EUPPER =    -2905.054304823825    CDMIX =        0.300000000000
 CYCLE:    9    ELOWER =    -2905.056316778582    SHIFT =        0.050045500227
 CYCLE:    9    EXC    =     -150.254011699601    ERCDC =        0.016581775435
 CYCLE:    9    ETOTAL =    -3055.308316523427    ERROR =        0.002011954757

 CYCLE:   10    EUPPER =    -2905.058232040750    CDMIX =        0.300000000000
 CYCLE:   10    ELOWER =    -2905.059161188209    SHIFT =        0.042617599450
 CYCLE:   10    EXC    =     -150.281137139141    EDIIS =        0.014340900753
 CYCLE:   10    ETOTAL =    -3055.339369179891    ERROR =        0.000929147459

 CYCLE:   11    EUPPER =    -2905.064522673293    CDMIX =        0.300000000000
 CYCLE:   11    ELOWER =    -2905.064589413445    SHIFT =        0.035477022550
 CYCLE:   11    EXC    =     -150.279999505317    EDIIS =        0.006003548586
 CYCLE:   11    ETOTAL =    -3055.344522178611    ERROR =        0.000066740152

 CYCLE:   12    EUPPER =    -2905.062651013121    CDMIX =        0.300000000000
 CYCLE:   12    ELOWER =    -2905.062653794785    SHIFT =        0.011137700268
 CYCLE:   12    EXC    =     -150.281705805255    EDIIS =        0.004416636705
 CYCLE:   12    ETOTAL =    -3055.344356818376    ERROR =        0.000002781664

 CYCLE:   13    EUPPER =    -2905.063539580032    CDMIX =        0.300000000000
 CYCLE:   13    ELOWER =    -2905.063540737990    SHIFT =        0.000000000000
 CYCLE:   13    EXC    =     -150.281750294249    EDIIS =        0.003064333595
 CYCLE:   13    ETOTAL =    -3055.345289874281    ERROR =        0.000001157959

 CYCLE:   14    EUPPER =    -2905.062838962607    CDMIX =        0.300000000000
 CYCLE:   14    ELOWER =    -2905.062839376330    SHIFT =        0.000000000000
 CYCLE:   14    EXC    =     -150.282010354268    EDIIS =        0.001787132111
 CYCLE:   14    ETOTAL =    -3055.344849316875    ERROR =        0.000000413723

 CYCLE:   15    EUPPER =    -2905.062864509105    CDMIX =        0.300000000000
 CYCLE:   15    ELOWER =    -2905.062864604954    SHIFT =        0.000000000000
 CYCLE:   15    EXC    =     -150.282155309328    EDIIS =        0.001146467925
 CYCLE:   15    ETOTAL =    -3055.345019818433    ERROR =        0.000000095848

 CYCLE:   16    EUPPER =    -2905.062628193437    CDMIX =        0.200000000000
 CYCLE:   16    ELOWER =    -2905.062628311163    SHIFT =        0.000000000000
 CYCLE:   16    EXC    =     -150.282336721945    EDIIS =        0.000340121469
 CYCLE:   16    ETOTAL =    -3055.344964915382    ERROR =        0.000000117725

 CYCLE:   17    EUPPER =    -2905.062810136327    CDMIX =        0.200000000000
 CYCLE:   17    ELOWER =    -2905.062810165527    SHIFT =        0.000000000000
 CYCLE:   17    EXC    =     -150.282276575399    ERCDC =        0.000452871602
 CYCLE:   17    ETOTAL =    -3055.345086711726    ERROR =        0.000000029199
 
 *** SCF CONVERGED ***
 
 
 RANDOMIZED SCF GRID GENERATED IN 4 CYCLES
 

 REFERENCE VALUE OF S**2 FOR PURE SPIN STATE S(S+1):    0.7500

 S**2 BEFORE SPIN PROJECTION:    0.7631
 S**2 AFTER SPIN PROJECTION:     0.7501


 ELECTRONIC CORE ENERGY      =      -5405.294459818
 ELECTRONIC COULOMB ENERGY   =       2500.232476130
 ELECTRONIC HARTREE ENERGY   =      -2905.061983688

 EXCHANGE ENERGY             =       -142.917066473
 CORRELATION ENERGY          =         -7.373256325
 EXCHANGE-CORRELATION ENERGY =       -150.290322799

 ELECTRONIC SCF ENERGY       =      -3055.352306487
 NUCLEAR-REPULSION ENERGY    =       1953.998790326
 TOTAL ENERGY                =      -1101.353516161
                                                                                

 SCF ITERATION                    STEP TIME:    55.450  TOTAL TIME:      62.950
 
 
 
 ***********************************************
 *** MOLECULAR MAGNETIC PROPERTY CALCULATION ***
 ***********************************************


 MOLECULE ORIENTATION FOR MAGNETIC PROPERTIES IN ANGSTROM

  NO.  ATOM        X              Y              Z        Z-ATOM   MASS   TYPE

    1  C        -2.537163       1.702855      -1.113522       6    12.011  QM
    2  O        -2.675206       2.661998      -0.085933       8    15.999  QM
    3  C        -2.507494       0.234616      -0.531870       6    12.011  QM
    4  O        -2.222392      -0.654583      -1.629686       8    15.999  QM
    5  C        -1.406492       0.011544       0.565677       6    12.011  QM
    6  N         0.160820       2.331768       0.145699       7    14.007  QM
    7  C         0.728553       3.568091       0.243514       6    12.011  QM
    8  O         0.024234       4.555370       0.384084       8    15.999  QM
    9  N         2.101951       3.579916       0.071308       7    14.007  QM
   10  C         2.968921       2.521483       0.097461       6    12.011  QM
   11  C         2.253361       1.228018       0.027598       6    12.011  QM
   12  O         4.188806       2.654518       0.113625       8    15.999  QM
   13  C         2.187902      -1.154909      -0.050922       6    12.011  QM
   14  N01       2.956036       0.026111       0.006290       7    14.007  QM
   15  C         2.938089      -2.309880      -0.023972       6    12.011  QM
   16  C         2.346765      -3.570009       0.081366       6    12.011  QM
   17  C         3.219457      -4.812649       0.279571       6    12.011  QM
   18  C         0.888101      -3.621814       0.008293       6    12.011  QM
   19  C         0.212227      -5.033786       0.342897       6    12.011  QM
   20  C         0.161200      -2.417677       0.006684       6    12.011  QM
   21  C         0.796108      -1.138332      -0.019834       6    12.011  QM
   22  C         0.806002       1.189510      -0.016681       6    12.011  QM
   23  N02       0.000000       0.000000       0.000000       7    14.007  QM
   24  H        -2.461408      -0.140877      -2.420302       1     1.008  QM
   25  H        -1.807886       3.081883       0.049712       1     1.008  QM
   26  H         2.512355       4.451206      -0.241921       1     1.008  QM
   27  H08       4.023372      -2.306540      -0.027793       1     1.008  QM
   28  H        -0.909367      -2.568394      -0.094914       1     1.008  QM
   29  H        -3.389032       1.777302      -1.789445       1     1.008  QM
   30  H04      -1.609535      -0.947314       1.059348       1     1.008  QM
   31  H        -3.505951       0.053628      -0.115559       1     1.008  QM
   32  H        -1.593113       1.902665      -1.635169       1     1.008  QM
   33  H071      2.903347      -5.275676       1.222792       1     1.008  QM
   34  H072      4.268218      -4.505370       0.382303       1     1.008  QM
   35  H073      3.121488      -5.511102      -0.560035       1     1.008  QM
   36  H061      0.269138      -5.228741       1.421726       1     1.008  QM
   37  H062      0.533101      -5.853050      -0.312931       1     1.008  QM
   38  H063     -0.880718      -5.015737       0.252477       1     1.008  QM
   39  H03      -1.428425       0.716079       1.405596       1     1.008  QM


 *** ATOM 14 ( N01 ) ***

 RAW TENSOR (FC+SD+SOC-PSO and SD) [MHz]

           X            Y            Z                     X            Y            Z
 X      -1.9444       0.2730      -3.8300        X     -21.6303       0.2656      -3.8295
 Y       0.2798      -1.6525      -2.8421        Y       0.2656     -21.4069      -2.8436
 Z      -3.8328      -2.8429      62.7920        Z      -3.8295      -2.8436      43.0372
 

 HFC TENSOR (FC and SD) MHz]

           X            Y            Z                     X            Y            Z
 X      19.7584       0.0000       0.0000        X     -21.8834       0.0000       0.0000
 Y       0.0000      19.7584       0.0000        Y       0.0000     -21.5055       0.0000
 Z       0.0000       0.0000      19.7584        Z       0.0000       0.0000      43.3890
 
 HYPERFINE COUPLING CONSTANT FOR ATOM 14 ( N01 ) [MHz]
                        X           Y           Z
 FERMI-CONACT:        19.7584     19.7584     19.7584
 SPIN-DIPOLE :       -21.8834    -21.5055     43.3890
 SOC-PSO     :        -0.0724     -0.0040     -0.0037     -0.0267
 A_ISOTROPIC:         19.7317


 *** ATOM 23 ( N02 ) ***

 RAW TENSOR (FC+SD+SOC-PSO and SD) [MHz]

           X            Y            Z                     X            Y            Z
 X       4.5770      -0.0465       4.1605        X      -4.4665      -0.0478       4.1563
 Y      -0.0498       3.2984      -0.3444        Y      -0.0478      -5.7400      -0.3434
 Z       4.1593      -0.3440      19.2610        Z       4.1563      -0.3434      10.2064
 

 HFC TENSOR (FC and SD) MHz]

           X            Y            Z                     X            Y            Z
 X       9.0567       0.0000       0.0000        X      -5.7557       0.0000       0.0000
 Y       0.0000       9.0567       0.0000        Y       0.0000      -5.5532       0.0000
 Z       0.0000       0.0000       9.0567        Z       0.0000       0.0000      11.3089
 
 HYPERFINE COUPLING CONSTANT FOR ATOM 23 ( N02 ) [MHz]
                        X           Y           Z
 FERMI-CONACT:         9.0567      9.0567      9.0567
 SPIN-DIPOLE :        -5.7557     -5.5532     11.3089
 SOC-PSO     :        -0.0132     -0.0183     -0.0021     -0.0112
 A_ISOTROPIC:          9.0455


 *** ATOM 27 ( H08 ) ***

 RAW TENSOR (FC+SD+SOC-PSO and SD) [MHz]

           X            Y            Z                     X            Y            Z
 X      -4.5034      -2.1618      -0.0005        X       2.9490      -2.1604      -0.0000
 Y      -2.1611      -8.4839       0.2093        Y      -2.1604      -1.0360       0.2094
 Z       0.0001       0.2092      -9.3653        Z      -0.0000       0.2094      -1.9130
 

 HFC TENSOR (FC and SD) MHz]

           X            Y            Z                     X            Y            Z
 X      -7.4528       0.0000       0.0000        X      -2.1431       0.0000       0.0000
 Y       0.0000      -7.4528       0.0000        Y       0.0000      -1.7535       0.0000
 Z       0.0000       0.0000      -7.4528        Z       0.0000       0.0000       3.8966
 
 HYPERFINE COUPLING CONSTANT FOR ATOM 27 ( H08 ) [MHz]
                        X           Y           Z
 FERMI-CONACT:        -7.4528     -7.4528     -7.4528
 SPIN-DIPOLE :        -2.1431     -1.7535      3.8966
 SOC-PSO     :         0.0004      0.0049      0.0004      0.0019
 A_ISOTROPIC:         -7.4509


 *** ATOM 30 ( H04 ) ***

 RAW TENSOR (FC+SD+SOC-PSO and SD) [MHz]

           X            Y            Z                     X            Y            Z
 X       2.4904       1.0580      -1.3627        X       1.4080       1.0562      -1.3629
 Y       1.0560       0.4325      -0.5307        Y       1.0562      -0.6502      -0.5308
 Z      -1.3638      -0.5315       0.3238        Z      -1.3629      -0.5308      -0.7578
 

 HFC TENSOR (FC and SD) MHz]

           X            Y            Z                     X            Y            Z
 X       1.0814       0.0000       0.0000        X      -1.4166       0.0000       0.0000
 Y       0.0000       1.0814       0.0000        Y       0.0000      -1.0915       0.0000
 Z       0.0000       0.0000       1.0814        Z       0.0000       0.0000       2.5081
 
 HYPERFINE COUPLING CONSTANT FOR ATOM 30 ( H04 ) [MHz]
                        X           Y           Z
 FERMI-CONACT:         1.0814      1.0814      1.0814
 SPIN-DIPOLE :        -1.4166     -1.0915      2.5081
 SOC-PSO     :         0.0010      0.0013      0.0002      0.0008
 A_ISOTROPIC:          1.0822


 *** ATOM 33 ( H071 ) ***

 RAW TENSOR (FC+SD+SOC-PSO and SD) [MHz]

           X            Y            Z                     X            Y            Z
 X      -4.2567      -0.3368       0.2545        X      -0.0709      -0.3368       0.2545
 Y      -0.3368      -3.6784      -0.3089        Y      -0.3368       0.5068      -0.3090
 Z       0.2547      -0.3092      -4.6217        Z       0.2545      -0.3090      -0.4359
 

 HFC TENSOR (FC and SD) MHz]

           X            Y            Z                     X            Y            Z
 X      -4.1858       0.0000       0.0000        X      -0.5851       0.0000       0.0000
 Y       0.0000      -4.1858       0.0000        Y       0.0000      -0.2003       0.0000
 Z       0.0000       0.0000      -4.1858        Z       0.0000       0.0000       0.7854
 
 HYPERFINE COUPLING CONSTANT FOR ATOM 33 ( H071 ) [MHz]
                        X           Y           Z
 FERMI-CONACT:        -4.1858     -4.1858     -4.1858
 SPIN-DIPOLE :        -0.5851     -0.2003      0.7854
 SOC-PSO     :        -0.0001      0.0005      0.0000      0.0002
 A_ISOTROPIC:         -4.1856


 *** ATOM 34 ( H072 ) ***

 RAW TENSOR (FC+SD+SOC-PSO and SD) [MHz]

           X            Y            Z                     X            Y            Z
 X      -0.7717      -0.6040       0.1037        X      -0.2714      -0.6033       0.1037
 Y      -0.6033       0.3905      -0.1325        Y      -0.6033       0.8895      -0.1326
 Z       0.1038      -0.1328      -1.1180        Z       0.1037      -0.1326      -0.6182
 

 HFC TENSOR (FC and SD) MHz]

           X            Y            Z                     X            Y            Z
 X      -0.4999       0.0000       0.0000        X      -0.6486       0.0000       0.0000
 Y       0.0000      -0.4999       0.0000        Y       0.0000      -0.5125       0.0000
 Z       0.0000       0.0000      -0.4999        Z       0.0000       0.0000       1.1611
 
 HYPERFINE COUPLING CONSTANT FOR ATOM 34 ( H072 ) [MHz]
                        X           Y           Z
 FERMI-CONACT:        -0.4999     -0.4999     -0.4999
 SPIN-DIPOLE :        -0.6486     -0.5125      1.1611
 SOC-PSO     :        -0.0004      0.0009      0.0001      0.0002
 A_ISOTROPIC:         -0.4997


 *** ATOM 35 ( H073 ) ***

 RAW TENSOR (FC+SD+SOC-PSO and SD) [MHz]

           X            Y            Z                     X            Y            Z
 X      -4.9284      -0.4106      -0.0618        X       0.0036      -0.4106      -0.0618
 Y      -0.4107      -4.3934       0.0801        Y      -0.4106       0.5381       0.0800
 Z      -0.0618       0.0801      -5.4735        Z      -0.0618       0.0800      -0.5417
 

 HFC TENSOR (FC and SD) MHz]

           X            Y            Z                     X            Y            Z
 X      -4.9320       0.0000       0.0000        X      -0.5500       0.0000       0.0000
 Y       0.0000      -4.9320       0.0000        Y       0.0000      -0.2183       0.0000
 Z       0.0000       0.0000      -4.9320        Z       0.0000       0.0000       0.7684
 
 HYPERFINE COUPLING CONSTANT FOR ATOM 35 ( H073 ) [MHz]
                        X           Y           Z
 FERMI-CONACT:        -4.9320     -4.9320     -4.9320
 SPIN-DIPOLE :        -0.5500     -0.2183      0.7684
 SOC-PSO     :        -0.0000      0.0005      0.0001      0.0002
 A_ISOTROPIC:         -4.9318


 *** ATOM 36 ( H061 ) ***

 RAW TENSOR (FC+SD+SOC-PSO and SD) [MHz]

           X            Y            Z                     X            Y            Z
 X      12.8589       0.6942      -0.2593        X      -0.6297       0.6939      -0.2593
 Y       0.6942      14.3164      -0.7650        Y       0.6939       0.8274      -0.7651
 Z      -0.2594      -0.7654      13.2909        Z      -0.2593      -0.7651      -0.1977
 

 HFC TENSOR (FC and SD) MHz]

           X            Y            Z                     X            Y            Z
 X      13.4886       0.0000       0.0000        X      -0.9120       0.0000       0.0000
 Y       0.0000      13.4886       0.0000        Y       0.0000      -0.5785       0.0000
 Z       0.0000       0.0000      13.4886        Z       0.0000       0.0000       1.4906
 
 HYPERFINE COUPLING CONSTANT FOR ATOM 36 ( H061 ) [MHz]
                        X           Y           Z
 FERMI-CONACT:        13.4886     13.4886     13.4886
 SPIN-DIPOLE :        -0.9120     -0.5785      1.4906
 SOC-PSO     :        -0.0001      0.0003     -0.0000      0.0001
 A_ISOTROPIC:         13.4887


 *** ATOM 37 ( H062 ) ***

 RAW TENSOR (FC+SD+SOC-PSO and SD) [MHz]

           X            Y            Z                     X            Y            Z
 X       4.5620       0.4241       0.0056        X      -0.7351       0.4239       0.0056
 Y       0.4238       6.8030       0.0587        Y       0.4239       1.5053       0.0587
 Z       0.0054       0.0588       4.5271        Z       0.0056       0.0587      -0.7702
 

 HFC TENSOR (FC and SD) MHz]

           X            Y            Z                     X            Y            Z
 X       5.2973       0.0000       0.0000        X      -0.8132       0.0000       0.0000
 Y       0.0000       5.2973       0.0000        Y       0.0000      -0.7711       0.0000
 Z       0.0000       0.0000       5.2973        Z       0.0000       0.0000       1.5843
 
 HYPERFINE COUPLING CONSTANT FOR ATOM 37 ( H062 ) [MHz]
                        X           Y           Z
 FERMI-CONACT:         5.2973      5.2973      5.2973
 SPIN-DIPOLE :        -0.8132     -0.7711      1.5843
 SOC-PSO     :        -0.0001      0.0004     -0.0000      0.0001
 A_ISOTROPIC:          5.2974


 *** ATOM 38 ( H063 ) ***

 RAW TENSOR (FC+SD+SOC-PSO and SD) [MHz]

           X            Y            Z                     X            Y            Z
 X       1.4163       1.0427      -0.2150        X       0.3228       1.0426      -0.2151
 Y       1.0430       1.3345      -0.1638        Y       1.0426       0.2413      -0.1638
 Z      -0.2150      -0.1639       0.5288        Z      -0.2151      -0.1638      -0.5641
 

 HFC TENSOR (FC and SD) MHz]

           X            Y            Z                     X            Y            Z
 X       1.0930       0.0000       0.0000        X      -0.7671       0.0000       0.0000
 Y       0.0000       1.0930       0.0000        Y       0.0000      -0.5958       0.0000
 Z       0.0000       0.0000       1.0930        Z       0.0000       0.0000       1.3629
 
 HYPERFINE COUPLING CONSTANT FOR ATOM 38 ( H063 ) [MHz]
                        X           Y           Z
 FERMI-CONACT:         1.0930      1.0930      1.0930
 SPIN-DIPOLE :        -0.7671     -0.5958      1.3629
 SOC-PSO     :         0.0005      0.0002     -0.0001      0.0002
 A_ISOTROPIC:          1.0932


 *** ATOM 39 ( H03 ) ***

 RAW TENSOR (FC+SD+SOC-PSO and SD) [MHz]

           X            Y            Z                     X            Y            Z
 X       7.0979      -0.3396      -1.5913        X       1.3466      -0.3393      -1.5914
 Y      -0.3395       4.8637       0.5048        Y      -0.3393      -0.8866       0.5049
 Z      -1.5923       0.5049       5.2904        Z      -1.5914       0.5049      -0.4600
 

 HFC TENSOR (FC and SD) MHz]

           X            Y            Z                     X            Y            Z
 X       5.7504       0.0000       0.0000        X      -1.5150       0.0000       0.0000
 Y       0.0000       5.7504       0.0000        Y       0.0000      -0.8508       0.0000
 Z       0.0000       0.0000       5.7504        Z       0.0000       0.0000       2.3658
 
 HYPERFINE COUPLING CONSTANT FOR ATOM 39 ( H03 ) [MHz]
                        X           Y           Z
 FERMI-CONACT:         5.7504      5.7504      5.7504
 SPIN-DIPOLE :        -1.5150     -0.8508      2.3658
 SOC-PSO     :         0.0010     -0.0001     -0.0000      0.0003
 A_ISOTROPIC:          5.7507


 
 TIMING STATISTICS (SECONDS)
 

 TIMER ENTRY                    NUMBER OF CALLS   CUMUL. CPU TIME   CONTRIBUT.

 INITIALIZATION                              1             0.029         0.0 %
 INPUT                                       1             0.275         0.4 %
 DIAGONALIZATION                            96             0.012         0.0 %
 SYMMETRY ANALYSIS                           3             0.001         0.0 %
 START GUESS                                 1             3.520         4.8 %
 MATRIX MULTIPLICATION                    5776             0.159         0.2 %
 MPI DIAGONALIZATION                        51             2.854         3.9 %
                         ON NODE             1             2.858
                         ON NODE             2             2.858
                         ON NODE             3             2.858
                         ON NODE             4             2.858
                         ON NODE             5             2.858
                         ON NODE             6             2.858
                         ON NODE             7             2.858
                         ON NODE             8             2.858
                         ON NODE             9             2.858
                         ON NODE            10             2.858
                         ON NODE            11             2.858
                         ON NODE            12             2.858
                         ON NODE            13             2.858
                         ON NODE            14             2.858
                         ON NODE            15             2.858
                         ON NODE            16             2.858
                         ON NODE            17             2.858
                         ON NODE            18             2.858
                         ON NODE            19             2.858
                         ON NODE            20             2.858
                         ON NODE            21             2.858
                         ON NODE            22             2.858
                         ON NODE            23             2.858
                         ON NODE            24             2.855
                         ON NODE            25             2.858
                         ON NODE            26             2.858
                         ON NODE            27             2.858
                         ON NODE            28             2.858
                         ON NODE            29             2.858
                         ON NODE            30             2.857
                         ON NODE            31             2.858
                         ON NODE            32             2.855
                         ON NODE            33             2.858
                         ON NODE            34             2.858
                         ON NODE            35             2.855
                         ON NODE            36             2.856
                         ON NODE            37             2.857
                         ON NODE            38             2.856
                         ON NODE            39             2.858
           AVERAGE PER PROCESSOR                           2.858
 MPI MATRIX MULTIPLICATION                 138             0.782         1.1 %
                         ON NODE             1             0.784
                         ON NODE             2             0.784
                         ON NODE             3             0.784
                         ON NODE             4             0.784
                         ON NODE             5             0.784
                         ON NODE             6             0.784
                         ON NODE             7             0.784
                         ON NODE             8             0.784
                         ON NODE             9             0.784
                         ON NODE            10             0.784
                         ON NODE            11             0.784
                         ON NODE            12             0.784
                         ON NODE            13             0.784
                         ON NODE            14             0.784
                         ON NODE            15             0.784
                         ON NODE            16             0.784
                         ON NODE            17             0.784
                         ON NODE            18             0.784
                         ON NODE            19             0.784
                         ON NODE            20             0.784
                         ON NODE            21             0.784
                         ON NODE            22             0.784
                         ON NODE            23             0.784
                         ON NODE            24             0.783
                         ON NODE            25             0.784
                         ON NODE            26             0.784
                         ON NODE            27             0.784
                         ON NODE            28             0.784
                         ON NODE            29             0.784
                         ON NODE            30             0.784
                         ON NODE            31             0.784
                         ON NODE            32             0.784
                         ON NODE            33             0.782
                         ON NODE            34             0.784
                         ON NODE            35             0.784
                         ON NODE            36             0.783
                         ON NODE            37             0.784
                         ON NODE            38             0.783
                         ON NODE            39             0.783
           AVERAGE PER PROCESSOR                           0.784
 CORE INTEGRALS                              1             0.670         0.9 %
 ORTHOGONALIZATION MATRIX                    1             0.156         0.2 %
 MPI AUXILIARY FUNCTION FIT                 43             0.705         1.0 %
                         ON NODE             1             0.785
                         ON NODE             2             0.785
                         ON NODE             3             0.785
                         ON NODE             4             0.790
                         ON NODE             5             0.799
                         ON NODE             6             0.777
                         ON NODE             7             0.793
                         ON NODE             8             0.825
                         ON NODE             9             0.792
                         ON NODE            10             0.787
                         ON NODE            11             0.806
                         ON NODE            12             0.787
                         ON NODE            13             0.823
                         ON NODE            14             0.798
                         ON NODE            15             0.817
                         ON NODE            16             0.781
                         ON NODE            17             0.789
                         ON NODE            18             0.791
                         ON NODE            19             0.814
                         ON NODE            20             0.815
                         ON NODE            21             0.783
                         ON NODE            22             0.784
                         ON NODE            23             0.784
                         ON NODE            24             0.801
                         ON NODE            25             0.790
                         ON NODE            26             0.790
                         ON NODE            27             0.787
                         ON NODE            28             0.799
                         ON NODE            29             0.785
                         ON NODE            30             0.809
                         ON NODE            31             0.774
                         ON NODE            32             0.818
                         ON NODE            33             0.786
                         ON NODE            34             0.780
                         ON NODE            35             0.800
                         ON NODE            36             0.811
                         ON NODE            37             0.788
                         ON NODE            38             0.805
                         ON NODE            39             0.811
           AVERAGE PER PROCESSOR                           0.793
 MPI CORE HAMILTONIAN                        1             0.075         0.1 %
                         ON NODE             1             0.061
                         ON NODE             2             0.061
                         ON NODE             3             0.061
                         ON NODE             4             0.061
                         ON NODE             5             0.061
                         ON NODE             6             0.061
                         ON NODE             7             0.061
                         ON NODE             8             0.061
                         ON NODE             9             0.061
                         ON NODE            10             0.061
                         ON NODE            11             0.061
                         ON NODE            12             0.061
                         ON NODE            13             0.061
                         ON NODE            14             0.061
                         ON NODE            15             0.061
                         ON NODE            16             0.061
                         ON NODE            17             0.061
                         ON NODE            18             0.061
                         ON NODE            19             0.061
                         ON NODE            20             0.061
                         ON NODE            21             0.061
                         ON NODE            22             0.061
                         ON NODE            23             0.061
                         ON NODE            24             0.061
                         ON NODE            25             0.061
                         ON NODE            26             0.061
                         ON NODE            27             0.061
                         ON NODE            28             0.061
                         ON NODE            29             0.061
                         ON NODE            30             0.061
                         ON NODE            31             0.061
                         ON NODE            32             0.061
                         ON NODE            33             0.061
                         ON NODE            34             0.061
                         ON NODE            35             0.061
                         ON NODE            36             0.061
                         ON NODE            37             0.061
                         ON NODE            38             0.061
                         ON NODE            39             0.061
           AVERAGE PER PROCESSOR                           0.061
 MPI NEAR ERI CALCULATION                    1             0.251         0.3 %
                         ON NODE             1             0.251
                         ON NODE             2             0.251
                         ON NODE             3             0.251
                         ON NODE             4             0.251
                         ON NODE             5             0.251
                         ON NODE             6             0.251
                         ON NODE             7             0.251
                         ON NODE             8             0.251
                         ON NODE             9             0.251
                         ON NODE            10             0.251
                         ON NODE            11             0.251
                         ON NODE            12             0.251
                         ON NODE            13             0.251
                         ON NODE            14             0.251
                         ON NODE            15             0.251
                         ON NODE            16             0.251
                         ON NODE            17             0.251
                         ON NODE            18             0.251
                         ON NODE            19             0.251
                         ON NODE            20             0.251
                         ON NODE            21             0.251
                         ON NODE            22             0.251
                         ON NODE            23             0.251
                         ON NODE            24             0.251
                         ON NODE            25             0.251
                         ON NODE            26             0.251
                         ON NODE            27             0.251
                         ON NODE            28             0.251
                         ON NODE            29             0.251
                         ON NODE            30             0.251
                         ON NODE            31             0.251
                         ON NODE            32             0.251
                         ON NODE            33             0.251
                         ON NODE            34             0.251
                         ON NODE            35             0.251
                         ON NODE            36             0.251
                         ON NODE            37             0.251
                         ON NODE            38             0.251
                         ON NODE            39             0.251
           AVERAGE PER PROCESSOR                           0.251
 SCF ITERATION                               1            55.450        75.9 %
 NULLSPACE                                   2             0.161         0.2 %
 MPI FAR J CALCULATION                      21             0.301         0.4 %
                         ON NODE             1             0.302
                         ON NODE             2             0.302
                         ON NODE             3             0.302
                         ON NODE             4             0.302
                         ON NODE             5             0.301
                         ON NODE             6             0.302
                         ON NODE             7             0.302
                         ON NODE             8             0.302
                         ON NODE             9             0.302
                         ON NODE            10             0.302
                         ON NODE            11             0.302
                         ON NODE            12             0.302
                         ON NODE            13             0.302
                         ON NODE            14             0.302
                         ON NODE            15             0.302
                         ON NODE            16             0.302
                         ON NODE            17             0.302
                         ON NODE            18             0.302
                         ON NODE            19             0.302
                         ON NODE            20             0.302
                         ON NODE            21             0.302
                         ON NODE            22             0.302
                         ON NODE            23             0.302
                         ON NODE            24             0.302
                         ON NODE            25             0.301
                         ON NODE            26             0.302
                         ON NODE            27             0.302
                         ON NODE            28             0.302
                         ON NODE            29             0.301
                         ON NODE            30             0.301
                         ON NODE            31             0.302
                         ON NODE            32             0.302
                         ON NODE            33             0.302
                         ON NODE            34             0.302
                         ON NODE            35             0.301
                         ON NODE            36             0.302
                         ON NODE            37             0.302
                         ON NODE            38             0.301
                         ON NODE            39             0.302
           AVERAGE PER PROCESSOR                           0.302
 MPI EXX POTENTIAL                          21            42.928        58.8 %
                         ON NODE             1            43.003
                         ON NODE             2            43.003
                         ON NODE             3            43.006
                         ON NODE             4            43.006
                         ON NODE             5            43.004
                         ON NODE             6            43.005
                         ON NODE             7            43.006
                         ON NODE             8            43.004
                         ON NODE             9            43.004
                         ON NODE            10            43.005
                         ON NODE            11            43.005
                         ON NODE            12            43.001
                         ON NODE            13            43.005
                         ON NODE            14            43.006
                         ON NODE            15            43.003
                         ON NODE            16            43.009
                         ON NODE            17            43.009
                         ON NODE            18            43.007
                         ON NODE            19            43.006
                         ON NODE            20            43.001
                         ON NODE            21            43.006
                         ON NODE            22            43.000
                         ON NODE            23            43.004
                         ON NODE            24            42.958
                         ON NODE            25            42.996
                         ON NODE            26            43.002
                         ON NODE            27            42.999
                         ON NODE            28            43.002
                         ON NODE            29            43.001
                         ON NODE            30            42.987
                         ON NODE            31            43.000
                         ON NODE            32            42.994
                         ON NODE            33            42.993
                         ON NODE            34            42.991
                         ON NODE            35            42.988
                         ON NODE            36            42.992
                         ON NODE            37            42.986
                         ON NODE            38            42.978
                         ON NODE            39            42.993
           AVERAGE PER PROCESSOR                          42.997
 CHOLESKY MO LOCALIZATION                   44             0.046         0.1 %
 MPI FOSTER-BOYS MO LOCALIZATION            44             1.619         2.2 %
                         ON NODE             1             0.844
                         ON NODE             2             0.844
                         ON NODE             3             0.844
                         ON NODE             4             0.844
                         ON NODE             5             0.844
                         ON NODE             6             0.844
                         ON NODE             7             0.844
                         ON NODE             8             0.844
                         ON NODE             9             0.844
                         ON NODE            10             0.844
                         ON NODE            11             0.844
                         ON NODE            12             0.844
                         ON NODE            13             0.844
                         ON NODE            14             0.844
                         ON NODE            15             0.844
                         ON NODE            16             0.844
                         ON NODE            17             0.844
                         ON NODE            18             0.844
                         ON NODE            19             0.844
                         ON NODE            20             0.844
                         ON NODE            21             0.844
                         ON NODE            22             0.844
                         ON NODE            23             0.844
                         ON NODE            24             0.844
                         ON NODE            25             0.844
                         ON NODE            26             0.844
                         ON NODE            27             0.844
                         ON NODE            28             0.844
                         ON NODE            29             0.844
                         ON NODE            30             0.844
                         ON NODE            31             0.844
                         ON NODE            32             0.844
                         ON NODE            33             0.844
                         ON NODE            34             0.844
                         ON NODE            35             0.844
                         ON NODE            36             0.844
                         ON NODE            37             0.844
                         ON NODE            38             0.844
                         ON NODE            39             0.844
           AVERAGE PER PROCESSOR                           0.864
 MPI OCTREE MO SORTING                      42             0.706         1.0 %
                         ON NODE             1             0.704
                         ON NODE             2             0.704
                         ON NODE             3             0.704
                         ON NODE             4             0.704
                         ON NODE             5             0.704
                         ON NODE             6             0.704
                         ON NODE             7             0.704
                         ON NODE             8             0.704
                         ON NODE             9             0.704
                         ON NODE            10             0.704
                         ON NODE            11             0.704
                         ON NODE            12             0.704
                         ON NODE            13             0.704
                         ON NODE            14             0.704
                         ON NODE            15             0.704
                         ON NODE            16             0.704
                         ON NODE            17             0.704
                         ON NODE            18             0.704
                         ON NODE            19             0.704
                         ON NODE            20             0.704
                         ON NODE            21             0.704
                         ON NODE            22             0.704
                         ON NODE            23             0.704
                         ON NODE            24             0.704
                         ON NODE            25             0.704
                         ON NODE            26             0.704
                         ON NODE            27             0.704
                         ON NODE            28             0.704
                         ON NODE            29             0.704
                         ON NODE            30             0.704
                         ON NODE            31             0.704
                         ON NODE            32             0.704
                         ON NODE            33             0.704
                         ON NODE            34             0.704
                         ON NODE            35             0.704
                         ON NODE            36             0.704
                         ON NODE            37             0.704
                         ON NODE            38             0.704
                         ON NODE            39             0.704
           AVERAGE PER PROCESSOR                           0.704
 GRID INITIALIZATION                         2             0.004         0.0 %
 ADAPTIVE GRID GENERATION                    2             2.774         3.8 %
 MPI XC POTENTIAL                           21             2.214         3.0 %
                         ON NODE             1             2.204
                         ON NODE             2             2.203
                         ON NODE             3             2.203
                         ON NODE             4             2.203
                         ON NODE             5             2.203
                         ON NODE             6             2.202
                         ON NODE             7             2.202
                         ON NODE             8             2.202
                         ON NODE             9             2.201
                         ON NODE            10             2.201
                         ON NODE            11             2.201
                         ON NODE            12             2.201
                         ON NODE            13             2.201
                         ON NODE            14             2.200
                         ON NODE            15             2.200
                         ON NODE            16             2.200
                         ON NODE            17             2.200
                         ON NODE            18             2.200
                         ON NODE            19             2.198
                         ON NODE            20             2.195
                         ON NODE            21             2.195
                         ON NODE            22             2.195
                         ON NODE            23             2.194
                         ON NODE            24             2.193
                         ON NODE            25             2.194
                         ON NODE            26             2.194
                         ON NODE            27             2.194
                         ON NODE            28             2.193
                         ON NODE            29             2.193
                         ON NODE            30             2.192
                         ON NODE            31             2.193
                         ON NODE            32             2.192
                         ON NODE            33             2.192
                         ON NODE            34             2.192
                         ON NODE            35             2.192
                         ON NODE            36             2.192
                         ON NODE            37             2.192
                         ON NODE            38             2.192
                         ON NODE            39             2.190
           AVERAGE PER PROCESSOR                           2.197
 MPI FAR ERI CALCULATION                    21             0.251         0.3 %
                         ON NODE             1             0.252
                         ON NODE             2             0.251
                         ON NODE             3             0.252
                         ON NODE             4             0.251
                         ON NODE             5             0.252
                         ON NODE             6             0.251
                         ON NODE             7             0.252
                         ON NODE             8             0.251
                         ON NODE             9             0.252
                         ON NODE            10             0.252
                         ON NODE            11             0.251
                         ON NODE            12             0.251
                         ON NODE            13             0.252
                         ON NODE            14             0.252
                         ON NODE            15             0.251
                         ON NODE            16             0.251
                         ON NODE            17             0.251
                         ON NODE            18             0.251
                         ON NODE            19             0.251
                         ON NODE            20             0.251
                         ON NODE            21             0.251
                         ON NODE            22             0.251
                         ON NODE            23             0.251
                         ON NODE            24             0.251
                         ON NODE            25             0.251
                         ON NODE            26             0.251
                         ON NODE            27             0.251
                         ON NODE            28             0.251
                         ON NODE            29             0.251
                         ON NODE            30             0.251
                         ON NODE            31             0.251
                         ON NODE            32             0.250
                         ON NODE            33             0.251
                         ON NODE            34             0.251
                         ON NODE            35             0.251
                         ON NODE            36             0.251
                         ON NODE            37             0.251
                         ON NODE            38             0.250
                         ON NODE            39             0.251
           AVERAGE PER PROCESSOR                           0.251
 MPI EXX ENERGY                              1             1.588         2.2 %
                         ON NODE             1             1.596
                         ON NODE             2             1.596
                         ON NODE             3             1.597
                         ON NODE             4             1.596
                         ON NODE             5             1.596
                         ON NODE             6             1.596
                         ON NODE             7             1.596
                         ON NODE             8             1.596
                         ON NODE             9             1.596
                         ON NODE            10             1.596
                         ON NODE            11             1.596
                         ON NODE            12             1.596
                         ON NODE            13             1.596
                         ON NODE            14             1.596
                         ON NODE            15             1.596
                         ON NODE            16             1.596
                         ON NODE            17             1.596
                         ON NODE            18             1.596
                         ON NODE            19             1.596
                         ON NODE            20             1.596
                         ON NODE            21             1.596
                         ON NODE            22             1.596
                         ON NODE            23             1.596
                         ON NODE            24             1.593
                         ON NODE            25             1.596
                         ON NODE            26             1.596
                         ON NODE            27             1.596
                         ON NODE            28             1.596
                         ON NODE            29             1.595
                         ON NODE            30             1.596
                         ON NODE            31             1.596
                         ON NODE            32             1.596
                         ON NODE            33             1.596
                         ON NODE            34             1.596
                         ON NODE            35             1.596
                         ON NODE            36             1.596
                         ON NODE            37             1.596
                         ON NODE            38             1.595
                         ON NODE            39             1.596
           AVERAGE PER PROCESSOR                           1.596
 MPI EPR A-TENSOR                            1            10.095        13.8 %
                         ON NODE             1            10.117
                         ON NODE             2            10.117
                         ON NODE             3            10.116
                         ON NODE             4            10.116
                         ON NODE             5            10.117
                         ON NODE             6            10.116
                         ON NODE             7            10.117
                         ON NODE             8            10.116
                         ON NODE             9            10.116
                         ON NODE            10            10.117
                         ON NODE            11            10.118
                         ON NODE            12            10.118
                         ON NODE            13            10.118
                         ON NODE            14            10.118
                         ON NODE            15            10.118
                         ON NODE            16            10.118
                         ON NODE            17            10.118
                         ON NODE            18            10.118
                         ON NODE            19            10.118
                         ON NODE            20            10.115
                         ON NODE            21            10.117
                         ON NODE            22            10.117
                         ON NODE            23            10.117
                         ON NODE            24            10.111
                         ON NODE            25            10.116
                         ON NODE            26            10.116
                         ON NODE            27            10.116
                         ON NODE            28            10.112
                         ON NODE            29            10.117
                         ON NODE            30            10.117
                         ON NODE            31            10.116
                         ON NODE            32            10.117
                         ON NODE            33            10.117
                         ON NODE            34            10.118
                         ON NODE            35            10.118
                         ON NODE            36            10.118
                         ON NODE            37            10.118
                         ON NODE            38            10.117
                         ON NODE            39            10.117
           AVERAGE PER PROCESSOR                          10.116
 MPI PSO-SOC                                 1             8.239        11.3 %
                         ON NODE             1             8.249
                         ON NODE             2             8.249
                         ON NODE             3             8.248
                         ON NODE             4             8.248
                         ON NODE             5             8.249
                         ON NODE             6             8.248
                         ON NODE             7             8.249
                         ON NODE             8             8.248
                         ON NODE             9             8.248
                         ON NODE            10             8.248
                         ON NODE            11             8.250
                         ON NODE            12             8.250
                         ON NODE            13             8.250
                         ON NODE            14             8.250
                         ON NODE            15             8.250
                         ON NODE            16             8.250
                         ON NODE            17             8.250
                         ON NODE            18             8.249
                         ON NODE            19             8.249
                         ON NODE            20             8.247
                         ON NODE            21             8.249
                         ON NODE            22             8.249
                         ON NODE            23             8.249
                         ON NODE            24             8.245
                         ON NODE            25             8.249
                         ON NODE            26             8.249
                         ON NODE            27             8.249
                         ON NODE            28             8.245
                         ON NODE            29             8.249
                         ON NODE            30             8.250
                         ON NODE            31             8.249
                         ON NODE            32             8.249
                         ON NODE            33             8.249
                         ON NODE            34             8.250
                         ON NODE            35             8.250
                         ON NODE            36             8.250
                         ON NODE            37             8.250
                         ON NODE            38             8.249
                         ON NODE            39             8.249
           AVERAGE PER PROCESSOR                           8.249

 FINAL TIMING           DATE: WED DEC 08 20:11:34 2021  TOTAL TIME:      73.056
